00000000 00000001 0001 80002560  x3=80003560                             # auipc   gp, 0x1
00000000 00000002 0001 80002564  x3:80003560 x3=800033f0                 # addi    gp, gp, -368
00000000 00000003 0001 80002568  x1=80002568                             # auipc   ra, 0x0
00000000 00000004 0001 8000256c  x1:80002568 x1=80002570                 # jalr    ra, ra, 964
00000000 00000005 0001 8000292c  x11:01000000 x14=01000000               # mv      a4, a1
00000000 00000001 0005 80002560  x3=80003560                             # auipc   gp, 0x1
00000000 00000001 0003 80002560  x3=80003560                             # auipc   gp, 0x1
00000000 00000001 0004 80002560  x3=80003560                             # auipc   gp, 0x1
00000000 00000006 0001 80002930  x14:01000000 RA:01000004 x11=00000009   # lw      a1, 4(a4)
00000000 00000007 0001 80002934  x14:01000000 RA:01000008 x5=00000000    # lw      t0, 8(a4)
00000000 00000002 0005 80002564  x3:80003560 x3=800033f0                 # addi    gp, gp, -368
00000000 00000001 0002 80002560  x3=80003560                             # auipc   gp, 0x1
00000000 00000001 0000 80002560  x3=80003560                             # auipc   gp, 0x1
00000000 00000002 0000 80002564  x3:80003560 x3=800033f0                 # addi    gp, gp, -368
00000000 00000003 0000 80002568  x1=80002568                             # auipc   ra, 0x0
00000000 00000004 0000 8000256c  x1:80002568 x1=80002570                 # jalr    ra, ra, 964
00000000 00000005 0000 8000292c  x11:01000000 x14=01000000               # mv      a4, a1
00000000 00000006 0000 80002930  x14:01000000 RA:01000004 x11=00000009   # lw      a1, 4(a4)
00000000 00000007 0000 80002934  x14:01000000 RA:01000008 x5=00000000    # lw      t0, 8(a4)
00000000 00000008 0000 80002938  x14:01000000 RA:0100000c x12=00100000   # lw      a2, 12(a4)
00000000 00000001 0006 80002560  x3=80003560                             # auipc   gp, 0x1
00000000 00000001 0008 80002560  x3=80003560                             # auipc   gp, 0x1
00000000 00000002 0004 80002564  x3:80003560 x3=800033f0                 # addi    gp, gp, -368
00000000 00000008 0001 80002938  x14:01000000 RA:0100000c x12=00100000   # lw      a2, 12(a4)
00000000 00000009 0001 8000293c  x14:01000000 RA:01000010 x6=00020000    # lw      t1, 16(a4)
00000000 00000002 0002 80002564  x3:80003560 x3=800033f0                 # addi    gp, gp, -368
00000000 00000003 0002 80002568  x1=80002568                             # auipc   ra, 0x0
00000000 00000004 0002 8000256c  x1:80002568 x1=80002570                 # jalr    ra, ra, 964
00000000 00000005 0002 8000292c  x11:01000000 x14=01000000               # mv      a4, a1
00000000 00000006 0002 80002930  x14:01000000 RA:01000004 x11=00000009   # lw      a1, 4(a4)
00000000 00000007 0002 80002934  x14:01000000 RA:01000008 x5=00000000    # lw      t0, 8(a4)
00000000 00000008 0002 80002938  x14:01000000 RA:0100000c x12=00100000   # lw      a2, 12(a4)
00000000 00000009 0002 8000293c  x14:01000000 RA:01000010 x6=00020000    # lw      t1, 16(a4)
00000000 00000010 0002 80002940  x14:01000000 RA:01000014 x7=00000000    # lw      t2, 20(a4)
00000000 00000011 0002 80002944  x10:00000002 x5:00000000 x10=00000002   # sub     a0, a0, t0
00000000 00000012 0002 80002948  x10:00000002 x11:00000009 x28=00000000  # div     t3, a0, a1
00000000 00000009 0000 8000293c  x14:01000000 RA:01000010 x6=00020000    # lw      t1, 16(a4)
00000000 00000002 0006 80002564  x3:80003560 x3=800033f0                 # addi    gp, gp, -368
00000000 00000002 0008 80002564  x3:80003560 x3=800033f0                 # addi    gp, gp, -368
00000000 00000003 0008 80002568  x1=80002568                             # auipc   ra, 0x0
00000000 00000004 0008 8000256c  x1:80002568 x1=80002570                 # jalr    ra, ra, 964
00000000 00000002 0003 80002564  x3:80003560 x3=800033f0                 # addi    gp, gp, -368
00000000 00000005 0008 8000292c  x11:01000000 x14=01000000               # mv      a4, a1
00000000 00000003 0003 80002568  x1=80002568                             # auipc   ra, 0x0
00000000 00000003 0005 80002568  x1=80002568                             # auipc   ra, 0x0
00000000 00000013 0002 8000294c  x28:00000000 x7:00000000 x29=00000000   # mul     t4, t3, t2
00000000 00000010 0000 80002940  x14:01000000 RA:01000014 x7=00000000    # lw      t2, 20(a4)
00000000 00000003 0006 80002568  x1=80002568                             # auipc   ra, 0x0
00000000 00000004 0006 8000256c  x1:80002568 x1=80002570                 # jalr    ra, ra, 964
00000000 00000003 0004 80002568  x1=80002568                             # auipc   ra, 0x0
00000000 00000005 0006 8000292c  x11:01000000 x14=01000000               # mv      a4, a1
00000000 00000006 0008 80002930  x14:01000000 RA:01000004 x11=00000009   # lw      a1, 4(a4)
00000000 00000006 0006 80002930  x14:01000000 RA:01000004 x11=00000009   # lw      a1, 4(a4)
00000000 00000007 0008 80002934  x14:01000000 RA:01000008 x5=00000000    # lw      t0, 8(a4)
00000000 00000010 0001 80002940  x14:01000000 RA:01000014 x7=00000000    # lw      t2, 20(a4)
00000000 00000004 0005 8000256c  x1:80002568 x1=80002570                 # jalr    ra, ra, 964
00000000 00000014 0002 80002950  x12:00100000 x29:00000000 x12=00100000  # add     a2, a2, t4
00000000 00000005 0005 8000292c  x11:01000000 x14=01000000               # mv      a4, a1
00000000 00000011 0000 80002944  x10:00000000 x5:00000000 x10=00000000   # sub     a0, a0, t0
00000000 00000006 0005 80002930  x14:01000000 RA:01000004 x11=00000009   # lw      a1, 4(a4)
00000000 00000012 0000 80002948  x10:00000000 x11:00000009 x28=00000000  # div     t3, a0, a1
00000000 00000007 0005 80002934  x14:01000000 RA:01000008 x5=00000000    # lw      t0, 8(a4)
00000000 00000013 0000 8000294c  x28:00000000 x7:00000000 x29=00000000   # mul     t4, t3, t2
00000000 00000008 0005 80002938  x14:01000000 RA:0100000c x12=00100000   # lw      a2, 12(a4)
00000000 00000008 0008 80002938  x14:01000000 RA:0100000c x12=00100000   # lw      a2, 12(a4)
00000000 00000011 0001 80002944  x10:00000001 x5:00000000 x10=00000001   # sub     a0, a0, t0
00000000 00000015 0002 80002954  x12:00100000 x6:00020000 x13=00120000   # add     a3, a2, t1
00000000 00000001 0007 80002560  x3=80003560                             # auipc   gp, 0x1
00000000 00000004 0004 8000256c  x1:80002568 x1=80002570                 # jalr    ra, ra, 964
00000000 00000004 0003 8000256c  x1:80002568 x1=80002570                 # jalr    ra, ra, 964
00000000 00000005 0004 8000292c  x11:01000000 x14=01000000               # mv      a4, a1
00000000 00000007 0006 80002934  x14:01000000 RA:01000008 x5=00000000    # lw      t0, 8(a4)
00000000 00000005 0003 8000292c  x11:01000000 x14=01000000               # mv      a4, a1
00000000 00000014 0000 80002950  x12:00100000 x29:00000000 x12=00100000  # add     a2, a2, t4
00000000 00000006 0003 80002930  x14:01000000 RA:01000004 x11=00000009   # lw      a1, 4(a4)
00000000 00000009 0008 8000293c  x14:01000000 RA:01000010 x6=00020000    # lw      t1, 16(a4)
00000000 00000012 0001 80002948  x10:00000001 x11:00000009 x28=00000000  # div     t3, a0, a1
00000000 00000016 0002 80002958  x10:00000002 x11:00000009 x10=00000002  # remu    a0, a0, a1
00000000 00000002 0007 80002564  x3:80003560 x3=800033f0                 # addi    gp, gp, -368
00000000 00000006 0004 80002930  x14:01000000 RA:01000004 x11=00000009   # lw      a1, 4(a4)
00000000 00000008 0006 80002938  x14:01000000 RA:0100000c x12=00100000   # lw      a2, 12(a4)
00000000 00000009 0005 8000293c  x14:01000000 RA:01000010 x6=00020000    # lw      t1, 16(a4)
00000000 00000015 0000 80002954  x12:00100000 x6:00020000 x13=00120000   # add     a3, a2, t1
00000000 00000007 0003 80002934  x14:01000000 RA:01000008 x5=00000000    # lw      t0, 8(a4)
00000000 00000010 0008 80002940  x14:01000000 RA:01000014 x7=00000000    # lw      t2, 20(a4)
00000000 00000013 0001 8000294c  x28:00000000 x7:00000000 x29=00000000   # mul     t4, t3, t2
00000000 00000017 0002 8000295c  x1:80002570                             # ret
00000000 00000003 0007 80002568  x1=80002568                             # auipc   ra, 0x0
00000000 00000007 0004 80002934  x14:01000000 RA:01000008 x5=00000000    # lw      t0, 8(a4)
00000000 00000009 0006 8000293c  x14:01000000 RA:01000010 x6=00020000    # lw      t1, 16(a4)
00000000 00000010 0005 80002940  x14:01000000 RA:01000014 x7=00000000    # lw      t2, 20(a4)
00000000 00000016 0000 80002958  x10:00000000 x11:00000009 x10=00000000  # remu    a0, a0, a1
00000000 00000008 0003 80002938  x14:01000000 RA:0100000c x12=00100000   # lw      a2, 12(a4)
00000000 00000011 0008 80002944  x10:00000008 x5:00000000 x10=00000008   # sub     a0, a0, t0
00000000 00000014 0001 80002950  x12:00100000 x29:00000000 x12=00100000  # add     a2, a2, t4
00000000 00000018 0002 80002570  x10:00000002 x8=00000002                # mv      s0, a0
00000000 00000004 0007 8000256c  x1:80002568 x1=80002570                 # jalr    ra, ra, 964
00000000 00000008 0004 80002938  x14:01000000 RA:0100000c x12=00100000   # lw      a2, 12(a4)
00000000 00000005 0007 8000292c  x11:01000000 x14=01000000               # mv      a4, a1
00000000 00000009 0004 8000293c  x14:01000000 RA:01000010 x6=00020000    # lw      t1, 16(a4)
00000000 00000006 0007 80002930  x14:01000000 RA:01000004 x11=00000009   # lw      a1, 4(a4)
00000000 00000010 0004 80002940  x14:01000000 RA:01000014 x7=00000000    # lw      t2, 20(a4)
00000000 00000009 0003 8000293c  x14:01000000 RA:01000010 x6=00020000    # lw      t1, 16(a4)
00000000 00000015 0001 80002954  x12:00100000 x6:00020000 x13=00120000   # add     a3, a2, t1
00000000 00000019 0002 80002574  x14:01000000 x10=01000000               # mv      a0, a4
00000000 00000010 0006 80002940  x14:01000000 RA:01000014 x7=00000000    # lw      t2, 20(a4)
00000000 00000011 0005 80002944  x10:00000005 x5:00000000 x10=00000005   # sub     a0, a0, t0
00000000 00000017 0000 8000295c  x1:80002570                             # ret
00000000 00000007 0007 80002934  x14:01000000 RA:01000008 x5=00000000    # lw      t0, 8(a4)
00000000 00000012 0008 80002948  x10:00000008 x11:00000009 x28=00000000  # div     t3, a0, a1
00000000 00000011 0004 80002944  x10:00000004 x5:00000000 x10=00000004   # sub     a0, a0, t0
00000000 00000010 0003 80002940  x14:01000000 RA:01000014 x7=00000000    # lw      t2, 20(a4)
00000000 00000016 0001 80002958  x10:00000001 x11:00000009 x10=00000001  # remu    a0, a0, a1
00000000 00000020 0002 80002578  x1=80002578                             # auipc   ra, 0x0
00000000 00000011 0006 80002944  x10:00000006 x5:00000000 x10=00000006   # sub     a0, a0, t0
00000000 00000012 0005 80002948  x10:00000005 x11:00000009 x28=00000000  # div     t3, a0, a1
00000000 00000018 0000 80002570  x10:00000000 x8=00000000                # mv      s0, a0
00000000 00000008 0007 80002938  x14:01000000 RA:0100000c x12=00100000   # lw      a2, 12(a4)
00000000 00000013 0008 8000294c  x28:00000000 x7:00000000 x29=00000000   # mul     t4, t3, t2
00000000 00000012 0004 80002948  x10:00000004 x11:00000009 x28=00000000  # div     t3, a0, a1
00000000 00000011 0003 80002944  x10:00000003 x5:00000000 x10=00000003   # sub     a0, a0, t0
00000000 00000017 0001 8000295c  x1:80002570                             # ret
00000000 00000021 0002 8000257c  x1:80002578 x1=80002580                 # jalr    ra, ra, 1036
00000000 00000012 0006 80002948  x10:00000006 x11:00000009 x28=00000000  # div     t3, a0, a1
00000000 00000013 0006 8000294c  x28:00000000 x7:00000000 x29=00000000   # mul     t4, t3, t2
00000000 00000014 0006 80002950  x12:00100000 x29:00000000 x12=00100000  # add     a2, a2, t4
00000000 00000015 0006 80002954  x12:00100000 x6:00020000 x13=00120000   # add     a3, a2, t1
00000000 00000016 0006 80002958  x10:00000006 x11:00000009 x10=00000006  # remu    a0, a0, a1
00000000 00000013 0004 8000294c  x28:00000000 x7:00000000 x29=00000000   # mul     t4, t3, t2
00000000 00000012 0003 80002948  x10:00000003 x11:00000009 x28=00000000  # div     t3, a0, a1
00000000 00000018 0001 80002570  x10:00000001 x8=00000001                # mv      s0, a0
00000000 00000022 0002 80002984  x10:01000000 RA:01000008 x10=00000000   # lw      a0, 8(a0)
00000000 00000013 0005 8000294c  x28:00000000 x7:00000000 x29=00000000   # mul     t4, t3, t2
00000000 00000019 0000 80002574  x14:01000000 x10=01000000               # mv      a0, a4
00000000 00000009 0007 8000293c  x14:01000000 RA:01000010 x6=00020000    # lw      t1, 16(a4)
00000000 00000014 0008 80002950  x12:00100000 x29:00000000 x12=00100000  # add     a2, a2, t4
00000000 00000017 0006 8000295c  x1:80002570                             # ret
00000000 00000014 0004 80002950  x12:00100000 x29:00000000 x12=00100000  # add     a2, a2, t4
00000000 00000013 0003 8000294c  x28:00000000 x7:00000000 x29=00000000   # mul     t4, t3, t2
00000000 00000019 0001 80002574  x14:01000000 x10=01000000               # mv      a0, a4
00000000 00000023 0002 80002988  x1:80002580                             # ret
00000000 00000014 0005 80002950  x12:00100000 x29:00000000 x12=00100000  # add     a2, a2, t4
00000000 00000020 0000 80002578  x1=80002578                             # auipc   ra, 0x0
00000000 00000010 0007 80002940  x14:01000000 RA:01000014 x7=00000000    # lw      t2, 20(a4)
00000000 00000015 0008 80002954  x12:00100000 x6:00020000 x13=00120000   # add     a3, a2, t1
00000000 00000018 0006 80002570  x10:00000006 x8=00000006                # mv      s0, a0
00000000 00000015 0004 80002954  x12:00100000 x6:00020000 x13=00120000   # add     a3, a2, t1
00000000 00000014 0003 80002950  x12:00100000 x29:00000000 x12=00100000  # add     a2, a2, t4
00000000 00000020 0001 80002578  x1=80002578                             # auipc   ra, 0x0
00000000 00000024 0002 80002580  x10:00000000 x5=00000000                # mv      t0, a0
00000000 00000025 0002 80002584  x8:00000002 x10=00000002                # mv      a0, s0
00000000 00000026 0002 80002588  x6=00000002                             # csrr    t1, mhartid
00000000 00000011 0007 80002944  x10:00000007 x5:00000000 x10=00000007   # sub     a0, a0, t0
00000000 00000016 0008 80002958  x10:00000008 x11:00000009 x10=00000008  # remu    a0, a0, a1
00000000 00000019 0006 80002574  x14:01000000 x10=01000000               # mv      a0, a4
00000000 00000016 0004 80002958  x10:00000004 x11:00000009 x10=00000004  # remu    a0, a0, a1
00000000 00000017 0004 8000295c  x1:80002570                             # ret
00000000 00000018 0004 80002570  x10:00000004 x8=00000004                # mv      s0, a0
00000000 00000019 0004 80002574  x14:01000000 x10=01000000               # mv      a0, a4
00000000 00000020 0004 80002578  x1=80002578                             # auipc   ra, 0x0
00000000 00000021 0004 8000257c  x1:80002578 x1=80002580                 # jalr    ra, ra, 1036
00000000 00000012 0007 80002948  x10:00000007 x11:00000009 x28=00000000  # div     t3, a0, a1
00000000 00000017 0008 8000295c  x1:80002570                             # ret
00000000 00000020 0006 80002578  x1=80002578                             # auipc   ra, 0x0
00000000 00000015 0003 80002954  x12:00100000 x6:00020000 x13=00120000   # add     a3, a2, t1
00000000 00000021 0001 8000257c  x1:80002578 x1=80002580                 # jalr    ra, ra, 1036
00000000 00000015 0005 80002954  x12:00100000 x6:00020000 x13=00120000   # add     a3, a2, t1
00000000 00000021 0000 8000257c  x1:80002578 x1=80002580                 # jalr    ra, ra, 1036
00000000 00000027 0002 8000258c  x6:00000002 x5:00000000 x5=00000002     # sub     t0, t1, t0
00000000 00000022 0004 80002984  x10:01000000 RA:01000008 x10=00000000   # lw      a0, 8(a0)
00000000 00000023 0004 80002988  x1:80002580                             # ret
00000000 00000024 0004 80002580  x10:00000000 x5=00000000                # mv      t0, a0
00000000 00000021 0006 8000257c  x1:80002578 x1=80002580                 # jalr    ra, ra, 1036
00000000 00000016 0003 80002958  x10:00000003 x11:00000009 x10=00000003  # remu    a0, a0, a1
00000000 00000022 0001 80002984  x10:01000000 RA:01000008 x10=00000000   # lw      a0, 8(a0)
00000000 00000016 0005 80002958  x10:00000005 x11:00000009 x10=00000005  # remu    a0, a0, a1
00000000 00000022 0000 80002984  x10:01000000 RA:01000008 x10=00000000   # lw      a0, 8(a0)
00000000 00000028 0002 80002590  x5:00000002                             # bnez    t0, pc + 36
00000000 00000029 0002 800025b4  x5=40801129                             # csrr    t0, misa
00000000 00000018 0008 80002570  x10:00000008 x8=00000008                # mv      s0, a0
00000000 00000025 0004 80002584  x8:00000004 x10=00000004                # mv      a0, s0
00000000 00000022 0006 80002984  x10:01000000 RA:01000008 x10=00000000   # lw      a0, 8(a0)
00000000 00000023 0006 80002988  x1:80002580                             # ret
00000000 00000024 0006 80002580  x10:00000000 x5=00000000                # mv      t0, a0
00000000 00000025 0006 80002584  x8:00000006 x10=00000006                # mv      a0, s0
00000000 00000026 0006 80002588  x6=00000006                             # csrr    t1, mhartid
00000000 00000013 0007 8000294c  x28:00000000 x7:00000000 x29=00000000   # mul     t4, t3, t2
00000000 00000030 0002 800025b8  x5:40801129 x5=00000028                 # andi    t0, t0, 40
00000000 00000019 0008 80002574  x14:01000000 x10=01000000               # mv      a0, a4
00000000 00000026 0004 80002588  x6=00000004                             # csrr    t1, mhartid
00000000 00000017 0003 8000295c  x1:80002570                             # ret
00000000 00000023 0001 80002988  x1:80002580                             # ret
00000000 00000017 0005 8000295c  x1:80002570                             # ret
00000000 00000023 0000 80002988  x1:80002580                             # ret
00000000 00000027 0006 8000258c  x6:00000006 x5:00000000 x5=00000006     # sub     t0, t1, t0
00000000 00000028 0006 80002590  x5:00000006                             # bnez    t0, pc + 36
00000000 00000029 0006 800025b4  x5=40801129                             # csrr    t0, misa
00000000 00000030 0006 800025b8  x5:40801129 x5=00000028                 # andi    t0, t0, 40
00000000 00000027 0004 8000258c  x6:00000004 x5:00000000 x5=00000004     # sub     t0, t1, t0
00000000 00000018 0003 80002570  x10:00000003 x8=00000003                # mv      s0, a0
00000000 00000024 0001 80002580  x10:00000000 x5=00000000                # mv      t0, a0
00000000 00000018 0005 80002570  x10:00000005 x8=00000005                # mv      s0, a0
00000000 00000024 0000 80002580  x10:00000000 x5=00000000                # mv      t0, a0
00000000 00000025 0000 80002584  x8:00000000 x10=00000000                # mv      a0, s0
00000000 00000031 0002 800025bc  x5:00000028                             # beqz    t0, pc + 132
00000000 00000020 0008 80002578  x1=80002578                             # auipc   ra, 0x0
00000000 00000031 0006 800025bc  x5:00000028                             # beqz    t0, pc + 132
00000000 00000028 0004 80002590  x5:00000004                             # bnez    t0, pc + 36
00000000 00000019 0003 80002574  x14:01000000 x10=01000000               # mv      a0, a4
00000000 00000025 0001 80002584  x8:00000001 x10=00000001                # mv      a0, s0
00000000 00000019 0005 80002574  x14:01000000 x10=01000000               # mv      a0, a4
00000000 00000014 0007 80002950  x12:00100000 x29:00000000 x12=00100000  # add     a2, a2, t4
00000000 00000026 0000 80002588  x6=00000000                             # csrr    t1, mhartid
00000000 00000032 0002 800025c0  f00=        0.000000                    # fcvt.d.w ft0, zero
00000000 00000021 0008 8000257c  x1:80002578 x1=80002580                 # jalr    ra, ra, 1036
00000000 00000032 0006 800025c0  f00=        0.000000                    # fcvt.d.w ft0, zero
00000000 00000029 0004 800025b4  x5=40801129                             # csrr    t0, misa
00000000 00000020 0003 80002578  x1=80002578                             # auipc   ra, 0x0
00000000 00000026 0001 80002588  x6=00000001                             # csrr    t1, mhartid
00000000 00000020 0005 80002578  x1=80002578                             # auipc   ra, 0x0
00000000 00000015 0007 80002954  x12:00100000 x6:00020000 x13=00120000   # add     a3, a2, t1
00000000 00000027 0000 8000258c  x6:00000000 x5:00000000 x5=00000000     # sub     t0, t1, t0
00000000 00000033 0002 800025c4  f01=        0.000000                    # fcvt.d.w ft1, zero
00000000 00000022 0008 80002984  x10:01000000 RA:01000008 x10=00000000   # lw      a0, 8(a0)
00000000 00000033 0006 800025c4  f01=        0.000000                    # fcvt.d.w ft1, zero
00000000 00000030 0004 800025b8  x5:40801129 x5=00000028                 # andi    t0, t0, 40
00000000 00000021 0003 8000257c  x1:80002578 x1=80002580                 # jalr    ra, ra, 1036
00000000 00000027 0001 8000258c  x6:00000001 x5:00000000 x5=00000001     # sub     t0, t1, t0
00000000 00000021 0005 8000257c  x1:80002578 x1=80002580                 # jalr    ra, ra, 1036
00000000 00000016 0007 80002958  x10:00000007 x11:00000009 x10=00000007  # remu    a0, a0, a1
00000000 00000028 0000 80002590  x5:00000000                             # bnez    t0, pc + 36
00000000 00000034 0002 800025c8  f02=        0.000000                    # fcvt.d.w ft2, zero
00000000 00000023 0008 80002988  x1:80002580                             # ret
00000000 00000034 0006 800025c8  f02=        0.000000                    # fcvt.d.w ft2, zero
00000000 00000031 0004 800025bc  x5:00000028                             # beqz    t0, pc + 132
00000000 00000022 0003 80002984  x10:01000000 RA:01000008 x10=00000000   # lw      a0, 8(a0)
00000000 00000028 0001 80002590  x5:00000001                             # bnez    t0, pc + 36
00000000 00000022 0005 80002984  x10:01000000 RA:01000008 x10=00000000   # lw      a0, 8(a0)
00000000 00000017 0007 8000295c  x1:80002570                             # ret
00000000 00000029 0000 80002594  x5=80002594                             # auipc   t0, 0x0
00000000 00000035 0002 800025cc  f03=        0.000000                    # fcvt.d.w ft3, zero
00000000 00000024 0008 80002580  x10:00000000 x5=00000000                # mv      t0, a0
00000000 00000035 0006 800025cc  f03=        0.000000                    # fcvt.d.w ft3, zero
00000000 00000032 0004 800025c0  f00=        0.000000                    # fcvt.d.w ft0, zero
00000000 00000023 0003 80002988  x1:80002580                             # ret
00000000 00000029 0001 800025b4  x5=40801129                             # csrr    t0, misa
00000000 00000023 0005 80002988  x1:80002580                             # ret
00000000 00000018 0007 80002570  x10:00000007 x8=00000007                # mv      s0, a0
00000000 00000030 0000 80002598  x5:80002594 x5=80002ce0                 # addi    t0, t0, 1868
00000000 00000036 0002 800025d0  f04=        0.000000                    # fcvt.d.w ft4, zero
00000000 00000025 0008 80002584  x8:00000008 x10=00000008                # mv      a0, s0
00000000 00000026 0008 80002588  x6=00000008                             # csrr    t1, mhartid
00000000 00000033 0004 800025c4  f01=        0.000000                    # fcvt.d.w ft1, zero
00000000 00000024 0003 80002580  x10:00000000 x5=00000000                # mv      t0, a0
00000000 00000030 0001 800025b8  x5:40801129 x5=00000028                 # andi    t0, t0, 40
00000000 00000024 0005 80002580  x10:00000000 x5=00000000                # mv      t0, a0
00000000 00000019 0007 80002574  x14:01000000 x10=01000000               # mv      a0, a4
00000000 00000031 0000 8000259c  x6=8000259c                             # auipc   t1, 0x0
00000000 00000037 0002 800025d4  f05=        0.000000                    # fcvt.d.w ft5, zero
00000000 00000036 0006 800025d0  f04=        0.000000                    # fcvt.d.w ft4, zero
00000000 00000027 0008 8000258c  x6:00000008 x5:00000000 x5=00000008     # sub     t0, t1, t0
00000000 00000034 0004 800025c8  f02=        0.000000                    # fcvt.d.w ft2, zero
00000000 00000025 0003 80002584  x8:00000003 x10=00000003                # mv      a0, s0
00000000 00000031 0001 800025bc  x5:00000028                             # beqz    t0, pc + 132
00000000 00000032 0001 800025c0  f00=        0.000000                    # fcvt.d.w ft0, zero
00000000 00000033 0001 800025c4  f01=        0.000000                    # fcvt.d.w ft1, zero
00000000 00000034 0001 800025c8  f02=        0.000000                    # fcvt.d.w ft2, zero
00000000 00000035 0001 800025cc  f03=        0.000000                    # fcvt.d.w ft3, zero
00000000 00000036 0001 800025d0  f04=        0.000000                    # fcvt.d.w ft4, zero
00000000 00000037 0001 800025d4  f05=        0.000000                    # fcvt.d.w ft5, zero
00000000 00000038 0001 800025d8  f06=        0.000000                    # fcvt.d.w ft6, zero
00000000 00000026 0003 80002588  x6=00000003                             # csrr    t1, mhartid
00000000 00000027 0003 8000258c  x6:00000003 x5:00000000 x5=00000003     # sub     t0, t1, t0
00000000 00000028 0003 80002590  x5:00000003                             # bnez    t0, pc + 36
00000000 00000029 0003 800025b4  x5=40801129                             # csrr    t0, misa
00000000 00000030 0003 800025b8  x5:40801129 x5=00000028                 # andi    t0, t0, 40
00000000 00000031 0003 800025bc  x5:00000028                             # beqz    t0, pc + 132
00000000 00000032 0003 800025c0  f00=        0.000000                    # fcvt.d.w ft0, zero
00000000 00000033 0003 800025c4  f01=        0.000000                    # fcvt.d.w ft1, zero
00000000 00000034 0003 800025c8  f02=        0.000000                    # fcvt.d.w ft2, zero
00000000 00000035 0003 800025cc  f03=        0.000000                    # fcvt.d.w ft3, zero
00000000 00000036 0003 800025d0  f04=        0.000000                    # fcvt.d.w ft4, zero
00000000 00000037 0003 800025d4  f05=        0.000000                    # fcvt.d.w ft5, zero
00000000 00000038 0003 800025d8  f06=        0.000000                    # fcvt.d.w ft6, zero
00000000 00000039 0003 800025dc  f07=        0.000000                    # fcvt.d.w ft7, zero
00000000 00000040 0003 800025e0  f08=        0.000000                    # fcvt.d.w fs0, zero
00000000 00000041 0003 800025e4  f09=        0.000000                    # fcvt.d.w fs1, zero
00000000 00000039 0001 800025dc  f07=        0.000000                    # fcvt.d.w ft7, zero
00000000 00000040 0001 800025e0  f08=        0.000000                    # fcvt.d.w fs0, zero
00000000 00000041 0001 800025e4  f09=        0.000000                    # fcvt.d.w fs1, zero
00000000 00000042 0001 800025e8  f10=        0.000000                    # fcvt.d.w fa0, zero
00000000 00000043 0001 800025ec  f11=        0.000000                    # fcvt.d.w fa1, zero
00000000 00000037 0006 800025d4  f05=        0.000000                    # fcvt.d.w ft5, zero
00000000 00000028 0008 80002590  x5:00000008                             # bnez    t0, pc + 36
00000000 00000035 0004 800025cc  f03=        0.000000                    # fcvt.d.w ft3, zero
00000000 00000042 0003 800025e8  f10=        0.000000                    # fcvt.d.w fa0, zero
00000000 00000025 0005 80002584  x8:00000005 x10=00000005                # mv      a0, s0
00000000 00000020 0007 80002578  x1=80002578                             # auipc   ra, 0x0
00000000 00000032 0000 800025a0  x6:8000259c x6=80002ce4                 # addi    t1, t1, 1864
00000000 00000033 0000 800025a4  x5:80002ce0 x6:80002ce4                 # bge     t0, t1, pc + 16
00000000 00000044 0001 800025f0  f12=        0.000000                    # fcvt.d.w fa2, zero
00000000 00000038 0006 800025d8  f06=        0.000000                    # fcvt.d.w ft6, zero
00000000 00000029 0008 800025b4  x5=40801129                             # csrr    t0, misa
00000000 00000036 0004 800025d0  f04=        0.000000                    # fcvt.d.w ft4, zero
00000000 00000037 0004 800025d4  f05=        0.000000                    # fcvt.d.w ft5, zero
00000000 00000043 0003 800025ec  f11=        0.000000                    # fcvt.d.w fa1, zero
00000000 00000026 0005 80002588  x6=00000005                             # csrr    t1, mhartid
00000000 00000044 0003 800025f0  f12=        0.000000                    # fcvt.d.w fa2, zero
00000000 00000021 0007 8000257c  x1:80002578 x1=80002580                 # jalr    ra, ra, 1036
00000000 00000038 0002 800025d8  f06=        0.000000                    # fcvt.d.w ft6, zero
00000000 00000034 0000 800025a8  x5:80002ce0 WA:80002ce0                 # sw      zero, 0(t0)
00000000 00000045 0001 800025f4  f13=        0.000000                    # fcvt.d.w fa3, zero
00000000 00000046 0001 800025f8  f14=        0.000000                    # fcvt.d.w fa4, zero
00000000 00000039 0006 800025dc  f07=        0.000000                    # fcvt.d.w ft7, zero
00000000 00000038 0004 800025d8  f06=        0.000000                    # fcvt.d.w ft6, zero
00000000 00000027 0005 8000258c  x6:00000005 x5:00000000 x5=00000005     # sub     t0, t1, t0
00000000 00000028 0005 80002590  x5:00000005                             # bnez    t0, pc + 36
00000000 00000045 0003 800025f4  f13=        0.000000                    # fcvt.d.w fa3, zero
00000000 00000039 0002 800025dc  f07=        0.000000                    # fcvt.d.w ft7, zero
00000000 00000035 0000 800025ac  x5:80002ce0 x5=80002ce4                 # addi    t0, t0, 4
00000000 00000047 0001 800025fc  f15=        0.000000                    # fcvt.d.w fa5, zero
00000000 00000030 0008 800025b8  x5:40801129 x5=00000028                 # andi    t0, t0, 40
00000000 00000040 0006 800025e0  f08=        0.000000                    # fcvt.d.w fs0, zero
00000000 00000039 0004 800025dc  f07=        0.000000                    # fcvt.d.w ft7, zero
00000000 00000029 0005 800025b4  x5=40801129                             # csrr    t0, misa
00000000 00000022 0007 80002984  x10:01000000 RA:01000008 x10=00000000   # lw      a0, 8(a0)
00000000 00000046 0003 800025f8  f14=        0.000000                    # fcvt.d.w fa4, zero
00000000 00000047 0003 800025fc  f15=        0.000000                    # fcvt.d.w fa5, zero
00000000 00000040 0002 800025e0  f08=        0.000000                    # fcvt.d.w fs0, zero
00000000 00000036 0000 800025b0  x5:80002ce4 x6:80002ce4                 # blt     t0, t1, pc - 8
00000000 00000037 0000 800025b4  x5=40801129                             # csrr    t0, misa
00000000 00000038 0000 800025b8  x5:40801129 x5=00000028                 # andi    t0, t0, 40
00000000 00000039 0000 800025bc  x5:00000028                             # beqz    t0, pc + 132
00000000 00000040 0000 800025c0  f00=        0.000000                    # fcvt.d.w ft0, zero
00000000 00000041 0000 800025c4  f01=        0.000000                    # fcvt.d.w ft1, zero
00000000 00000042 0000 800025c8  f02=        0.000000                    # fcvt.d.w ft2, zero
00000000 00000043 0000 800025cc  f03=        0.000000                    # fcvt.d.w ft3, zero
00000000 00000041 0002 800025e4  f09=        0.000000                    # fcvt.d.w fs1, zero
00000000 00000042 0002 800025e8  f10=        0.000000                    # fcvt.d.w fa0, zero
00000000 00000043 0002 800025ec  f11=        0.000000                    # fcvt.d.w fa1, zero
00000000 00000041 0006 800025e4  f09=        0.000000                    # fcvt.d.w fs1, zero
00000000 00000040 0004 800025e0  f08=        0.000000                    # fcvt.d.w fs0, zero
00000000 00000030 0005 800025b8  x5:40801129 x5=00000028                 # andi    t0, t0, 40
00000000 00000023 0007 80002988  x1:80002580                             # ret
00000000 00000048 0003 80002600  f16=        0.000000                    # fcvt.d.w fa6, zero
00000000 00000044 0000 800025d0  f04=        0.000000                    # fcvt.d.w ft4, zero
00000000 00000048 0001 80002600  f16=        0.000000                    # fcvt.d.w fa6, zero
00000000 00000031 0008 800025bc  x5:00000028                             # beqz    t0, pc + 132
00000000 00000044 0002 800025f0  f12=        0.000000                    # fcvt.d.w fa2, zero
00000000 00000042 0006 800025e8  f10=        0.000000                    # fcvt.d.w fa0, zero
00000000 00000041 0004 800025e4  f09=        0.000000                    # fcvt.d.w fs1, zero
00000000 00000031 0005 800025bc  x5:00000028                             # beqz    t0, pc + 132
00000000 00000024 0007 80002580  x10:00000000 x5=00000000                # mv      t0, a0
00000000 00000049 0003 80002604  f17=        0.000000                    # fcvt.d.w fa7, zero
00000000 00000045 0000 800025d4  f05=        0.000000                    # fcvt.d.w ft5, zero
00000000 00000049 0001 80002604  f17=        0.000000                    # fcvt.d.w fa7, zero
00000000 00000032 0008 800025c0  f00=        0.000000                    # fcvt.d.w ft0, zero
00000000 00000045 0002 800025f4  f13=        0.000000                    # fcvt.d.w fa3, zero
00000000 00000043 0006 800025ec  f11=        0.000000                    # fcvt.d.w fa1, zero
00000000 00000042 0004 800025e8  f10=        0.000000                    # fcvt.d.w fa0, zero
00000000 00000044 0006 800025f0  f12=        0.000000                    # fcvt.d.w fa2, zero
00000000 00000043 0004 800025ec  f11=        0.000000                    # fcvt.d.w fa1, zero
00000000 00000025 0007 80002584  x8:00000007 x10=00000007                # mv      a0, s0
00000000 00000044 0004 800025f0  f12=        0.000000                    # fcvt.d.w fa2, zero
00000000 00000026 0007 80002588  x6=00000007                             # csrr    t1, mhartid
00000000 00000050 0001 80002608  f18=        0.000000                    # fcvt.d.w fs2, zero
00000000 00000033 0008 800025c4  f01=        0.000000                    # fcvt.d.w ft1, zero
00000000 00000046 0002 800025f8  f14=        0.000000                    # fcvt.d.w fa4, zero
00000000 00000032 0005 800025c0  f00=        0.000000                    # fcvt.d.w ft0, zero
00000000 00000045 0006 800025f4  f13=        0.000000                    # fcvt.d.w fa3, zero
00000000 00000050 0003 80002608  f18=        0.000000                    # fcvt.d.w fs2, zero
00000000 00000045 0004 800025f4  f13=        0.000000                    # fcvt.d.w fa3, zero
00000000 00000046 0000 800025d8  f06=        0.000000                    # fcvt.d.w ft6, zero
00000000 00000047 0000 800025dc  f07=        0.000000                    # fcvt.d.w ft7, zero
00000000 00000048 0000 800025e0  f08=        0.000000                    # fcvt.d.w fs0, zero
00000000 00000049 0000 800025e4  f09=        0.000000                    # fcvt.d.w fs1, zero
00000000 00000047 0002 800025fc  f15=        0.000000                    # fcvt.d.w fa5, zero
00000000 00000033 0005 800025c4  f01=        0.000000                    # fcvt.d.w ft1, zero
00000000 00000046 0006 800025f8  f14=        0.000000                    # fcvt.d.w fa4, zero
00000000 00000051 0003 8000260c  f19=        0.000000                    # fcvt.d.w fs3, zero
00000000 00000046 0004 800025f8  f14=        0.000000                    # fcvt.d.w fa4, zero
00000000 00000047 0004 800025fc  f15=        0.000000                    # fcvt.d.w fa5, zero
00000000 00000048 0004 80002600  f16=        0.000000                    # fcvt.d.w fa6, zero
00000000 00000049 0004 80002604  f17=        0.000000                    # fcvt.d.w fa7, zero
00000000 00000050 0004 80002608  f18=        0.000000                    # fcvt.d.w fs2, zero
00000000 00000051 0004 8000260c  f19=        0.000000                    # fcvt.d.w fs3, zero
00000000 00000052 0004 80002610  f20=        0.000000                    # fcvt.d.w fs4, zero
00000000 00000047 0006 800025fc  f15=        0.000000                    # fcvt.d.w fa5, zero
00000000 00000052 0003 80002610  f20=        0.000000                    # fcvt.d.w fs4, zero
00000000 00000053 0003 80002614  f21=        0.000000                    # fcvt.d.w fs5, zero
00000000 00000051 0001 8000260c  f19=        0.000000                    # fcvt.d.w fs3, zero
00000000 00000034 0008 800025c8  f02=        0.000000                    # fcvt.d.w ft2, zero
00000000 00000050 0000 800025e8  f10=        0.000000                    # fcvt.d.w fa0, zero
00000000 00000048 0002 80002600  f16=        0.000000                    # fcvt.d.w fa6, zero
00000000 00000034 0005 800025c8  f02=        0.000000                    # fcvt.d.w ft2, zero
00000000 00000053 0004 80002614  f21=        0.000000                    # fcvt.d.w fs5, zero
00000000 00000048 0006 80002600  f16=        0.000000                    # fcvt.d.w fa6, zero
00000000 00000049 0006 80002604  f17=        0.000000                    # fcvt.d.w fa7, zero
00000000 00000050 0006 80002608  f18=        0.000000                    # fcvt.d.w fs2, zero
00000000 00000051 0006 8000260c  f19=        0.000000                    # fcvt.d.w fs3, zero
00000000 00000035 0008 800025cc  f03=        0.000000                    # fcvt.d.w ft3, zero
00000000 00000051 0000 800025ec  f11=        0.000000                    # fcvt.d.w fa1, zero
00000000 00000049 0002 80002604  f17=        0.000000                    # fcvt.d.w fa7, zero
00000000 00000052 0000 800025f0  f12=        0.000000                    # fcvt.d.w fa2, zero
00000000 00000035 0005 800025cc  f03=        0.000000                    # fcvt.d.w ft3, zero
00000000 00000054 0004 80002618  f22=        0.000000                    # fcvt.d.w fs6, zero
00000000 00000027 0007 8000258c  x6:00000007 x5:00000000 x5=00000007     # sub     t0, t1, t0
00000000 00000054 0003 80002618  f22=        0.000000                    # fcvt.d.w fs6, zero
00000000 00000052 0001 80002610  f20=        0.000000                    # fcvt.d.w fs4, zero
00000000 00000052 0006 80002610  f20=        0.000000                    # fcvt.d.w fs4, zero
00000000 00000036 0008 800025d0  f04=        0.000000                    # fcvt.d.w ft4, zero
00000000 00000050 0002 80002608  f18=        0.000000                    # fcvt.d.w fs2, zero
00000000 00000053 0000 800025f4  f13=        0.000000                    # fcvt.d.w fa3, zero
00000000 00000036 0005 800025d0  f04=        0.000000                    # fcvt.d.w ft4, zero
00000000 00000055 0004 8000261c  f23=        0.000000                    # fcvt.d.w fs7, zero
00000000 00000056 0004 80002620  f24=        0.000000                    # fcvt.d.w fs8, zero
00000000 00000057 0004 80002624  f25=        0.000000                    # fcvt.d.w fs9, zero
00000000 00000058 0004 80002628  f26=        0.000000                    # fcvt.d.w fs10, zero
00000000 00000053 0006 80002614  f21=        0.000000                    # fcvt.d.w fs5, zero
00000000 00000037 0008 800025d4  f05=        0.000000                    # fcvt.d.w ft5, zero
00000000 00000051 0002 8000260c  f19=        0.000000                    # fcvt.d.w fs3, zero
00000000 00000054 0000 800025f8  f14=        0.000000                    # fcvt.d.w fa4, zero
00000000 00000037 0005 800025d4  f05=        0.000000                    # fcvt.d.w ft5, zero
00000000 00000038 0005 800025d8  f06=        0.000000                    # fcvt.d.w ft6, zero
00000000 00000039 0005 800025dc  f07=        0.000000                    # fcvt.d.w ft7, zero
00000000 00000040 0005 800025e0  f08=        0.000000                    # fcvt.d.w fs0, zero
00000000 00000059 0004 8000262c  f27=        0.000000                    # fcvt.d.w fs11, zero
00000000 00000054 0006 80002618  f22=        0.000000                    # fcvt.d.w fs6, zero
00000000 00000038 0008 800025d8  f06=        0.000000                    # fcvt.d.w ft6, zero
00000000 00000052 0002 80002610  f20=        0.000000                    # fcvt.d.w fs4, zero
00000000 00000055 0000 800025fc  f15=        0.000000                    # fcvt.d.w fa5, zero
00000000 00000056 0000 80002600  f16=        0.000000                    # fcvt.d.w fa6, zero
00000000 00000057 0000 80002604  f17=        0.000000                    # fcvt.d.w fa7, zero
00000000 00000058 0000 80002608  f18=        0.000000                    # fcvt.d.w fs2, zero
00000000 00000059 0000 8000260c  f19=        0.000000                    # fcvt.d.w fs3, zero
00000000 00000060 0000 80002610  f20=        0.000000                    # fcvt.d.w fs4, zero
00000000 00000061 0000 80002614  f21=        0.000000                    # fcvt.d.w fs5, zero
00000000 00000062 0000 80002618  f22=        0.000000                    # fcvt.d.w fs6, zero
00000000 00000063 0000 8000261c  f23=        0.000000                    # fcvt.d.w fs7, zero
00000000 00000064 0000 80002620  f24=        0.000000                    # fcvt.d.w fs8, zero
00000000 00000055 0003 8000261c  f23=        0.000000                    # fcvt.d.w fs7, zero
00000000 00000053 0001 80002614  f21=        0.000000                    # fcvt.d.w fs5, zero
00000000 00000041 0005 800025e4  f09=        0.000000                    # fcvt.d.w fs1, zero
00000000 00000060 0004 80002630  f28=        0.000000                    # fcvt.d.w ft8, zero
00000000 00000055 0006 8000261c  f23=        0.000000                    # fcvt.d.w fs7, zero
00000000 00000039 0008 800025dc  f07=        0.000000                    # fcvt.d.w ft7, zero
00000000 00000053 0002 80002614  f21=        0.000000                    # fcvt.d.w fs5, zero
00000000 00000054 0002 80002618  f22=        0.000000                    # fcvt.d.w fs6, zero
00000000 00000065 0000 80002624  f25=        0.000000                    # fcvt.d.w fs9, zero
00000000 00000056 0003 80002620  f24=        0.000000                    # fcvt.d.w fs8, zero
00000000 00000054 0001 80002618  f22=        0.000000                    # fcvt.d.w fs6, zero
00000000 00000042 0005 800025e8  f10=        0.000000                    # fcvt.d.w fa0, zero
00000000 00000061 0004 80002634  f29=        0.000000                    # fcvt.d.w ft9, zero
00000000 00000056 0006 80002620  f24=        0.000000                    # fcvt.d.w fs8, zero
00000000 00000040 0008 800025e0  f08=        0.000000                    # fcvt.d.w fs0, zero
00000000 00000041 0008 800025e4  f09=        0.000000                    # fcvt.d.w fs1, zero
00000000 00000042 0008 800025e8  f10=        0.000000                    # fcvt.d.w fa0, zero
00000000 00000043 0008 800025ec  f11=        0.000000                    # fcvt.d.w fa1, zero
00000000 00000057 0003 80002624  f25=        0.000000                    # fcvt.d.w fs9, zero
00000000 00000044 0008 800025f0  f12=        0.000000                    # fcvt.d.w fa2, zero
00000000 00000058 0003 80002628  f26=        0.000000                    # fcvt.d.w fs10, zero
00000000 00000059 0003 8000262c  f27=        0.000000                    # fcvt.d.w fs11, zero
00000000 00000060 0003 80002630  f28=        0.000000                    # fcvt.d.w ft8, zero
00000000 00000061 0003 80002634  f29=        0.000000                    # fcvt.d.w ft9, zero
00000000 00000062 0003 80002638  f30=        0.000000                    # fcvt.d.w ft10, zero
00000000 00000063 0003 8000263c  f31=        0.000000                    # fcvt.d.w ft11, zero
00000000 00000066 0000 80002628  f26=        0.000000                    # fcvt.d.w fs10, zero
00000000 00000055 0001 8000261c  f23=        0.000000                    # fcvt.d.w fs7, zero
00000000 00000045 0008 800025f4  f13=        0.000000                    # fcvt.d.w fa3, zero
00000000 00000043 0005 800025ec  f11=        0.000000                    # fcvt.d.w fa1, zero
00000000 00000062 0004 80002638  f30=        0.000000                    # fcvt.d.w ft10, zero
00000000 00000044 0005 800025f0  f12=        0.000000                    # fcvt.d.w fa2, zero
00000000 00000057 0006 80002624  f25=        0.000000                    # fcvt.d.w fs9, zero
00000000 00000028 0007 80002590  x5:00000007                             # bnez    t0, pc + 36
00000000 00000055 0002 8000261c  f23=        0.000000                    # fcvt.d.w fs7, zero
00000000 00000064 0003 80002640  x13:00120000 x13=0011fff8               # addi    a3, a3, -8
00000000 00000067 0000 8000262c  f27=        0.000000                    # fcvt.d.w fs11, zero
00000000 00000056 0001 80002620  f24=        0.000000                    # fcvt.d.w fs8, zero
00000000 00000046 0008 800025f8  f14=        0.000000                    # fcvt.d.w fa4, zero
00000000 00000045 0005 800025f4  f13=        0.000000                    # fcvt.d.w fa3, zero
00000000 00000063 0004 8000263c  f31=        0.000000                    # fcvt.d.w ft11, zero
00000000 00000058 0006 80002628  f26=        0.000000                    # fcvt.d.w fs10, zero
00000000 00000029 0007 800025b4  x5=40801129                             # csrr    t0, misa
00000000 00000056 0002 80002620  f24=        0.000000                    # fcvt.d.w fs8, zero
00000000 00000065 0003 80002644  x13:0011fff8 WA:0011fff8                # sw      zero, 0(a3)
00000000 00000068 0000 80002630  f28=        0.000000                    # fcvt.d.w ft8, zero
00000000 00000057 0001 80002624  f25=        0.000000                    # fcvt.d.w fs9, zero
00000000 00000047 0008 800025fc  f15=        0.000000                    # fcvt.d.w fa5, zero
00000000 00000046 0005 800025f8  f14=        0.000000                    # fcvt.d.w fa4, zero
00000000 00000064 0004 80002640  x13:00120000 x13=0011fff8               # addi    a3, a3, -8
00000000 00000059 0006 8000262c  f27=        0.000000                    # fcvt.d.w fs11, zero
00000000 00000060 0006 80002630  f28=        0.000000                    # fcvt.d.w ft8, zero
00000000 00000061 0006 80002634  f29=        0.000000                    # fcvt.d.w ft9, zero
00000000 00000062 0006 80002638  f30=        0.000000                    # fcvt.d.w ft10, zero
00000000 00000069 0000 80002634  f29=        0.000000                    # fcvt.d.w ft9, zero
00000000 00000058 0001 80002628  f26=        0.000000                    # fcvt.d.w fs10, zero
00000000 00000048 0008 80002600  f16=        0.000000                    # fcvt.d.w fa6, zero
00000000 00000047 0005 800025fc  f15=        0.000000                    # fcvt.d.w fa5, zero
00000000 00000065 0004 80002644  x13:0011fff8 WA:0011fff8                # sw      zero, 0(a3)
00000000 00000066 0004 80002648  x5=80002648                             # auipc   t0, 0x0
00000000 00000057 0002 80002624  f25=        0.000000                    # fcvt.d.w fs9, zero
00000000 00000066 0003 80002648  x5=80002648                             # auipc   t0, 0x0
00000000 00000063 0006 8000263c  f31=        0.000000                    # fcvt.d.w ft11, zero
00000000 00000070 0000 80002638  f30=        0.000000                    # fcvt.d.w ft10, zero
00000000 00000059 0001 8000262c  f27=        0.000000                    # fcvt.d.w fs11, zero
00000000 00000049 0008 80002604  f17=        0.000000                    # fcvt.d.w fa7, zero
00000000 00000048 0005 80002600  f16=        0.000000                    # fcvt.d.w fa6, zero
00000000 00000030 0007 800025b8  x5:40801129 x5=00000028                 # andi    t0, t0, 40
00000000 00000067 0004 8000264c  x5:80002648 RA:800029c8 x5=00000088     # lw      t0, 896(t0)
00000000 00000058 0002 80002628  f26=        0.000000                    # fcvt.d.w fs10, zero
00000000 00000067 0003 8000264c  x5:80002648 RA:800029c8 x5=00000088     # lw      t0, 896(t0)
00000000 00000064 0006 80002640  x13:00120000 x13=0011fff8               # addi    a3, a3, -8
00000000 00000071 0000 8000263c  f31=        0.000000                    # fcvt.d.w ft11, zero
00000000 00000060 0001 80002630  f28=        0.000000                    # fcvt.d.w ft8, zero
00000000 00000050 0008 80002608  f18=        0.000000                    # fcvt.d.w fs2, zero
00000000 00000049 0005 80002604  f17=        0.000000                    # fcvt.d.w fa7, zero
00000000 00000050 0005 80002608  f18=        0.000000                    # fcvt.d.w fs2, zero
00000000 00000051 0005 8000260c  f19=        0.000000                    # fcvt.d.w fs3, zero
00000000 00000052 0005 80002610  f20=        0.000000                    # fcvt.d.w fs4, zero
00000000 00000053 0005 80002614  f21=        0.000000                    # fcvt.d.w fs5, zero
00000000 00000054 0005 80002618  f22=        0.000000                    # fcvt.d.w fs6, zero
00000000 00000055 0005 8000261c  f23=        0.000000                    # fcvt.d.w fs7, zero
00000000 00000056 0005 80002620  f24=        0.000000                    # fcvt.d.w fs8, zero
00000000 00000051 0008 8000260c  f19=        0.000000                    # fcvt.d.w fs3, zero
00000000 00000052 0008 80002610  f20=        0.000000                    # fcvt.d.w fs4, zero
00000000 00000053 0008 80002614  f21=        0.000000                    # fcvt.d.w fs5, zero
00000000 00000054 0008 80002618  f22=        0.000000                    # fcvt.d.w fs6, zero
00000000 00000055 0008 8000261c  f23=        0.000000                    # fcvt.d.w fs7, zero
00000000 00000056 0008 80002620  f24=        0.000000                    # fcvt.d.w fs8, zero
00000000 00000057 0008 80002624  f25=        0.000000                    # fcvt.d.w fs9, zero
00000000 00000058 0008 80002628  f26=        0.000000                    # fcvt.d.w fs10, zero
00000000 00000059 0008 8000262c  f27=        0.000000                    # fcvt.d.w fs11, zero
00000000 00000060 0008 80002630  f28=        0.000000                    # fcvt.d.w ft8, zero
00000000 00000061 0008 80002634  f29=        0.000000                    # fcvt.d.w ft9, zero
00000000 00000062 0008 80002638  f30=        0.000000                    # fcvt.d.w ft10, zero
00000000 00000063 0008 8000263c  f31=        0.000000                    # fcvt.d.w ft11, zero
00000000 00000064 0008 80002640  x13:00120000 x13=0011fff8               # addi    a3, a3, -8
00000000 00000065 0008 80002644  x13:0011fff8 WA:0011fff8                # sw      zero, 0(a3)
00000000 00000066 0008 80002648  x5=80002648                             # auipc   t0, 0x0
00000000 00000057 0005 80002624  f25=        0.000000                    # fcvt.d.w fs9, zero
00000000 00000058 0005 80002628  f26=        0.000000                    # fcvt.d.w fs10, zero
00000000 00000059 0005 8000262c  f27=        0.000000                    # fcvt.d.w fs11, zero
00000000 00000060 0005 80002630  f28=        0.000000                    # fcvt.d.w ft8, zero
00000000 00000061 0005 80002634  f29=        0.000000                    # fcvt.d.w ft9, zero
00000000 00000062 0005 80002638  f30=        0.000000                    # fcvt.d.w ft10, zero
00000000 00000063 0005 8000263c  f31=        0.000000                    # fcvt.d.w ft11, zero
00000000 00000064 0005 80002640  x13:00120000 x13=0011fff8               # addi    a3, a3, -8
00000000 00000065 0005 80002644  x13:0011fff8 WA:0011fff8                # sw      zero, 0(a3)
00000000 00000066 0005 80002648  x5=80002648                             # auipc   t0, 0x0
00000000 00000068 0004 80002650  x13:0011fff8 x5:00000088 x13=0011ff70   # sub     a3, a3, t0
00000000 00000059 0002 8000262c  f27=        0.000000                    # fcvt.d.w fs11, zero
00000000 00000068 0003 80002650  x13:0011fff8 x5:00000088 x13=0011ff70   # sub     a3, a3, t0
00000000 00000065 0006 80002644  x13:0011fff8 WA:0011fff8                # sw      zero, 0(a3)
00000000 00000072 0000 80002640  x13:00120000 x13=0011fff8               # addi    a3, a3, -8
00000000 00000061 0001 80002634  f29=        0.000000                    # fcvt.d.w ft9, zero
00000000 00000067 0008 8000264c  x5:80002648 RA:800029c8 x5=00000088     # lw      t0, 896(t0)
00000000 00000031 0007 800025bc  x5:00000028                             # beqz    t0, pc + 132
00000000 00000067 0005 8000264c  x5:80002648 RA:800029c8 x5=00000088     # lw      t0, 896(t0)
00000000 00000069 0004 80002654  x13:0011ff70 x15=0011ff70               # mv      a5, a3
00000000 00000070 0004 80002658  x7=80002658                             # auipc   t2, 0x0
00000000 00000069 0003 80002654  x13:0011ff70 x15=0011ff70               # mv      a5, a3
00000000 00000066 0006 80002648  x5=80002648                             # auipc   t0, 0x0
00000000 00000073 0000 80002644  x13:0011fff8 WA:0011fff8                # sw      zero, 0(a3)
00000000 00000062 0001 80002638  f30=        0.000000                    # fcvt.d.w ft10, zero
00000000 00000068 0008 80002650  x13:0011fff8 x5:00000088 x13=0011ff70   # sub     a3, a3, t0
00000000 00000032 0007 800025c0  f00=        0.000000                    # fcvt.d.w ft0, zero
00000000 00000033 0007 800025c4  f01=        0.000000                    # fcvt.d.w ft1, zero
00000000 00000034 0007 800025c8  f02=        0.000000                    # fcvt.d.w ft2, zero
00000000 00000071 0004 8000265c  x7:80002658 RA:800029cc x7=0000000a     # lw      t2, 884(t2)
00000000 00000070 0003 80002658  x7=80002658                             # auipc   t2, 0x0
00000000 00000067 0006 8000264c  x5:80002648 RA:800029c8 x5=00000088     # lw      t0, 896(t0)
00000000 00000074 0000 80002648  x5=80002648                             # auipc   t0, 0x0
00000000 00000063 0001 8000263c  f31=        0.000000                    # fcvt.d.w ft11, zero
00000000 00000069 0008 80002654  x13:0011ff70 x15=0011ff70               # mv      a5, a3
00000000 00000068 0005 80002650  x13:0011fff8 x5:00000088 x13=0011ff70   # sub     a3, a3, t0
00000000 00000069 0005 80002654  x13:0011ff70 x15=0011ff70               # mv      a5, a3
00000000 00000070 0005 80002658  x7=80002658                             # auipc   t2, 0x0
00000000 00000071 0005 8000265c  x7:80002658 RA:800029cc x7=0000000a     # lw      t2, 884(t2)
00000000 00000072 0005 80002660  x10:00000005 x7:0000000a x5=00001400    # sll     t0, a0, t2
00000000 00000073 0005 80002664  x11:00000009 x7:0000000a x6=00002400    # sll     t1, a1, t2
00000000 00000075 0000 8000264c  x5:80002648 RA:800029c8 x5=00000088     # lw      t0, 896(t0)
00000000 00000064 0001 80002640  x13:00120000 x13=0011fff8               # addi    a3, a3, -8
00000000 00000070 0008 80002658  x7=80002658                             # auipc   t2, 0x0
00000000 00000060 0002 80002630  f28=        0.000000                    # fcvt.d.w ft8, zero
00000000 00000035 0007 800025cc  f03=        0.000000                    # fcvt.d.w ft3, zero
00000000 00000072 0004 80002660  x10:00000004 x7:0000000a x5=00001000    # sll     t0, a0, t2
00000000 00000071 0003 8000265c  x7:80002658 RA:800029cc x7=0000000a     # lw      t2, 884(t2)
00000000 00000068 0006 80002650  x13:0011fff8 x5:00000088 x13=0011ff70   # sub     a3, a3, t0
00000000 00000074 0005 80002668  x13:0011ff70 x5:00001400 x2=0011eb70    # sub     sp, a3, t0
00000000 00000076 0000 80002650  x13:0011fff8 x5:00000088 x13=0011ff70   # sub     a3, a3, t0
00000000 00000065 0001 80002644  x13:0011fff8 WA:0011fff8                # sw      zero, 0(a3)
00000000 00000071 0008 8000265c  x7:80002658 RA:800029cc x7=0000000a     # lw      t2, 884(t2)
00000000 00000061 0002 80002634  f29=        0.000000                    # fcvt.d.w ft9, zero
00000000 00000036 0007 800025d0  f04=        0.000000                    # fcvt.d.w ft4, zero
00000000 00000073 0004 80002664  x11:00000009 x7:0000000a x6=00002400    # sll     t1, a1, t2
00000000 00000072 0003 80002660  x10:00000003 x7:0000000a x5=00000c00    # sll     t0, a0, t2
00000000 00000069 0006 80002654  x13:0011ff70 x15=0011ff70               # mv      a5, a3
00000000 00000075 0005 8000266c  x13:0011ff70 x6:00002400 x13=0011db70   # sub     a3, a3, t1
00000000 00000077 0000 80002654  x13:0011ff70 x15=0011ff70               # mv      a5, a3
00000000 00000066 0001 80002648  x5=80002648                             # auipc   t0, 0x0
00000000 00000072 0008 80002660  x10:00000008 x7:0000000a x5=00002000    # sll     t0, a0, t2
00000000 00000062 0002 80002638  f30=        0.000000                    # fcvt.d.w ft10, zero
00000000 00000037 0007 800025d4  f05=        0.000000                    # fcvt.d.w ft5, zero
00000000 00000074 0004 80002668  x13:0011ff70 x5:00001000 x2=0011ef70    # sub     sp, a3, t0
00000000 00000073 0003 80002664  x11:00000009 x7:0000000a x6=00002400    # sll     t1, a1, t2
00000000 00000070 0006 80002658  x7=80002658                             # auipc   t2, 0x0
00000000 00000076 0005 80002670  x10:00000005 x5=00000028                # slli    t0, a0, 3
00000000 00000078 0000 80002658  x7=80002658                             # auipc   t2, 0x0
00000000 00000067 0001 8000264c  x5:80002648 RA:800029c8 x5=00000088     # lw      t0, 896(t0)
00000000 00000079 0000 8000265c  x7:80002658 RA:800029cc x7=0000000a     # lw      t2, 884(t2)
00000000 00000068 0001 80002650  x13:0011fff8 x5:00000088 x13=0011ff70   # sub     a3, a3, t0
00000000 00000063 0002 8000263c  f31=        0.000000                    # fcvt.d.w ft11, zero
00000000 00000075 0004 8000266c  x13:0011ff70 x6:00002400 x13=0011db70   # sub     a3, a3, t1
00000000 00000074 0003 80002668  x13:0011ff70 x5:00000c00 x2=0011f370    # sub     sp, a3, t0
00000000 00000071 0006 8000265c  x7:80002658 RA:800029cc x7=0000000a     # lw      t2, 884(t2)
00000000 00000077 0005 80002674  x11:00000009 x6=00000048                # slli    t1, a1, 3
00000000 00000073 0008 80002664  x11:00000009 x7:0000000a x6=00002400    # sll     t1, a1, t2
00000000 00000074 0008 80002668  x13:0011ff70 x5:00002000 x2=0011df70    # sub     sp, a3, t0
00000000 00000075 0008 8000266c  x13:0011ff70 x6:00002400 x13=0011db70   # sub     a3, a3, t1
00000000 00000076 0008 80002670  x10:00000008 x5=00000040                # slli    t0, a0, 3
00000000 00000077 0008 80002674  x11:00000009 x6=00000048                # slli    t1, a1, 3
00000000 00000078 0008 80002678  x2:0011df70 x5:00000040 x2=0011df30     # sub     sp, sp, t0
00000000 00000079 0008 8000267c  x13:0011db70 x6:00000048 x13=0011db28   # sub     a3, a3, t1
00000000 00000080 0008 80002680  x5=80002680                             # auipc   t0, 0x0
00000000 00000078 0005 80002678  x2:0011eb70 x5:00000028 x2=0011eb48     # sub     sp, sp, t0
00000000 00000080 0000 80002660  x10:00000000 x7:0000000a x5=00000000    # sll     t0, a0, t2
00000000 00000069 0001 80002654  x13:0011ff70 x15=0011ff70               # mv      a5, a3
00000000 00000038 0007 800025d8  f06=        0.000000                    # fcvt.d.w ft6, zero
00000000 00000064 0002 80002640  x13:00120000 x13=0011fff8               # addi    a3, a3, -8
00000000 00000076 0004 80002670  x10:00000004 x5=00000020                # slli    t0, a0, 3
00000000 00000075 0003 8000266c  x13:0011ff70 x6:00002400 x13=0011db70   # sub     a3, a3, t1
00000000 00000072 0006 80002660  x10:00000006 x7:0000000a x5=00001800    # sll     t0, a0, t2
00000000 00000081 0008 80002684  x5:80002680 x5=80002bf0                 # addi    t0, t0, 1392
00000000 00000079 0005 8000267c  x13:0011db70 x6:00000048 x13=0011db28   # sub     a3, a3, t1
00000000 00000080 0005 80002680  x5=80002680                             # auipc   t0, 0x0
00000000 00000081 0005 80002684  x5:80002680 x5=80002bf0                 # addi    t0, t0, 1392
00000000 00000039 0007 800025dc  f07=        0.000000                    # fcvt.d.w ft7, zero
00000000 00000065 0002 80002644  x13:0011fff8 WA:0011fff8                # sw      zero, 0(a3)
00000000 00000077 0004 80002674  x11:00000009 x6=00000048                # slli    t1, a1, 3
00000000 00000076 0003 80002670  x10:00000003 x5=00000018                # slli    t0, a0, 3
00000000 00000073 0006 80002664  x11:00000009 x7:0000000a x6=00002400    # sll     t1, a1, t2
00000000 00000082 0008 80002688  x6=80002688                             # auipc   t1, 0x0
00000000 00000081 0000 80002664  x11:00000009 x7:0000000a x6=00002400    # sll     t1, a1, t2
00000000 00000070 0001 80002658  x7=80002658                             # auipc   t2, 0x0
00000000 00000082 0005 80002688  x6=80002688                             # auipc   t1, 0x0
00000000 00000040 0007 800025e0  f08=        0.000000                    # fcvt.d.w fs0, zero
00000000 00000066 0002 80002648  x5=80002648                             # auipc   t0, 0x0
00000000 00000078 0004 80002678  x2:0011ef70 x5:00000020 x2=0011ef50     # sub     sp, sp, t0
00000000 00000077 0003 80002674  x11:00000009 x6=00000048                # slli    t1, a1, 3
00000000 00000074 0006 80002668  x13:0011ff70 x5:00001800 x2=0011e770    # sub     sp, a3, t0
00000000 00000083 0008 8000268c  x6:80002688 x6=80002bf0                 # addi    t1, t1, 1384
00000000 00000084 0008 80002690  x7=80002690                             # auipc   t2, 0x0
00000000 00000085 0008 80002694  x7:80002690 x7=80002bf0                 # addi    t2, t2, 1376
00000000 00000083 0005 8000268c  x6:80002688 x6=80002bf0                 # addi    t1, t1, 1384
00000000 00000041 0007 800025e4  f09=        0.000000                    # fcvt.d.w fs1, zero
00000000 00000067 0002 8000264c  x5:80002648 RA:800029c8 x5=00000088     # lw      t0, 896(t0)
00000000 00000079 0004 8000267c  x13:0011db70 x6:00000048 x13=0011db28   # sub     a3, a3, t1
00000000 00000078 0003 80002678  x2:0011f370 x5:00000018 x2=0011f358     # sub     sp, sp, t0
00000000 00000075 0006 8000266c  x13:0011ff70 x6:00002400 x13=0011db70   # sub     a3, a3, t1
00000000 00000082 0000 80002668  x13:0011ff70 x5:00000000 x2=0011ff70    # sub     sp, a3, t0
00000000 00000071 0001 8000265c  x7:80002658 RA:800029cc x7=0000000a     # lw      t2, 884(t2)
00000000 00000086 0008 80002698  x28=80002698                            # auipc   t3, 0x0
00000000 00000084 0005 80002690  x7=80002690                             # auipc   t2, 0x0
00000000 00000042 0007 800025e8  f10=        0.000000                    # fcvt.d.w fa0, zero
00000000 00000068 0002 80002650  x13:0011fff8 x5:00000088 x13=0011ff70   # sub     a3, a3, t0
00000000 00000080 0004 80002680  x5=80002680                             # auipc   t0, 0x0
00000000 00000079 0003 8000267c  x13:0011db70 x6:00000048 x13=0011db28   # sub     a3, a3, t1
00000000 00000076 0006 80002670  x10:00000006 x5=00000030                # slli    t0, a0, 3
00000000 00000077 0006 80002674  x11:00000009 x6=00000048                # slli    t1, a1, 3
00000000 00000072 0001 80002660  x10:00000001 x7:0000000a x5=00000400    # sll     t0, a0, t2
00000000 00000087 0008 8000269c  x28:80002698 x28=80002c00               # addi    t3, t3, 1384
00000000 00000085 0005 80002694  x7:80002690 x7=80002bf0                 # addi    t2, t2, 1376
00000000 00000088 0008 800026a0  x2:0011df30 x5:80002bf0 x2=80120b20     # add     sp, sp, t0
00000000 00000043 0007 800025ec  f11=        0.000000                    # fcvt.d.w fa1, zero
00000000 00000069 0002 80002654  x13:0011ff70 x15=0011ff70               # mv      a5, a3
00000000 00000044 0007 800025f0  f12=        0.000000                    # fcvt.d.w fa2, zero
00000000 00000070 0002 80002658  x7=80002658                             # auipc   t2, 0x0
00000000 00000080 0003 80002680  x5=80002680                             # auipc   t0, 0x0
00000000 00000083 0000 8000266c  x13:0011ff70 x6:00002400 x13=0011db70   # sub     a3, a3, t1
00000000 00000078 0006 80002678  x2:0011e770 x5:00000030 x2=0011e740     # sub     sp, sp, t0
00000000 00000073 0001 80002664  x11:00000009 x7:0000000a x6=00002400    # sll     t1, a1, t2
00000000 00000086 0005 80002698  x28=80002698                            # auipc   t3, 0x0
00000000 00000089 0008 800026a4  x2:80120b20 x6:80002bf0 x2=0011df30     # sub     sp, sp, t1
00000000 00000081 0004 80002684  x5:80002680 x5=80002bf0                 # addi    t0, t0, 1392
00000000 00000045 0007 800025f4  f13=        0.000000                    # fcvt.d.w fa3, zero
00000000 00000071 0002 8000265c  x7:80002658 RA:800029cc x7=0000000a     # lw      t2, 884(t2)
00000000 00000081 0003 80002684  x5:80002680 x5=80002bf0                 # addi    t0, t0, 1392
00000000 00000084 0000 80002670  x10:00000000 x5=00000000                # slli    t0, a0, 3
00000000 00000079 0006 8000267c  x13:0011db70 x6:00000048 x13=0011db28   # sub     a3, a3, t1
00000000 00000074 0001 80002668  x13:0011ff70 x5:00000400 x2=0011fb70    # sub     sp, a3, t0
00000000 00000087 0005 8000269c  x28:80002698 x28=80002c00               # addi    t3, t3, 1384
00000000 00000090 0008 800026a8  x2:0011df30 x7:80002bf0 x2=80120b20     # add     sp, sp, t2
00000000 00000088 0005 800026a0  x2:0011eb48 x5:80002bf0 x2=80121738     # add     sp, sp, t0
00000000 00000091 0008 800026ac  x2:80120b20 x28:80002c00 x2=0011df20    # sub     sp, sp, t3
00000000 00000089 0005 800026a4  x2:80121738 x6:80002bf0 x2=0011eb48     # sub     sp, sp, t1
00000000 00000092 0008 800026b0  x2:0011df20 x2=0011df20                 # andi    sp, sp, -8
00000000 00000090 0005 800026a8  x2:0011eb48 x7:80002bf0 x2=80121738     # add     sp, sp, t2
00000000 00000085 0000 80002674  x11:00000009 x6=00000048                # slli    t1, a1, 3
00000000 00000080 0006 80002680  x5=80002680                             # auipc   t0, 0x0
00000000 00000075 0001 8000266c  x13:0011ff70 x6:00002400 x13=0011db70   # sub     a3, a3, t1
00000000 00000082 0004 80002688  x6=80002688                             # auipc   t1, 0x0
00000000 00000046 0007 800025f8  f14=        0.000000                    # fcvt.d.w fa4, zero
00000000 00000072 0002 80002660  x10:00000002 x7:0000000a x5=00000800    # sll     t0, a0, t2
00000000 00000082 0003 80002688  x6=80002688                             # auipc   t1, 0x0
00000000 00000093 0008 800026b4  x2:0011df20 x4=0011df20                 # mv      tp, sp
00000000 00000091 0005 800026ac  x2:80121738 x28:80002c00 x2=0011eb38    # sub     sp, sp, t3
00000000 00000086 0000 80002678  x2:0011ff70 x5:00000000 x2=0011ff70     # sub     sp, sp, t0
00000000 00000081 0006 80002684  x5:80002680 x5=80002bf0                 # addi    t0, t0, 1392
00000000 00000076 0001 80002670  x10:00000001 x5=00000008                # slli    t0, a0, 3
00000000 00000083 0004 8000268c  x6:80002688 x6=80002bf0                 # addi    t1, t1, 1384
00000000 00000084 0004 80002690  x7=80002690                             # auipc   t2, 0x0
00000000 00000085 0004 80002694  x7:80002690 x7=80002bf0                 # addi    t2, t2, 1376
00000000 00000086 0004 80002698  x28=80002698                            # auipc   t3, 0x0
00000000 00000094 0008 800026b8  x2:0011df20 x2=0011df20                 # andi    sp, sp, -8
00000000 00000092 0005 800026b0  x2:0011eb38 x2=0011eb38                 # andi    sp, sp, -8
00000000 00000087 0000 8000267c  x13:0011db70 x6:00000048 x13=0011db28   # sub     a3, a3, t1
00000000 00000082 0006 80002688  x6=80002688                             # auipc   t1, 0x0
00000000 00000077 0001 80002674  x11:00000009 x6=00000048                # slli    t1, a1, 3
00000000 00000047 0007 800025fc  f15=        0.000000                    # fcvt.d.w fa5, zero
00000000 00000073 0002 80002664  x11:00000009 x7:0000000a x6=00002400    # sll     t1, a1, t2
00000000 00000083 0003 8000268c  x6:80002688 x6=80002bf0                 # addi    t1, t1, 1384
00000000 00000087 0004 8000269c  x28:80002698 x28=80002c00               # addi    t3, t3, 1384
00000000 00000095 0008 800026bc  x4:0011df20 x29=0011df20                # mv      t4, tp
00000000 00000088 0004 800026a0  x2:0011ef50 x5:80002bf0 x2=80121b40     # add     sp, sp, t0
00000000 00000093 0005 800026b4  x2:0011eb38 x4=0011eb38                 # mv      tp, sp
00000000 00000088 0000 80002680  x5=80002680                             # auipc   t0, 0x0
00000000 00000083 0006 8000268c  x6:80002688 x6=80002bf0                 # addi    t1, t1, 1384
00000000 00000078 0001 80002678  x2:0011fb70 x5:00000008 x2=0011fb68     # sub     sp, sp, t0
00000000 00000048 0007 80002600  f16=        0.000000                    # fcvt.d.w fa6, zero
00000000 00000074 0002 80002668  x13:0011ff70 x5:00000800 x2=0011f770    # sub     sp, a3, t0
00000000 00000084 0003 80002690  x7=80002690                             # auipc   t2, 0x0
00000000 00000096 0008 800026c0  x5:80002bf0 x6:80002bf0                 # bge     t0, t1, pc + 24
00000000 00000089 0004 800026a4  x2:80121b40 x6:80002bf0 x2=0011ef50     # sub     sp, sp, t1
00000000 00000094 0005 800026b8  x2:0011eb38 x2=0011eb38                 # andi    sp, sp, -8
00000000 00000089 0000 80002684  x5:80002680 x5=80002bf0                 # addi    t0, t0, 1392
00000000 00000084 0006 80002690  x7=80002690                             # auipc   t2, 0x0
00000000 00000079 0001 8000267c  x13:0011db70 x6:00000048 x13=0011db28   # sub     a3, a3, t1
00000000 00000049 0007 80002604  f17=        0.000000                    # fcvt.d.w fa7, zero
00000000 00000075 0002 8000266c  x13:0011ff70 x6:00002400 x13=0011db70   # sub     a3, a3, t1
00000000 00000076 0002 80002670  x10:00000002 x5=00000010                # slli    t0, a0, 3
00000000 00000077 0002 80002674  x11:00000009 x6=00000048                # slli    t1, a1, 3
00000000 00000078 0002 80002678  x2:0011f770 x5:00000010 x2=0011f760     # sub     sp, sp, t0
00000000 00000079 0002 8000267c  x13:0011db70 x6:00000048 x13=0011db28   # sub     a3, a3, t1
00000000 00000080 0002 80002680  x5=80002680                             # auipc   t0, 0x0
00000000 00000085 0006 80002694  x7:80002690 x7=80002bf0                 # addi    t2, t2, 1376
00000000 00000080 0001 80002680  x5=80002680                             # auipc   t0, 0x0
00000000 00000050 0007 80002608  f18=        0.000000                    # fcvt.d.w fs2, zero
00000000 00000051 0007 8000260c  f19=        0.000000                    # fcvt.d.w fs3, zero
00000000 00000052 0007 80002610  f20=        0.000000                    # fcvt.d.w fs4, zero
00000000 00000053 0007 80002614  f21=        0.000000                    # fcvt.d.w fs5, zero
00000000 00000054 0007 80002618  f22=        0.000000                    # fcvt.d.w fs6, zero
00000000 00000055 0007 8000261c  f23=        0.000000                    # fcvt.d.w fs7, zero
00000000 00000056 0007 80002620  f24=        0.000000                    # fcvt.d.w fs8, zero
00000000 00000086 0006 80002698  x28=80002698                            # auipc   t3, 0x0
00000000 00000081 0001 80002684  x5:80002680 x5=80002bf0                 # addi    t0, t0, 1392
00000000 00000082 0001 80002688  x6=80002688                             # auipc   t1, 0x0
00000000 00000083 0001 8000268c  x6:80002688 x6=80002bf0                 # addi    t1, t1, 1384
00000000 00000084 0001 80002690  x7=80002690                             # auipc   t2, 0x0
00000000 00000085 0001 80002694  x7:80002690 x7=80002bf0                 # addi    t2, t2, 1376
00000000 00000086 0001 80002698  x28=80002698                            # auipc   t3, 0x0
00000000 00000087 0001 8000269c  x28:80002698 x28=80002c00               # addi    t3, t3, 1384
00000000 00000057 0007 80002624  f25=        0.000000                    # fcvt.d.w fs9, zero
00000000 00000088 0001 800026a0  x2:0011fb68 x5:80002bf0 x2=80122758     # add     sp, sp, t0
00000000 00000058 0007 80002628  f26=        0.000000                    # fcvt.d.w fs10, zero
00000000 00000089 0001 800026a4  x2:80122758 x6:80002bf0 x2=0011fb68     # sub     sp, sp, t1
00000000 00000097 0008 800026d8  x5=800026d8                             # auipc   t0, 0x0
00000000 00000095 0005 800026bc  x4:0011eb38 x29=0011eb38                # mv      t4, tp
00000000 00000090 0000 80002688  x6=80002688                             # auipc   t1, 0x0
00000000 00000081 0002 80002684  x5:80002680 x5=80002bf0                 # addi    t0, t0, 1392
00000000 00000087 0006 8000269c  x28:80002698 x28=80002c00               # addi    t3, t3, 1384
00000000 00000085 0003 80002694  x7:80002690 x7=80002bf0                 # addi    t2, t2, 1376
00000000 00000088 0006 800026a0  x2:0011e740 x5:80002bf0 x2=80121330     # add     sp, sp, t0
00000000 00000089 0006 800026a4  x2:80121330 x6:80002bf0 x2=0011e740     # sub     sp, sp, t1
00000000 00000090 0006 800026a8  x2:0011e740 x7:80002bf0 x2=80121330     # add     sp, sp, t2
00000000 00000091 0006 800026ac  x2:80121330 x28:80002c00 x2=0011e730    # sub     sp, sp, t3
00000000 00000098 0008 800026dc  x5:800026d8 x5=80002bf0                 # addi    t0, t0, 1304
00000000 00000096 0005 800026c0  x5:80002bf0 x6:80002bf0                 # bge     t0, t1, pc + 24
00000000 00000091 0000 8000268c  x6:80002688 x6=80002bf0                 # addi    t1, t1, 1384
00000000 00000082 0002 80002688  x6=80002688                             # auipc   t1, 0x0
00000000 00000086 0003 80002698  x28=80002698                            # auipc   t3, 0x0
00000000 00000087 0003 8000269c  x28:80002698 x28=80002c00               # addi    t3, t3, 1384
00000000 00000090 0004 800026a8  x2:0011ef50 x7:80002bf0 x2=80121b40     # add     sp, sp, t2
00000000 00000090 0001 800026a8  x2:0011fb68 x7:80002bf0 x2=80122758     # add     sp, sp, t2
00000000 00000092 0006 800026b0  x2:0011e730 x2=0011e730                 # andi    sp, sp, -8
00000000 00000099 0008 800026e0  x6=800026e0                             # auipc   t1, 0x0
00000000 00000097 0005 800026d8  x5=800026d8                             # auipc   t0, 0x0
00000000 00000092 0000 80002690  x7=80002690                             # auipc   t2, 0x0
00000000 00000083 0002 8000268c  x6:80002688 x6=80002bf0                 # addi    t1, t1, 1384
00000000 00000084 0002 80002690  x7=80002690                             # auipc   t2, 0x0
00000000 00000085 0002 80002694  x7:80002690 x7=80002bf0                 # addi    t2, t2, 1376
00000000 00000086 0002 80002698  x28=80002698                            # auipc   t3, 0x0
00000000 00000087 0002 8000269c  x28:80002698 x28=80002c00               # addi    t3, t3, 1384
00000000 00000093 0006 800026b4  x2:0011e730 x4=0011e730                 # mv      tp, sp
00000000 00000100 0008 800026e4  x6:800026e0 x6=80002c00                 # addi    t1, t1, 1312
00000000 00000098 0005 800026dc  x5:800026d8 x5=80002bf0                 # addi    t0, t0, 1304
00000000 00000093 0000 80002694  x7:80002690 x7=80002bf0                 # addi    t2, t2, 1376
00000000 00000094 0000 80002698  x28=80002698                            # auipc   t3, 0x0
00000000 00000095 0000 8000269c  x28:80002698 x28=80002c00               # addi    t3, t3, 1384
00000000 00000091 0004 800026ac  x2:80121b40 x28:80002c00 x2=0011ef40    # sub     sp, sp, t3
00000000 00000091 0001 800026ac  x2:80122758 x28:80002c00 x2=0011fb58    # sub     sp, sp, t3
00000000 00000088 0002 800026a0  x2:0011f760 x5:80002bf0 x2=80122350     # add     sp, sp, t0
00000000 00000094 0006 800026b8  x2:0011e730 x2=0011e730                 # andi    sp, sp, -8
00000000 00000101 0008 800026e8  x5:80002bf0 x6:80002c00                 # bge     t0, t1, pc + 20
00000000 00000099 0005 800026e0  x6=800026e0                             # auipc   t1, 0x0
00000000 00000059 0007 8000262c  f27=        0.000000                    # fcvt.d.w fs11, zero
00000000 00000088 0003 800026a0  x2:0011f358 x5:80002bf0 x2=80121f48     # add     sp, sp, t0
00000000 00000096 0000 800026a0  x2:0011ff70 x5:80002bf0 x2=80122b60     # add     sp, sp, t0
00000000 00000092 0004 800026b0  x2:0011ef40 x2=0011ef40                 # andi    sp, sp, -8
00000000 00000092 0001 800026b0  x2:0011fb58 x2=0011fb58                 # andi    sp, sp, -8
00000000 00000089 0002 800026a4  x2:80122350 x6:80002bf0 x2=0011f760     # sub     sp, sp, t1
00000000 00000095 0006 800026bc  x4:0011e730 x29=0011e730                # mv      t4, tp
00000000 00000102 0008 800026ec  x29:0011df20 WA:0011df20                # sw      zero, 0(t4)
00000000 00000100 0005 800026e4  x6:800026e0 x6=80002c00                 # addi    t1, t1, 1312
00000000 00000060 0007 80002630  f28=        0.000000                    # fcvt.d.w ft8, zero
00000000 00000089 0003 800026a4  x2:80121f48 x6:80002bf0 x2=0011f358     # sub     sp, sp, t1
00000000 00000097 0000 800026a4  x2:80122b60 x6:80002bf0 x2=0011ff70     # sub     sp, sp, t1
00000000 00000093 0004 800026b4  x2:0011ef40 x4=0011ef40                 # mv      tp, sp
00000000 00000093 0001 800026b4  x2:0011fb58 x4=0011fb58                 # mv      tp, sp
00000000 00000090 0002 800026a8  x2:0011f760 x7:80002bf0 x2=80122350     # add     sp, sp, t2
00000000 00000096 0006 800026c0  x5:80002bf0 x6:80002bf0                 # bge     t0, t1, pc + 24
00000000 00000103 0008 800026f0  x5:80002bf0 x5=80002bf4                 # addi    t0, t0, 4
00000000 00000101 0005 800026e8  x5:80002bf0 x6:80002c00                 # bge     t0, t1, pc + 20
00000000 00000102 0005 800026ec  x29:0011eb38 WA:0011eb38                # sw      zero, 0(t4)
00000000 00000103 0005 800026f0  x5:80002bf0 x5=80002bf4                 # addi    t0, t0, 4
00000000 00000098 0000 800026a8  x2:0011ff70 x7:80002bf0 x2=80122b60     # add     sp, sp, t2
00000000 00000094 0004 800026b8  x2:0011ef40 x2=0011ef40                 # andi    sp, sp, -8
00000000 00000094 0001 800026b8  x2:0011fb58 x2=0011fb58                 # andi    sp, sp, -8
00000000 00000091 0002 800026ac  x2:80122350 x28:80002c00 x2=0011f750    # sub     sp, sp, t3
00000000 00000097 0006 800026d8  x5=800026d8                             # auipc   t0, 0x0
00000000 00000104 0008 800026f4  x29:0011df20 x29=0011df24               # addi    t4, t4, 4
00000000 00000105 0008 800026f8  x5:80002bf4 x7:80002bf0                 # blt     t0, t2, pc - 12
00000000 00000106 0008 800026fc  x2:0011df20 x2=0011df0c                 # addi    sp, sp, -20
00000000 00000090 0003 800026a8  x2:0011f358 x7:80002bf0 x2=80121f48     # add     sp, sp, t2
00000000 00000104 0005 800026f4  x29:0011eb38 x29=0011eb3c               # addi    t4, t4, 4
00000000 00000099 0000 800026ac  x2:80122b60 x28:80002c00 x2=0011ff60    # sub     sp, sp, t3
00000000 00000095 0004 800026bc  x4:0011ef40 x29=0011ef40                # mv      t4, tp
00000000 00000095 0001 800026bc  x4:0011fb58 x29=0011fb58                # mv      t4, tp
00000000 00000092 0002 800026b0  x2:0011f750 x2=0011f750                 # andi    sp, sp, -8
00000000 00000098 0006 800026dc  x5:800026d8 x5=80002bf0                 # addi    t0, t0, 1304
00000000 00000099 0006 800026e0  x6=800026e0                             # auipc   t1, 0x0
00000000 00000107 0008 80002700  x2:0011df0c x10:00000008 WA:0011df0c    # sw      a0, 0(sp)
00000000 00000091 0003 800026ac  x2:80121f48 x28:80002c00 x2=0011f348    # sub     sp, sp, t3
00000000 00000105 0005 800026f8  x5:80002bf4 x7:80002bf0                 # blt     t0, t2, pc - 12
00000000 00000100 0000 800026b0  x2:0011ff60 x2=0011ff60                 # andi    sp, sp, -8
00000000 00000101 0000 800026b4  x2:0011ff60 x4=0011ff60                 # mv      tp, sp
00000000 00000102 0000 800026b8  x2:0011ff60 x2=0011ff60                 # andi    sp, sp, -8
00000000 00000093 0002 800026b4  x2:0011f750 x4=0011f750                 # mv      tp, sp
00000000 00000061 0007 80002634  f29=        0.000000                    # fcvt.d.w ft9, zero
00000000 00000100 0006 800026e4  x6:800026e0 x6=80002c00                 # addi    t1, t1, 1312
00000000 00000108 0008 80002704  x2:0011df0c x11:00000009 WA:0011df10    # sw      a1, 4(sp)
00000000 00000092 0003 800026b0  x2:0011f348 x2=0011f348                 # andi    sp, sp, -8
00000000 00000106 0005 800026fc  x2:0011eb38 x2=0011eb24                 # addi    sp, sp, -20
00000000 00000107 0005 80002700  x2:0011eb24 x10:00000005 WA:0011eb24    # sw      a0, 0(sp)
00000000 00000096 0001 800026c0  x5:80002bf0 x6:80002bf0                 # bge     t0, t1, pc + 24
00000000 00000103 0000 800026bc  x4:0011ff60 x29=0011ff60                # mv      t4, tp
00000000 00000094 0002 800026b8  x2:0011f750 x2=0011f750                 # andi    sp, sp, -8
00000000 00000095 0002 800026bc  x4:0011f750 x29=0011f750                # mv      t4, tp
00000000 00000096 0002 800026c0  x5:80002bf0 x6:80002bf0                 # bge     t0, t1, pc + 24
00000000 00000097 0002 800026d8  x5=800026d8                             # auipc   t0, 0x0
00000000 00000093 0003 800026b4  x2:0011f348 x4=0011f348                 # mv      tp, sp
00000000 00000094 0003 800026b8  x2:0011f348 x2=0011f348                 # andi    sp, sp, -8
00000000 00000108 0005 80002704  x2:0011eb24 x11:00000009 WA:0011eb28    # sw      a1, 4(sp)
00000000 00000097 0001 800026d8  x5=800026d8                             # auipc   t0, 0x0
00000000 00000104 0000 800026c0  x5:80002bf0 x6:80002bf0                 # bge     t0, t1, pc + 24
00000000 00000062 0007 80002638  f30=        0.000000                    # fcvt.d.w ft10, zero
00000000 00000101 0006 800026e8  x5:80002bf0 x6:80002c00                 # bge     t0, t1, pc + 20
00000000 00000109 0008 80002708  x2:0011df0c x12:00100000 WA:0011df14    # sw      a2, 8(sp)
00000000 00000098 0002 800026dc  x5:800026d8 x5=80002bf0                 # addi    t0, t0, 1304
00000000 00000099 0002 800026e0  x6=800026e0                             # auipc   t1, 0x0
00000000 00000095 0003 800026bc  x4:0011f348 x29=0011f348                # mv      t4, tp
00000000 00000109 0005 80002708  x2:0011eb24 x12:00100000 WA:0011eb2c    # sw      a2, 8(sp)
00000000 00000098 0001 800026dc  x5:800026d8 x5=80002bf0                 # addi    t0, t0, 1304
00000000 00000105 0000 800026d8  x5=800026d8                             # auipc   t0, 0x0
00000000 00000106 0000 800026dc  x5:800026d8 x5=80002bf0                 # addi    t0, t0, 1304
00000000 00000107 0000 800026e0  x6=800026e0                             # auipc   t1, 0x0
00000000 00000108 0000 800026e4  x6:800026e0 x6=80002c00                 # addi    t1, t1, 1312
00000000 00000109 0000 800026e8  x5:80002bf0 x6:80002c00                 # bge     t0, t1, pc + 20
00000000 00000100 0002 800026e4  x6:800026e0 x6=80002c00                 # addi    t1, t1, 1312
00000000 00000096 0003 800026c0  x5:80002bf0 x6:80002bf0                 # bge     t0, t1, pc + 24
00000000 00000110 0005 8000270c  x2:0011eb24 x13:0011db28 WA:0011eb30    # sw      a3, 12(sp)
00000000 00000099 0001 800026e0  x6=800026e0                             # auipc   t1, 0x0
00000000 00000100 0001 800026e4  x6:800026e0 x6=80002c00                 # addi    t1, t1, 1312
00000000 00000102 0006 800026ec  x29:0011e730 WA:0011e730                # sw      zero, 0(t4)
00000000 00000110 0008 8000270c  x2:0011df0c x13:0011db28 WA:0011df18    # sw      a3, 12(sp)
00000000 00000111 0008 80002710  x2:0011df0c x14:01000000 WA:0011df1c    # sw      a4, 16(sp)
00000000 00000112 0008 80002714  x1=80002714                             # auipc   ra, 0x0
00000000 00000113 0008 80002718  x1:80002714 x1=8000271c                 # jalr    ra, ra, -804
00000000 00000097 0003 800026d8  x5=800026d8                             # auipc   t0, 0x0
00000000 00000111 0005 80002710  x2:0011eb24 x14:01000000 WA:0011eb34    # sw      a4, 16(sp)
00000000 00000112 0005 80002714  x1=80002714                             # auipc   ra, 0x0
00000000 00000113 0005 80002718  x1:80002714 x1=8000271c                 # jalr    ra, ra, -804
00000000 00000103 0006 800026f0  x5:80002bf0 x5=80002bf4                 # addi    t0, t0, 4
00000000 00000096 0004 800026c0  x5:80002bf0 x6:80002bf0                 # bge     t0, t1, pc + 24
00000000 00000110 0000 800026ec  x29:0011ff60 WA:0011ff60                # sw      zero, 0(t4)
00000000 00000101 0002 800026e8  x5:80002bf0 x6:80002c00                 # bge     t0, t1, pc + 20
00000000 00000114 0008 800023f0  x15:0011ff70 x15:0011ff70 WA:0011ff70   # sw      a5, 0(a5)
00000000 00000098 0003 800026dc  x5:800026d8 x5=80002bf0                 # addi    t0, t0, 1304
00000000 00000063 0007 8000263c  f31=        0.000000                    # fcvt.d.w ft11, zero
00000000 00000101 0001 800026e8  x5:80002bf0 x6:80002c00                 # bge     t0, t1, pc + 20
00000000 00000114 0005 800023f0  x15:0011ff70 x15:0011ff70 WA:0011ff70   # sw      a5, 0(a5)
00000000 00000104 0006 800026f4  x29:0011e730 x29=0011e734               # addi    t4, t4, 4
00000000 00000105 0006 800026f8  x5:80002bf4 x7:80002bf0                 # blt     t0, t2, pc - 12
00000000 00000106 0006 800026fc  x2:0011e730 x2=0011e71c                 # addi    sp, sp, -20
00000000 00000102 0002 800026ec  x29:0011f750 WA:0011f750                # sw      zero, 0(t4)
00000000 00000115 0008 800023f4  x15:0011ff70 x14:01000000 WA:0011ff74   # sw      a4, 4(a5)
00000000 00000099 0003 800026e0  x6=800026e0                             # auipc   t1, 0x0
00000000 00000100 0003 800026e4  x6:800026e0 x6=80002c00                 # addi    t1, t1, 1312
00000000 00000101 0003 800026e8  x5:80002bf0 x6:80002c00                 # bge     t0, t1, pc + 20
00000000 00000115 0005 800023f4  x15:0011ff70 x14:01000000 WA:0011ff74   # sw      a4, 4(a5)
00000000 00000097 0004 800026d8  x5=800026d8                             # auipc   t0, 0x0
00000000 00000111 0000 800026f0  x5:80002bf0 x5=80002bf4                 # addi    t0, t0, 4
00000000 00000107 0006 80002700  x2:0011e71c x10:00000006 WA:0011e71c    # sw      a0, 0(sp)
00000000 00000103 0002 800026f0  x5:80002bf0 x5=80002bf4                 # addi    t0, t0, 4
00000000 00000116 0008 800023f8  x14:01000000 RA:01000008 x6=00000000    # lw      t1, 8(a4)
00000000 00000064 0007 80002640  x13:00120000 x13=0011fff8               # addi    a3, a3, -8
00000000 00000102 0001 800026ec  x29:0011fb58 WA:0011fb58                # sw      zero, 0(t4)
00000000 00000102 0003 800026ec  x29:0011f348 WA:0011f348                # sw      zero, 0(t4)
00000000 00000116 0005 800023f8  x14:01000000 RA:01000008 x6=00000000    # lw      t1, 8(a4)
00000000 00000117 0005 800023fc  x15:0011ff70 x6:00000000 WA:0011ff78    # sw      t1, 8(a5)
00000000 00000112 0000 800026f4  x29:0011ff60 x29=0011ff64               # addi    t4, t4, 4
00000000 00000108 0006 80002704  x2:0011e71c x11:00000009 WA:0011e720    # sw      a1, 4(sp)
00000000 00000104 0002 800026f4  x29:0011f750 x29=0011f754               # addi    t4, t4, 4
00000000 00000117 0008 800023fc  x15:0011ff70 x6:00000000 WA:0011ff78    # sw      t1, 8(a5)
00000000 00000065 0007 80002644  x13:0011fff8 WA:0011fff8                # sw      zero, 0(a3)
00000000 00000103 0001 800026f0  x5:80002bf0 x5=80002bf4                 # addi    t0, t0, 4
00000000 00000103 0003 800026f0  x5:80002bf0 x5=80002bf4                 # addi    t0, t0, 4
00000000 00000104 0003 800026f4  x29:0011f348 x29=0011f34c               # addi    t4, t4, 4
00000000 00000118 0005 80002400  x14:01000000 RA:01000028 x16=00000001   # lw      a6, 40(a4)
00000000 00000113 0000 800026f8  x5:80002bf4 x7:80002bf0                 # blt     t0, t2, pc - 12
00000000 00000109 0006 80002708  x2:0011e71c x12:00100000 WA:0011e724    # sw      a2, 8(sp)
00000000 00000105 0002 800026f8  x5:80002bf4 x7:80002bf0                 # blt     t0, t2, pc - 12
00000000 00000118 0008 80002400  x14:01000000 RA:01000028 x16=00000001   # lw      a6, 40(a4)
00000000 00000066 0007 80002648  x5=80002648                             # auipc   t0, 0x0
00000000 00000104 0001 800026f4  x29:0011fb58 x29=0011fb5c               # addi    t4, t4, 4
00000000 00000067 0007 8000264c  x5:80002648 RA:800029c8 x5=00000088     # lw      t0, 896(t0)
00000000 00000098 0004 800026dc  x5:800026d8 x5=80002bf0                 # addi    t0, t0, 1304
00000000 00000105 0003 800026f8  x5:80002bf4 x7:80002bf0                 # blt     t0, t2, pc - 12
00000000 00000119 0005 80002404  x14:01000000 RA:0100002c x17=00000001   # lw      a7, 44(a4)
00000000 00000114 0000 800026fc  x2:0011ff60 x2=0011ff4c                 # addi    sp, sp, -20
00000000 00000110 0006 8000270c  x2:0011e71c x13:0011db28 WA:0011e728    # sw      a3, 12(sp)
00000000 00000119 0008 80002404  x14:01000000 RA:0100002c x17=00000001   # lw      a7, 44(a4)
00000000 00000105 0001 800026f8  x5:80002bf4 x7:80002bf0                 # blt     t0, t2, pc - 12
00000000 00000106 0001 800026fc  x2:0011fb58 x2=0011fb44                 # addi    sp, sp, -20
00000000 00000099 0004 800026e0  x6=800026e0                             # auipc   t1, 0x0
00000000 00000106 0003 800026fc  x2:0011f348 x2=0011f334                 # addi    sp, sp, -20
00000000 00000120 0005 80002408  x14:01000000 RA:01000004 x5=00000009    # lw      t0, 4(a4)
00000000 00000106 0002 800026fc  x2:0011f750 x2=0011f73c                 # addi    sp, sp, -20
00000000 00000115 0000 80002700  x2:0011ff4c x10:00000000 WA:0011ff4c    # sw      a0, 0(sp)
00000000 00000111 0006 80002710  x2:0011e71c x14:01000000 WA:0011e72c    # sw      a4, 16(sp)
00000000 00000120 0008 80002408  x14:01000000 RA:01000004 x5=00000009    # lw      t0, 4(a4)
00000000 00000068 0007 80002650  x13:0011fff8 x5:00000088 x13=0011ff70   # sub     a3, a3, t0
00000000 00000107 0001 80002700  x2:0011fb44 x10:00000001 WA:0011fb44    # sw      a0, 0(sp)
00000000 00000100 0004 800026e4  x6:800026e0 x6=80002c00                 # addi    t1, t1, 1312
00000000 00000107 0003 80002700  x2:0011f334 x10:00000003 WA:0011f334    # sw      a0, 0(sp)
00000000 00000121 0005 8000240c  x17:00000001 x16:00000001 x16=00000001  # mul     a6, a7, a6
00000000 00000107 0002 80002700  x2:0011f73c x10:00000002 WA:0011f73c    # sw      a0, 0(sp)
00000000 00000116 0000 80002704  x2:0011ff4c x11:00000009 WA:0011ff50    # sw      a1, 4(sp)
00000000 00000112 0006 80002714  x1=80002714                             # auipc   ra, 0x0
00000000 00000121 0008 8000240c  x17:00000001 x16:00000001 x16=00000001  # mul     a6, a7, a6
00000000 00000122 0008 80002410  x16:00000001 x5:00000009 x10=00000009   # mul     a0, a6, t0
00000000 00000123 0008 80002414  x15:0011ff70 x10:00000009 WA:0011ff7c   # sw      a0, 12(a5)
00000000 00000124 0008 80002418  x17=00000008                            # csrr    a7, mhartid
00000000 00000125 0008 8000241c  x17:00000008 x6:00000000 x10=00000008   # sub     a0, a7, t1
00000000 00000126 0008 80002420  x10:00000008 x5:00000009 x10=00000000   # divu    a0, a0, t0
00000000 00000108 0002 80002704  x2:0011f73c x11:00000009 WA:0011f740    # sw      a1, 4(sp)
00000000 00000117 0000 80002708  x2:0011ff4c x12:00100000 WA:0011ff54    # sw      a2, 8(sp)
00000000 00000113 0006 80002718  x1:80002714 x1=8000271c                 # jalr    ra, ra, -804
00000000 00000069 0007 80002654  x13:0011ff70 x15=0011ff70               # mv      a5, a3
00000000 00000114 0006 800023f0  x15:0011ff70 x15:0011ff70 WA:0011ff70   # sw      a5, 0(a5)
00000000 00000108 0001 80002704  x2:0011fb44 x11:00000009 WA:0011fb48    # sw      a1, 4(sp)
00000000 00000101 0004 800026e8  x5:80002bf0 x6:80002c00                 # bge     t0, t1, pc + 20
00000000 00000108 0003 80002704  x2:0011f334 x11:00000009 WA:0011f338    # sw      a1, 4(sp)
00000000 00000122 0005 80002410  x16:00000001 x5:00000009 x10=00000009   # mul     a0, a6, t0
00000000 00000123 0005 80002414  x15:0011ff70 x10:00000009 WA:0011ff7c   # sw      a0, 12(a5)
00000000 00000124 0005 80002418  x17=00000005                            # csrr    a7, mhartid
00000000 00000125 0005 8000241c  x17:00000005 x6:00000000 x10=00000005   # sub     a0, a7, t1
00000000 00000115 0006 800023f4  x15:0011ff70 x14:01000000 WA:0011ff74   # sw      a4, 4(a5)
00000000 00000070 0007 80002658  x7=80002658                             # auipc   t2, 0x0
00000000 00000109 0001 80002708  x2:0011fb44 x12:00100000 WA:0011fb4c    # sw      a2, 8(sp)
00000000 00000102 0004 800026ec  x29:0011ef40 WA:0011ef40                # sw      zero, 0(t4)
00000000 00000109 0003 80002708  x2:0011f334 x12:00100000 WA:0011f33c    # sw      a2, 8(sp)
00000000 00000127 0008 80002424  x15:0011ff70 x10:00000000 WA:0011ff80   # sw      a0, 16(a5)
00000000 00000109 0002 80002708  x2:0011f73c x12:00100000 WA:0011f744    # sw      a2, 8(sp)
00000000 00000118 0000 8000270c  x2:0011ff4c x13:0011db28 WA:0011ff58    # sw      a3, 12(sp)
00000000 00000126 0005 80002420  x10:00000005 x5:00000009 x10=00000000   # divu    a0, a0, t0
00000000 00000116 0006 800023f8  x14:01000000 RA:01000008 x6=00000000    # lw      t1, 8(a4)
00000000 00000127 0005 80002424  x15:0011ff70 x10:00000000 WA:0011ff80   # sw      a0, 16(a5)
00000000 00000071 0007 8000265c  x7:80002658 RA:800029cc x7=0000000a     # lw      t2, 884(t2)
00000000 00000110 0001 8000270c  x2:0011fb44 x13:0011db28 WA:0011fb50    # sw      a3, 12(sp)
00000000 00000103 0004 800026f0  x5:80002bf0 x5=80002bf4                 # addi    t0, t0, 4
00000000 00000110 0003 8000270c  x2:0011f334 x13:0011db28 WA:0011f340    # sw      a3, 12(sp)
00000000 00000128 0008 80002428  x15:0011ff70 x16:00000001 WA:0011ff84   # sw      a6, 20(a5)
00000000 00000110 0002 8000270c  x2:0011f73c x13:0011db28 WA:0011f748    # sw      a3, 12(sp)
00000000 00000111 0002 80002710  x2:0011f73c x14:01000000 WA:0011f74c    # sw      a4, 16(sp)
00000000 00000112 0002 80002714  x1=80002714                             # auipc   ra, 0x0
00000000 00000113 0002 80002718  x1:80002714 x1=8000271c                 # jalr    ra, ra, -804
00000000 00000072 0007 80002660  x10:00000007 x7:0000000a x5=00001c00    # sll     t0, a0, t2
00000000 00000111 0001 80002710  x2:0011fb44 x14:01000000 WA:0011fb54    # sw      a4, 16(sp)
00000000 00000104 0004 800026f4  x29:0011ef40 x29=0011ef44               # addi    t4, t4, 4
00000000 00000111 0003 80002710  x2:0011f334 x14:01000000 WA:0011f344    # sw      a4, 16(sp)
00000000 00000112 0003 80002714  x1=80002714                             # auipc   ra, 0x0
00000000 00000113 0003 80002718  x1:80002714 x1=8000271c                 # jalr    ra, ra, -804
00000000 00000128 0005 80002428  x15:0011ff70 x16:00000001 WA:0011ff84   # sw      a6, 20(a5)
00000000 00000117 0006 800023fc  x15:0011ff70 x6:00000000 WA:0011ff78    # sw      t1, 8(a5)
00000000 00000114 0002 800023f0  x15:0011ff70 x15:0011ff70 WA:0011ff70   # sw      a5, 0(a5)
00000000 00000073 0007 80002664  x11:00000009 x7:0000000a x6=00002400    # sll     t1, a1, t2
00000000 00000112 0001 80002714  x1=80002714                             # auipc   ra, 0x0
00000000 00000105 0004 800026f8  x5:80002bf4 x7:80002bf0                 # blt     t0, t2, pc - 12
00000000 00000129 0008 8000242c  x15:0011ff70 x6:00000000 WA:0011ff88    # sw      t1, 24(a5)
00000000 00000119 0000 80002710  x2:0011ff4c x14:01000000 WA:0011ff5c    # sw      a4, 16(sp)
00000000 00000114 0003 800023f0  x15:0011ff70 x15:0011ff70 WA:0011ff70   # sw      a5, 0(a5)
00000000 00000129 0005 8000242c  x15:0011ff70 x6:00000000 WA:0011ff88    # sw      t1, 24(a5)
00000000 00000118 0006 80002400  x14:01000000 RA:01000028 x16=00000001   # lw      a6, 40(a4)
00000000 00000115 0002 800023f4  x15:0011ff70 x14:01000000 WA:0011ff74   # sw      a4, 4(a5)
00000000 00000074 0007 80002668  x13:0011ff70 x5:00001c00 x2=0011e370    # sub     sp, a3, t0
00000000 00000113 0001 80002718  x1:80002714 x1=8000271c                 # jalr    ra, ra, -804
00000000 00000106 0004 800026fc  x2:0011ef40 x2=0011ef2c                 # addi    sp, sp, -20
00000000 00000114 0001 800023f0  x15:0011ff70 x15:0011ff70 WA:0011ff70   # sw      a5, 0(a5)
00000000 00000130 0008 80002430  x15:0011ff70 x11:00000009 WA:0011ff8c   # sw      a1, 28(a5)
00000000 00000115 0001 800023f4  x15:0011ff70 x14:01000000 WA:0011ff74   # sw      a4, 4(a5)
00000000 00000115 0003 800023f4  x15:0011ff70 x14:01000000 WA:0011ff74   # sw      a4, 4(a5)
00000000 00000130 0005 80002430  x15:0011ff70 x11:00000009 WA:0011ff8c   # sw      a1, 28(a5)
00000000 00000119 0006 80002404  x14:01000000 RA:0100002c x17=00000001   # lw      a7, 44(a4)
00000000 00000116 0002 800023f8  x14:01000000 RA:01000008 x6=00000000    # lw      t1, 8(a4)
00000000 00000075 0007 8000266c  x13:0011ff70 x6:00002400 x13=0011db70   # sub     a3, a3, t1
00000000 00000107 0004 80002700  x2:0011ef2c x10:00000004 WA:0011ef2c    # sw      a0, 0(sp)
00000000 00000120 0000 80002714  x1=80002714                             # auipc   ra, 0x0
00000000 00000116 0001 800023f8  x14:01000000 RA:01000008 x6=00000000    # lw      t1, 8(a4)
00000000 00000131 0008 80002434  x14:01000000 RA:01000018 x10=80000000   # lw      a0, 24(a4)
00000000 00000116 0003 800023f8  x14:01000000 RA:01000008 x6=00000000    # lw      t1, 8(a4)
00000000 00000131 0005 80002434  x14:01000000 RA:01000018 x10=80000000   # lw      a0, 24(a4)
00000000 00000120 0006 80002408  x14:01000000 RA:01000004 x5=00000009    # lw      t0, 4(a4)
00000000 00000117 0002 800023fc  x15:0011ff70 x6:00000000 WA:0011ff78    # sw      t1, 8(a5)
00000000 00000076 0007 80002670  x10:00000007 x5=00000038                # slli    t0, a0, 3
00000000 00000108 0004 80002704  x2:0011ef2c x11:00000009 WA:0011ef30    # sw      a1, 4(sp)
00000000 00000109 0004 80002708  x2:0011ef2c x12:00100000 WA:0011ef34    # sw      a2, 8(sp)
00000000 00000117 0001 800023fc  x15:0011ff70 x6:00000000 WA:0011ff78    # sw      t1, 8(a5)
00000000 00000132 0008 80002438  x11=10000000                            # lui     a1, 0x10000
00000000 00000117 0003 800023fc  x15:0011ff70 x6:00000000 WA:0011ff78    # sw      t1, 8(a5)
00000000 00000132 0005 80002438  x11=10000000                            # lui     a1, 0x10000
00000000 00000121 0006 8000240c  x17:00000001 x16:00000001 x16=00000001  # mul     a6, a7, a6
00000000 00000118 0002 80002400  x14:01000000 RA:01000028 x16=00000001   # lw      a6, 40(a4)
00000000 00000077 0007 80002674  x11:00000009 x6=00000048                # slli    t1, a1, 3
00000000 00000121 0000 80002718  x1:80002714 x1=8000271c                 # jalr    ra, ra, -804
00000000 00000110 0004 8000270c  x2:0011ef2c x13:0011db28 WA:0011ef38    # sw      a3, 12(sp)
00000000 00000122 0000 800023f0  x15:0011ff70 x15:0011ff70 WA:0011ff70   # sw      a5, 0(a5)
00000000 00000133 0008 8000243c  x10:80000000 x11:10000000 x10=90000000  # add     a0, a0, a1
00000000 00000118 0003 80002400  x14:01000000 RA:01000028 x16=00000001   # lw      a6, 40(a4)
00000000 00000133 0005 8000243c  x10:80000000 x11:10000000 x10=90000000  # add     a0, a0, a1
00000000 00000122 0006 80002410  x16:00000001 x5:00000009 x10=00000009   # mul     a0, a6, t0
00000000 00000119 0002 80002404  x14:01000000 RA:0100002c x17=00000001   # lw      a7, 44(a4)
00000000 00000120 0002 80002408  x14:01000000 RA:01000004 x5=00000009    # lw      t0, 4(a4)
00000000 00000118 0001 80002400  x14:01000000 RA:01000028 x16=00000001   # lw      a6, 40(a4)
00000000 00000111 0004 80002710  x2:0011ef2c x14:01000000 WA:0011ef3c    # sw      a4, 16(sp)
00000000 00000123 0000 800023f4  x15:0011ff70 x14:01000000 WA:0011ff74   # sw      a4, 4(a5)
00000000 00000134 0008 80002440  x15:0011ff70 WA:0011ff94                # sw      zero, 36(a5)
00000000 00000135 0008 80002444  x15:0011ff70 x10:90000000 WA:0011ff90   # sw      a0, 32(a5)
00000000 00000136 0008 80002448  x14:01000000 RA:01000020 x10=00000000   # lw      a0, 32(a4)
00000000 00000123 0006 80002414  x15:0011ff70 x10:00000009 WA:0011ff7c   # sw      a0, 12(a5)
00000000 00000078 0007 80002678  x2:0011e370 x5:00000038 x2=0011e338     # sub     sp, sp, t0
00000000 00000121 0002 8000240c  x17:00000001 x16:00000001 x16=00000001  # mul     a6, a7, a6
00000000 00000079 0007 8000267c  x13:0011db70 x6:00000048 x13=0011db28   # sub     a3, a3, t1
00000000 00000119 0001 80002404  x14:01000000 RA:0100002c x17=00000001   # lw      a7, 44(a4)
00000000 00000124 0000 800023f8  x14:01000000 RA:01000008 x6=00000000    # lw      t1, 8(a4)
00000000 00000125 0000 800023fc  x15:0011ff70 x6:00000000 WA:0011ff78    # sw      t1, 8(a5)
00000000 00000126 0000 80002400  x14:01000000 RA:01000028 x16=00000001   # lw      a6, 40(a4)
00000000 00000127 0000 80002404  x14:01000000 RA:0100002c x17=00000001   # lw      a7, 44(a4)
00000000 00000128 0000 80002408  x14:01000000 RA:01000004 x5=00000009    # lw      t0, 4(a4)
00000000 00000129 0000 8000240c  x17:00000001 x16:00000001 x16=00000001  # mul     a6, a7, a6
00000000 00000130 0000 80002410  x16:00000001 x5:00000009 x10=00000009   # mul     a0, a6, t0
00000000 00000112 0004 80002714  x1=80002714                             # auipc   ra, 0x0
00000000 00000120 0001 80002408  x14:01000000 RA:01000004 x5=00000009    # lw      t0, 4(a4)
00000000 00000119 0003 80002404  x14:01000000 RA:0100002c x17=00000001   # lw      a7, 44(a4)
00000000 00000120 0003 80002408  x14:01000000 RA:01000004 x5=00000009    # lw      t0, 4(a4)
00000000 00000137 0008 8000244c  x14:01000000 RA:01000024 x11=00000001   # lw      a1, 36(a4)
00000000 00000124 0006 80002418  x17=00000006                            # csrr    a7, mhartid
00000000 00000122 0002 80002410  x16:00000001 x5:00000009 x10=00000009   # mul     a0, a6, t0
00000000 00000123 0002 80002414  x15:0011ff70 x10:00000009 WA:0011ff7c   # sw      a0, 12(a5)
00000000 00000124 0002 80002418  x17=00000002                            # csrr    a7, mhartid
00000000 00000125 0002 8000241c  x17:00000002 x6:00000000 x10=00000002   # sub     a0, a7, t1
00000000 00000126 0002 80002420  x10:00000002 x5:00000009 x10=00000000   # divu    a0, a0, t0
00000000 00000134 0005 80002440  x15:0011ff70 WA:0011ff94                # sw      zero, 36(a5)
00000000 00000121 0003 8000240c  x17:00000001 x16:00000001 x16=00000001  # mul     a6, a7, a6
00000000 00000138 0008 80002450  x15:0011ff70 x10:00000000 WA:0011ff98   # sw      a0, 40(a5)
00000000 00000125 0006 8000241c  x17:00000006 x6:00000000 x10=00000006   # sub     a0, a7, t1
00000000 00000080 0007 80002680  x5=80002680                             # auipc   t0, 0x0
00000000 00000131 0000 80002414  x15:0011ff70 x10:00000009 WA:0011ff7c   # sw      a0, 12(a5)
00000000 00000113 0004 80002718  x1:80002714 x1=8000271c                 # jalr    ra, ra, -804
00000000 00000121 0001 8000240c  x17:00000001 x16:00000001 x16=00000001  # mul     a6, a7, a6
00000000 00000114 0004 800023f0  x15:0011ff70 x15:0011ff70 WA:0011ff70   # sw      a5, 0(a5)
00000000 00000127 0002 80002424  x15:0011ff70 x10:00000000 WA:0011ff80   # sw      a0, 16(a5)
00000000 00000135 0005 80002444  x15:0011ff70 x10:90000000 WA:0011ff90   # sw      a0, 32(a5)
00000000 00000122 0003 80002410  x16:00000001 x5:00000009 x10=00000009   # mul     a0, a6, t0
00000000 00000139 0008 80002454  x15:0011ff70 x11:00000001 WA:0011ff9c   # sw      a1, 44(a5)
00000000 00000126 0006 80002420  x10:00000006 x5:00000009 x10=00000000   # divu    a0, a0, t0
00000000 00000081 0007 80002684  x5:80002680 x5=80002bf0                 # addi    t0, t0, 1392
00000000 00000132 0000 80002418  x17=00000000                            # csrr    a7, mhartid
00000000 00000115 0004 800023f4  x15:0011ff70 x14:01000000 WA:0011ff74   # sw      a4, 4(a5)
00000000 00000122 0001 80002410  x16:00000001 x5:00000009 x10=00000009   # mul     a0, a6, t0
00000000 00000128 0002 80002428  x15:0011ff70 x16:00000001 WA:0011ff84   # sw      a6, 20(a5)
00000000 00000136 0005 80002448  x14:01000000 RA:01000020 x10=00000000   # lw      a0, 32(a4)
00000000 00000123 0003 80002414  x15:0011ff70 x10:00000009 WA:0011ff7c   # sw      a0, 12(a5)
00000000 00000140 0008 80002458  x15:0011ff70 x12:00100000 WA:0011ffa0   # sw      a2, 48(a5)
00000000 00000127 0006 80002424  x15:0011ff70 x10:00000000 WA:0011ff80   # sw      a0, 16(a5)
00000000 00000082 0007 80002688  x6=80002688                             # auipc   t1, 0x0
00000000 00000083 0007 8000268c  x6:80002688 x6=80002bf0                 # addi    t1, t1, 1384
00000000 00000116 0004 800023f8  x14:01000000 RA:01000008 x6=00000000    # lw      t1, 8(a4)
00000000 00000123 0001 80002414  x15:0011ff70 x10:00000009 WA:0011ff7c   # sw      a0, 12(a5)
00000000 00000129 0002 8000242c  x15:0011ff70 x6:00000000 WA:0011ff88    # sw      t1, 24(a5)
00000000 00000137 0005 8000244c  x14:01000000 RA:01000024 x11=00000001   # lw      a1, 36(a4)
00000000 00000124 0003 80002418  x17=00000003                            # csrr    a7, mhartid
00000000 00000141 0008 8000245c  x15:0011ff70 WA:0011ffa4                # sw      zero, 52(a5)
00000000 00000128 0006 80002428  x15:0011ff70 x16:00000001 WA:0011ff84   # sw      a6, 20(a5)
00000000 00000133 0000 8000241c  x17:00000000 x6:00000000 x10=00000000   # sub     a0, a7, t1
00000000 00000084 0007 80002690  x7=80002690                             # auipc   t2, 0x0
00000000 00000117 0004 800023fc  x15:0011ff70 x6:00000000 WA:0011ff78    # sw      t1, 8(a5)
00000000 00000124 0001 80002418  x17=00000001                            # csrr    a7, mhartid
00000000 00000130 0002 80002430  x15:0011ff70 x11:00000009 WA:0011ff8c   # sw      a1, 28(a5)
00000000 00000138 0005 80002450  x15:0011ff70 x10:00000000 WA:0011ff98   # sw      a0, 40(a5)
00000000 00000125 0003 8000241c  x17:00000003 x6:00000000 x10=00000003   # sub     a0, a7, t1
00000000 00000142 0008 80002460  x15:0011ff70 x13:0011db28 WA:0011ffa8   # sw      a3, 56(a5)
00000000 00000129 0006 8000242c  x15:0011ff70 x6:00000000 WA:0011ff88    # sw      t1, 24(a5)
00000000 00000134 0000 80002420  x10:00000000 x5:00000009 x10=00000000   # divu    a0, a0, t0
00000000 00000085 0007 80002694  x7:80002690 x7=80002bf0                 # addi    t2, t2, 1376
00000000 00000135 0000 80002424  x15:0011ff70 x10:00000000 WA:0011ff80   # sw      a0, 16(a5)
00000000 00000125 0001 8000241c  x17:00000001 x6:00000000 x10=00000001   # sub     a0, a7, t1
00000000 00000131 0002 80002434  x14:01000000 RA:01000018 x10=80000000   # lw      a0, 24(a4)
00000000 00000139 0005 80002454  x15:0011ff70 x11:00000001 WA:0011ff9c   # sw      a1, 44(a5)
00000000 00000126 0003 80002420  x10:00000003 x5:00000009 x10=00000000   # divu    a0, a0, t0
00000000 00000143 0008 80002464  x15:0011ff70 WA:0011ffac                # sw      zero, 60(a5)
00000000 00000127 0003 80002424  x15:0011ff70 x10:00000000 WA:0011ff80   # sw      a0, 16(a5)
00000000 00000130 0006 80002430  x15:0011ff70 x11:00000009 WA:0011ff8c   # sw      a1, 28(a5)
00000000 00000118 0004 80002400  x14:01000000 RA:01000028 x16=00000001   # lw      a6, 40(a4)
00000000 00000086 0007 80002698  x28=80002698                            # auipc   t3, 0x0
00000000 00000136 0000 80002428  x15:0011ff70 x16:00000001 WA:0011ff84   # sw      a6, 20(a5)
00000000 00000126 0001 80002420  x10:00000001 x5:00000009 x10=00000000   # divu    a0, a0, t0
00000000 00000132 0002 80002438  x11=10000000                            # lui     a1, 0x10000
00000000 00000127 0001 80002424  x15:0011ff70 x10:00000000 WA:0011ff80   # sw      a0, 16(a5)
00000000 00000128 0003 80002428  x15:0011ff70 x16:00000001 WA:0011ff84   # sw      a6, 20(a5)
00000000 00000144 0008 80002468  x14:01000000 RA:01000010 x10=00020000   # lw      a0, 16(a4)
00000000 00000131 0006 80002434  x14:01000000 RA:01000018 x10=80000000   # lw      a0, 24(a4)
00000000 00000119 0004 80002404  x14:01000000 RA:0100002c x17=00000001   # lw      a7, 44(a4)
00000000 00000087 0007 8000269c  x28:80002698 x28=80002c00               # addi    t3, t3, 1384
00000000 00000137 0000 8000242c  x15:0011ff70 x6:00000000 WA:0011ff88    # sw      t1, 24(a5)
00000000 00000140 0005 80002458  x15:0011ff70 x12:00100000 WA:0011ffa0   # sw      a2, 48(a5)
00000000 00000133 0002 8000243c  x10:80000000 x11:10000000 x10=90000000  # add     a0, a0, a1
00000000 00000128 0001 80002428  x15:0011ff70 x16:00000001 WA:0011ff84   # sw      a6, 20(a5)
00000000 00000129 0003 8000242c  x15:0011ff70 x6:00000000 WA:0011ff88    # sw      t1, 24(a5)
00000000 00000145 0008 8000246c  x12:00100000 x10:00020000 x16=00120000  # add     a6, a2, a0
00000000 00000132 0006 80002438  x11=10000000                            # lui     a1, 0x10000
00000000 00000120 0004 80002408  x14:01000000 RA:01000004 x5=00000009    # lw      t0, 4(a4)
00000000 00000088 0007 800026a0  x2:0011e338 x5:80002bf0 x2=80120f28     # add     sp, sp, t0
00000000 00000138 0000 80002430  x15:0011ff70 x11:00000009 WA:0011ff8c   # sw      a1, 28(a5)
00000000 00000141 0005 8000245c  x15:0011ff70 WA:0011ffa4                # sw      zero, 52(a5)
00000000 00000134 0002 80002440  x15:0011ff70 WA:0011ff94                # sw      zero, 36(a5)
00000000 00000129 0001 8000242c  x15:0011ff70 x6:00000000 WA:0011ff88    # sw      t1, 24(a5)
00000000 00000130 0003 80002430  x15:0011ff70 x11:00000009 WA:0011ff8c   # sw      a1, 28(a5)
00000000 00000146 0008 80002470  x16:00120000 x11=00120190               # addi    a1, a6, 400
00000000 00000133 0006 8000243c  x10:80000000 x11:10000000 x10=90000000  # add     a0, a0, a1
00000000 00000121 0004 8000240c  x17:00000001 x16:00000001 x16=00000001  # mul     a6, a7, a6
00000000 00000089 0007 800026a4  x2:80120f28 x6:80002bf0 x2=0011e338     # sub     sp, sp, t1
00000000 00000139 0000 80002434  x14:01000000 RA:01000018 x10=80000000   # lw      a0, 24(a4)
00000000 00000142 0005 80002460  x15:0011ff70 x13:0011db28 WA:0011ffa8   # sw      a3, 56(a5)
00000000 00000135 0002 80002444  x15:0011ff70 x10:90000000 WA:0011ff90   # sw      a0, 32(a5)
00000000 00000130 0001 80002430  x15:0011ff70 x11:00000009 WA:0011ff8c   # sw      a1, 28(a5)
00000000 00000131 0003 80002434  x14:01000000 RA:01000018 x10=80000000   # lw      a0, 24(a4)
00000000 00000147 0008 80002474  x15:0011ff70 x11:00120190 WA:0011ffe0   # sw      a1, 112(a5)
00000000 00000134 0006 80002440  x15:0011ff70 WA:0011ff94                # sw      zero, 36(a5)
00000000 00000122 0004 80002410  x16:00000001 x5:00000009 x10=00000009   # mul     a0, a6, t0
00000000 00000090 0007 800026a8  x2:0011e338 x7:80002bf0 x2=80120f28     # add     sp, sp, t2
00000000 00000140 0000 80002438  x11=10000000                            # lui     a1, 0x10000
00000000 00000143 0005 80002464  x15:0011ff70 WA:0011ffac                # sw      zero, 60(a5)
00000000 00000136 0002 80002448  x14:01000000 RA:01000020 x10=00000000   # lw      a0, 32(a4)
00000000 00000131 0001 80002434  x14:01000000 RA:01000018 x10=80000000   # lw      a0, 24(a4)
00000000 00000132 0003 80002438  x11=10000000                            # lui     a1, 0x10000
00000000 00000148 0008 80002478  x16:00120000 x10:00020000 x5=00000000   # sltu    t0, a6, a0
00000000 00000135 0006 80002444  x15:0011ff70 x10:90000000 WA:0011ff90   # sw      a0, 32(a5)
00000000 00000123 0004 80002414  x15:0011ff70 x10:00000009 WA:0011ff7c   # sw      a0, 12(a5)
00000000 00000091 0007 800026ac  x2:80120f28 x28:80002c00 x2=0011e328    # sub     sp, sp, t3
00000000 00000092 0007 800026b0  x2:0011e328 x2=0011e328                 # andi    sp, sp, -8
00000000 00000144 0005 80002468  x14:01000000 RA:01000010 x10=00020000   # lw      a0, 16(a4)
00000000 00000137 0002 8000244c  x14:01000000 RA:01000024 x11=00000001   # lw      a1, 36(a4)
00000000 00000132 0001 80002438  x11=10000000                            # lui     a1, 0x10000
00000000 00000133 0003 8000243c  x10:80000000 x11:10000000 x10=90000000  # add     a0, a0, a1
00000000 00000149 0008 8000247c  x10:00020000 x11=00010000               # srli    a1, a0, 1
00000000 00000136 0006 80002448  x14:01000000 RA:01000020 x10=00000000   # lw      a0, 32(a4)
00000000 00000124 0004 80002418  x17=00000004                            # csrr    a7, mhartid
00000000 00000141 0000 8000243c  x10:80000000 x11:10000000 x10=90000000  # add     a0, a0, a1
00000000 00000093 0007 800026b4  x2:0011e328 x4=0011e328                 # mv      tp, sp
00000000 00000145 0005 8000246c  x12:00100000 x10:00020000 x16=00120000  # add     a6, a2, a0
00000000 00000138 0002 80002450  x15:0011ff70 x10:00000000 WA:0011ff98   # sw      a0, 40(a5)
00000000 00000133 0001 8000243c  x10:80000000 x11:10000000 x10=90000000  # add     a0, a0, a1
00000000 00000134 0003 80002440  x15:0011ff70 WA:0011ff94                # sw      zero, 36(a5)
00000000 00000150 0008 80002480  x16:00120000 x11:00010000 x6=00130000   # add     t1, a6, a1
00000000 00000137 0006 8000244c  x14:01000000 RA:01000024 x11=00000001   # lw      a1, 36(a4)
00000000 00000125 0004 8000241c  x17:00000004 x6:00000000 x10=00000004   # sub     a0, a7, t1
00000000 00000142 0000 80002440  x15:0011ff70 WA:0011ff94                # sw      zero, 36(a5)
00000000 00000094 0007 800026b8  x2:0011e328 x2=0011e328                 # andi    sp, sp, -8
00000000 00000146 0005 80002470  x16:00120000 x11=00120190               # addi    a1, a6, 400
00000000 00000139 0002 80002454  x15:0011ff70 x11:00000001 WA:0011ff9c   # sw      a1, 44(a5)
00000000 00000134 0001 80002440  x15:0011ff70 WA:0011ff94                # sw      zero, 36(a5)
00000000 00000135 0003 80002444  x15:0011ff70 x10:90000000 WA:0011ff90   # sw      a0, 32(a5)
00000000 00000151 0008 80002484  x6:00130000 x16:00120000 x11=00000000   # sltu    a1, t1, a6
00000000 00000138 0006 80002450  x15:0011ff70 x10:00000000 WA:0011ff98   # sw      a0, 40(a5)
00000000 00000126 0004 80002420  x10:00000004 x5:00000009 x10=00000000   # divu    a0, a0, t0
00000000 00000143 0000 80002444  x15:0011ff70 x10:90000000 WA:0011ff90   # sw      a0, 32(a5)
00000000 00000127 0004 80002424  x15:0011ff70 x10:00000000 WA:0011ff80   # sw      a0, 16(a5)
00000000 00000095 0007 800026bc  x4:0011e328 x29=0011e328                # mv      t4, tp
00000000 00000147 0005 80002474  x15:0011ff70 x11:00120190 WA:0011ffe0   # sw      a1, 112(a5)
00000000 00000140 0002 80002458  x15:0011ff70 x12:00100000 WA:0011ffa0   # sw      a2, 48(a5)
00000000 00000135 0001 80002444  x15:0011ff70 x10:90000000 WA:0011ff90   # sw      a0, 32(a5)
00000000 00000141 0002 8000245c  x15:0011ff70 WA:0011ffa4                # sw      zero, 52(a5)
00000000 00000152 0008 80002488  x5:00000000 x11:00000000 x11=00000000   # add     a1, t0, a1
00000000 00000139 0006 80002454  x15:0011ff70 x11:00000001 WA:0011ff9c   # sw      a1, 44(a5)
00000000 00000144 0000 80002448  x14:01000000 RA:01000020 x10=00000000   # lw      a0, 32(a4)
00000000 00000128 0004 80002428  x15:0011ff70 x16:00000001 WA:0011ff84   # sw      a6, 20(a5)
00000000 00000096 0007 800026c0  x5:80002bf0 x6:80002bf0                 # bge     t0, t1, pc + 24
00000000 00000148 0005 80002478  x16:00120000 x10:00020000 x5=00000000   # sltu    t0, a6, a0
00000000 00000136 0003 80002448  x14:01000000 RA:01000020 x10=00000000   # lw      a0, 32(a4)
00000000 00000136 0001 80002448  x14:01000000 RA:01000020 x10=00000000   # lw      a0, 32(a4)
00000000 00000142 0002 80002460  x15:0011ff70 x13:0011db28 WA:0011ffa8   # sw      a3, 56(a5)
00000000 00000153 0008 8000248c  x15:0011ff70 x6:00130000 WA:0011ffb0    # sw      t1, 64(a5)
00000000 00000140 0006 80002458  x15:0011ff70 x12:00100000 WA:0011ffa0   # sw      a2, 48(a5)
00000000 00000145 0000 8000244c  x14:01000000 RA:01000024 x11=00000001   # lw      a1, 36(a4)
00000000 00000129 0004 8000242c  x15:0011ff70 x6:00000000 WA:0011ff88    # sw      t1, 24(a5)
00000000 00000146 0000 80002450  x15:0011ff70 x10:00000000 WA:0011ff98   # sw      a0, 40(a5)
00000000 00000097 0007 800026d8  x5=800026d8                             # auipc   t0, 0x0
00000000 00000137 0003 8000244c  x14:01000000 RA:01000024 x11=00000001   # lw      a1, 36(a4)
00000000 00000137 0001 8000244c  x14:01000000 RA:01000024 x11=00000001   # lw      a1, 36(a4)
00000000 00000143 0002 80002464  x15:0011ff70 WA:0011ffac                # sw      zero, 60(a5)
00000000 00000154 0008 80002490  x15:0011ff70 x11:00000000 WA:0011ffb4   # sw      a1, 68(a5)
00000000 00000141 0006 8000245c  x15:0011ff70 WA:0011ffa4                # sw      zero, 52(a5)
00000000 00000130 0004 80002430  x15:0011ff70 x11:00000009 WA:0011ff8c   # sw      a1, 28(a5)
00000000 00000149 0005 8000247c  x10:00020000 x11=00010000               # srli    a1, a0, 1
00000000 00000147 0000 80002454  x15:0011ff70 x11:00000001 WA:0011ff9c   # sw      a1, 44(a5)
00000000 00000098 0007 800026dc  x5:800026d8 x5=80002bf0                 # addi    t0, t0, 1304
00000000 00000138 0003 80002450  x15:0011ff70 x10:00000000 WA:0011ff98   # sw      a0, 40(a5)
00000000 00000138 0001 80002450  x15:0011ff70 x10:00000000 WA:0011ff98   # sw      a0, 40(a5)
00000000 00000139 0001 80002454  x15:0011ff70 x11:00000001 WA:0011ff9c   # sw      a1, 44(a5)
00000000 00000140 0001 80002458  x15:0011ff70 x12:00100000 WA:0011ffa0   # sw      a2, 48(a5)
00000000 00000142 0006 80002460  x15:0011ff70 x13:0011db28 WA:0011ffa8   # sw      a3, 56(a5)
00000000 00000131 0004 80002434  x14:01000000 RA:01000018 x10=80000000   # lw      a0, 24(a4)
00000000 00000150 0005 80002480  x16:00120000 x11:00010000 x6=00130000   # add     t1, a6, a1
00000000 00000148 0000 80002458  x15:0011ff70 x12:00100000 WA:0011ffa0   # sw      a2, 48(a5)
00000000 00000149 0000 8000245c  x15:0011ff70 WA:0011ffa4                # sw      zero, 52(a5)
00000000 00000150 0000 80002460  x15:0011ff70 x13:0011db28 WA:0011ffa8   # sw      a3, 56(a5)
00000000 00000151 0000 80002464  x15:0011ff70 WA:0011ffac                # sw      zero, 60(a5)
00000000 00000144 0002 80002468  x14:01000000 RA:01000010 x10=00020000   # lw      a0, 16(a4)
00000000 00000155 0008 80002494  x10:00020000 x10=00040000               # slli    a0, a0, 1
00000000 00000141 0001 8000245c  x15:0011ff70 WA:0011ffa4                # sw      zero, 52(a5)
00000000 00000143 0006 80002464  x15:0011ff70 WA:0011ffac                # sw      zero, 60(a5)
00000000 00000132 0004 80002438  x11=10000000                            # lui     a1, 0x10000
00000000 00000151 0005 80002484  x6:00130000 x16:00120000 x11=00000000   # sltu    a1, t1, a6
00000000 00000099 0007 800026e0  x6=800026e0                             # auipc   t1, 0x0
00000000 00000139 0003 80002454  x15:0011ff70 x11:00000001 WA:0011ff9c   # sw      a1, 44(a5)
00000000 00000152 0000 80002468  x14:01000000 RA:01000010 x10=00020000   # lw      a0, 16(a4)
00000000 00000145 0002 8000246c  x12:00100000 x10:00020000 x16=00120000  # add     a6, a2, a0
00000000 00000156 0008 80002498  x10:00040000 x12:00100000 x11=00140000  # add     a1, a0, a2
00000000 00000142 0001 80002460  x15:0011ff70 x13:0011db28 WA:0011ffa8   # sw      a3, 56(a5)
00000000 00000144 0006 80002468  x14:01000000 RA:01000010 x10=00020000   # lw      a0, 16(a4)
00000000 00000133 0004 8000243c  x10:80000000 x11:10000000 x10=90000000  # add     a0, a0, a1
00000000 00000152 0005 80002488  x5:00000000 x11:00000000 x11=00000000   # add     a1, t0, a1
00000000 00000100 0007 800026e4  x6:800026e0 x6=80002c00                 # addi    t1, t1, 1312
00000000 00000140 0003 80002458  x15:0011ff70 x12:00100000 WA:0011ffa0   # sw      a2, 48(a5)
00000000 00000153 0000 8000246c  x12:00100000 x10:00020000 x16=00120000  # add     a6, a2, a0
00000000 00000146 0002 80002470  x16:00120000 x11=00120190               # addi    a1, a6, 400
00000000 00000157 0008 8000249c  x11:00140000 x10:00040000 x10=00000000  # sltu    a0, a1, a0
00000000 00000143 0001 80002464  x15:0011ff70 WA:0011ffac                # sw      zero, 60(a5)
00000000 00000145 0006 8000246c  x12:00100000 x10:00020000 x16=00120000  # add     a6, a2, a0
00000000 00000134 0004 80002440  x15:0011ff70 WA:0011ff94                # sw      zero, 36(a5)
00000000 00000153 0005 8000248c  x15:0011ff70 x6:00130000 WA:0011ffb0    # sw      t1, 64(a5)
00000000 00000101 0007 800026e8  x5:80002bf0 x6:80002c00                 # bge     t0, t1, pc + 20
00000000 00000141 0003 8000245c  x15:0011ff70 WA:0011ffa4                # sw      zero, 52(a5)
00000000 00000154 0000 80002470  x16:00120000 x11=00120190               # addi    a1, a6, 400
00000000 00000147 0002 80002474  x15:0011ff70 x11:00120190 WA:0011ffe0   # sw      a1, 112(a5)
00000000 00000158 0008 800024a0  x15:0011ff70 x11:00140000 WA:0011ffb8   # sw      a1, 72(a5)
00000000 00000144 0001 80002468  x14:01000000 RA:01000010 x10=00020000   # lw      a0, 16(a4)
00000000 00000146 0006 80002470  x16:00120000 x11=00120190               # addi    a1, a6, 400
00000000 00000135 0004 80002444  x15:0011ff70 x10:90000000 WA:0011ff90   # sw      a0, 32(a5)
00000000 00000154 0005 80002490  x15:0011ff70 x11:00000000 WA:0011ffb4   # sw      a1, 68(a5)
00000000 00000102 0007 800026ec  x29:0011e328 WA:0011e328                # sw      zero, 0(t4)
00000000 00000142 0003 80002460  x15:0011ff70 x13:0011db28 WA:0011ffa8   # sw      a3, 56(a5)
00000000 00000155 0000 80002474  x15:0011ff70 x11:00120190 WA:0011ffe0   # sw      a1, 112(a5)
00000000 00000148 0002 80002478  x16:00120000 x10:00020000 x5=00000000   # sltu    t0, a6, a0
00000000 00000159 0008 800024a4  x15:0011ff70 x10:00000000 WA:0011ffbc   # sw      a0, 76(a5)
00000000 00000145 0001 8000246c  x12:00100000 x10:00020000 x16=00120000  # add     a6, a2, a0
00000000 00000147 0006 80002474  x15:0011ff70 x11:00120190 WA:0011ffe0   # sw      a1, 112(a5)
00000000 00000136 0004 80002448  x14:01000000 RA:01000020 x10=00000000   # lw      a0, 32(a4)
00000000 00000155 0005 80002494  x10:00020000 x10=00040000               # slli    a0, a0, 1
00000000 00000103 0007 800026f0  x5:80002bf0 x5=80002bf4                 # addi    t0, t0, 4
00000000 00000143 0003 80002464  x15:0011ff70 WA:0011ffac                # sw      zero, 60(a5)
00000000 00000156 0000 80002478  x16:00120000 x10:00020000 x5=00000000   # sltu    t0, a6, a0
00000000 00000149 0002 8000247c  x10:00020000 x11=00010000               # srli    a1, a0, 1
00000000 00000160 0008 800024a8  x15:0011ff70 WA:0011ffd8                # sw      zero, 104(a5)
00000000 00000146 0001 80002470  x16:00120000 x11=00120190               # addi    a1, a6, 400
00000000 00000148 0006 80002478  x16:00120000 x10:00020000 x5=00000000   # sltu    t0, a6, a0
00000000 00000137 0004 8000244c  x14:01000000 RA:01000024 x11=00000001   # lw      a1, 36(a4)
00000000 00000156 0005 80002498  x10:00040000 x12:00100000 x11=00140000  # add     a1, a0, a2
00000000 00000104 0007 800026f4  x29:0011e328 x29=0011e32c               # addi    t4, t4, 4
00000000 00000144 0003 80002468  x14:01000000 RA:01000010 x10=00020000   # lw      a0, 16(a4)
00000000 00000157 0000 8000247c  x10:00020000 x11=00010000               # srli    a1, a0, 1
00000000 00000150 0002 80002480  x16:00120000 x11:00010000 x6=00130000   # add     t1, a6, a1
00000000 00000161 0008 800024ac  x15:0011ff70 WA:0011ffdc                # sw      zero, 108(a5)
00000000 00000147 0001 80002474  x15:0011ff70 x11:00120190 WA:0011ffe0   # sw      a1, 112(a5)
00000000 00000149 0006 8000247c  x10:00020000 x11=00010000               # srli    a1, a0, 1
00000000 00000138 0004 80002450  x15:0011ff70 x10:00000000 WA:0011ff98   # sw      a0, 40(a5)
00000000 00000157 0005 8000249c  x11:00140000 x10:00040000 x10=00000000  # sltu    a0, a1, a0
00000000 00000105 0007 800026f8  x5:80002bf4 x7:80002bf0                 # blt     t0, t2, pc - 12
00000000 00000145 0003 8000246c  x12:00100000 x10:00020000 x16=00120000  # add     a6, a2, a0
00000000 00000158 0000 80002480  x16:00120000 x11:00010000 x6=00130000   # add     t1, a6, a1
00000000 00000151 0002 80002484  x6:00130000 x16:00120000 x11=00000000   # sltu    a1, t1, a6
00000000 00000162 0008 800024b0  x10=00000000                            # lui     a0, 0x0
00000000 00000148 0001 80002478  x16:00120000 x10:00020000 x5=00000000   # sltu    t0, a6, a0
00000000 00000163 0008 800024b4  x10:00000000 x4:0011df20 x10=0011df20   # add     a0, a0, tp
00000000 00000150 0006 80002480  x16:00120000 x11:00010000 x6=00130000   # add     t1, a6, a1
00000000 00000139 0004 80002454  x15:0011ff70 x11:00000001 WA:0011ff9c   # sw      a1, 44(a5)
00000000 00000158 0005 800024a0  x15:0011ff70 x11:00140000 WA:0011ffb8   # sw      a1, 72(a5)
00000000 00000106 0007 800026fc  x2:0011e328 x2=0011e314                 # addi    sp, sp, -20
00000000 00000146 0003 80002470  x16:00120000 x11=00120190               # addi    a1, a6, 400
00000000 00000159 0000 80002484  x6:00130000 x16:00120000 x11=00000000   # sltu    a1, t1, a6
00000000 00000152 0002 80002488  x5:00000000 x11:00000000 x11=00000000   # add     a1, t0, a1
00000000 00000164 0008 800024b8  x10:0011df20 x15:0011ff70 WA:0011df20   # sw      a5, 0(a0)
00000000 00000149 0001 8000247c  x10:00020000 x11=00010000               # srli    a1, a0, 1
00000000 00000151 0006 80002484  x6:00130000 x16:00120000 x11=00000000   # sltu    a1, t1, a6
00000000 00000140 0004 80002458  x15:0011ff70 x12:00100000 WA:0011ffa0   # sw      a2, 48(a5)
00000000 00000159 0005 800024a4  x15:0011ff70 x10:00000000 WA:0011ffbc   # sw      a0, 76(a5)
00000000 00000107 0007 80002700  x2:0011e314 x10:00000007 WA:0011e314    # sw      a0, 0(sp)
00000000 00000147 0003 80002474  x15:0011ff70 x11:00120190 WA:0011ffe0   # sw      a1, 112(a5)
00000000 00000160 0000 80002488  x5:00000000 x11:00000000 x11=00000000   # add     a1, t0, a1
00000000 00000153 0002 8000248c  x15:0011ff70 x6:00130000 WA:0011ffb0    # sw      t1, 64(a5)
00000000 00000165 0008 800024bc  x15:0011ff70 RA:0011ff70 x10=0011ff70   # lw      a0, 0(a5)
00000000 00000150 0001 80002480  x16:00120000 x11:00010000 x6=00130000   # add     t1, a6, a1
00000000 00000152 0006 80002488  x5:00000000 x11:00000000 x11=00000000   # add     a1, t0, a1
00000000 00000141 0004 8000245c  x15:0011ff70 WA:0011ffa4                # sw      zero, 52(a5)
00000000 00000160 0005 800024a8  x15:0011ff70 WA:0011ffd8                # sw      zero, 104(a5)
00000000 00000108 0007 80002704  x2:0011e314 x11:00000009 WA:0011e318    # sw      a1, 4(sp)
00000000 00000148 0003 80002478  x16:00120000 x10:00020000 x5=00000000   # sltu    t0, a6, a0
00000000 00000161 0000 8000248c  x15:0011ff70 x6:00130000 WA:0011ffb0    # sw      t1, 64(a5)
00000000 00000154 0002 80002490  x15:0011ff70 x11:00000000 WA:0011ffb4   # sw      a1, 68(a5)
00000000 00000166 0008 800024c0  x10:0011ff70 RA:0011ff88 x11=00000000   # lw      a1, 24(a0)
00000000 00000151 0001 80002484  x6:00130000 x16:00120000 x11=00000000   # sltu    a1, t1, a6
00000000 00000153 0006 8000248c  x15:0011ff70 x6:00130000 WA:0011ffb0    # sw      t1, 64(a5)
00000000 00000142 0004 80002460  x15:0011ff70 x13:0011db28 WA:0011ffa8   # sw      a3, 56(a5)
00000000 00000161 0005 800024ac  x15:0011ff70 WA:0011ffdc                # sw      zero, 108(a5)
00000000 00000162 0005 800024b0  x10=00000000                            # lui     a0, 0x0
00000000 00000149 0003 8000247c  x10:00020000 x11=00010000               # srli    a1, a0, 1
00000000 00000163 0005 800024b4  x10:00000000 x4:0011eb38 x10=0011eb38   # add     a0, a0, tp
00000000 00000150 0003 80002480  x16:00120000 x11:00010000 x6=00130000   # add     t1, a6, a1
00000000 00000164 0005 800024b8  x10:0011eb38 x15:0011ff70 WA:0011eb38   # sw      a5, 0(a0)
00000000 00000151 0003 80002484  x6:00130000 x16:00120000 x11=00000000   # sltu    a1, t1, a6
00000000 00000152 0001 80002488  x5:00000000 x11:00000000 x11=00000000   # add     a1, t0, a1
00000000 00000154 0006 80002490  x15:0011ff70 x11:00000000 WA:0011ffb4   # sw      a1, 68(a5)
00000000 00000143 0004 80002464  x15:0011ff70 WA:0011ffac                # sw      zero, 60(a5)
00000000 00000109 0007 80002708  x2:0011e314 x12:00100000 WA:0011e31c    # sw      a2, 8(sp)
00000000 00000162 0000 80002490  x15:0011ff70 x11:00000000 WA:0011ffb4   # sw      a1, 68(a5)
00000000 00000155 0002 80002494  x10:00020000 x10=00040000               # slli    a0, a0, 1
00000000 00000163 0000 80002494  x10:00020000 x10=00040000               # slli    a0, a0, 1
00000000 00000165 0005 800024bc  x15:0011ff70 RA:0011ff70 x10=0011ff70   # lw      a0, 0(a5)
00000000 00000152 0003 80002488  x5:00000000 x11:00000000 x11=00000000   # add     a1, t0, a1
00000000 00000166 0005 800024c0  x10:0011ff70 RA:0011ff88 x11=00000000   # lw      a1, 24(a0)
00000000 00000153 0003 8000248c  x15:0011ff70 x6:00130000 WA:0011ffb0    # sw      t1, 64(a5)
00000000 00000144 0004 80002468  x14:01000000 RA:01000010 x10=00020000   # lw      a0, 16(a4)
00000000 00000110 0007 8000270c  x2:0011e314 x13:0011db28 WA:0011e320    # sw      a3, 12(sp)
00000000 00000167 0008 800024c4  x10:0011ff70 RA:0011ff8c x10=00000009   # lw      a0, 28(a0)
00000000 00000156 0002 80002498  x10:00040000 x12:00100000 x11=00140000  # add     a1, a0, a2
00000000 00000164 0000 80002498  x10:00040000 x12:00100000 x11=00140000  # add     a1, a0, a2
00000000 00000153 0001 8000248c  x15:0011ff70 x6:00130000 WA:0011ffb0    # sw      t1, 64(a5)
00000000 00000155 0006 80002494  x10:00020000 x10=00040000               # slli    a0, a0, 1
00000000 00000167 0005 800024c4  x10:0011ff70 RA:0011ff8c x10=00000009   # lw      a0, 28(a0)
00000000 00000154 0003 80002490  x15:0011ff70 x11:00000000 WA:0011ffb4   # sw      a1, 68(a5)
00000000 00000145 0004 8000246c  x12:00100000 x10:00020000 x16=00120000  # add     a6, a2, a0
00000000 00000111 0007 80002710  x2:0011e314 x14:01000000 WA:0011e324    # sw      a4, 16(sp)
00000000 00000168 0008 800024c8  x17:00000008 x11:00000000 x11=00000008  # sub     a1, a7, a1
00000000 00000157 0002 8000249c  x11:00140000 x10:00040000 x10=00000000  # sltu    a0, a1, a0
00000000 00000165 0000 8000249c  x11:00140000 x10:00040000 x10=00000000  # sltu    a0, a1, a0
00000000 00000154 0001 80002490  x15:0011ff70 x11:00000000 WA:0011ffb4   # sw      a1, 68(a5)
00000000 00000155 0001 80002494  x10:00020000 x10=00040000               # slli    a0, a0, 1
00000000 00000168 0005 800024c8  x17:00000005 x11:00000000 x11=00000005  # sub     a1, a7, a1
00000000 00000155 0003 80002494  x10:00020000 x10=00040000               # slli    a0, a0, 1
00000000 00000146 0004 80002470  x16:00120000 x11=00120190               # addi    a1, a6, 400
00000000 00000112 0007 80002714  x1=80002714                             # auipc   ra, 0x0
00000000 00000169 0008 800024cc  x11:00000008 x10:00000009 x10=00000008  # remu    a0, a1, a0
00000000 00000158 0002 800024a0  x15:0011ff70 x11:00140000 WA:0011ffb8   # sw      a1, 72(a5)
00000000 00000166 0000 800024a0  x15:0011ff70 x11:00140000 WA:0011ffb8   # sw      a1, 72(a5)
00000000 00000156 0006 80002498  x10:00040000 x12:00100000 x11=00140000  # add     a1, a0, a2
00000000 00000157 0006 8000249c  x11:00140000 x10:00040000 x10=00000000  # sltu    a0, a1, a0
00000000 00000158 0006 800024a0  x15:0011ff70 x11:00140000 WA:0011ffb8   # sw      a1, 72(a5)
00000000 00000159 0006 800024a4  x15:0011ff70 x10:00000000 WA:0011ffbc   # sw      a0, 76(a5)
00000000 00000160 0006 800024a8  x15:0011ff70 WA:0011ffd8                # sw      zero, 104(a5)
00000000 00000161 0006 800024ac  x15:0011ff70 WA:0011ffdc                # sw      zero, 108(a5)
00000000 00000162 0006 800024b0  x10=00000000                            # lui     a0, 0x0
00000000 00000159 0002 800024a4  x15:0011ff70 x10:00000000 WA:0011ffbc   # sw      a0, 76(a5)
00000000 00000167 0000 800024a4  x15:0011ff70 x10:00000000 WA:0011ffbc   # sw      a0, 76(a5)
00000000 00000156 0001 80002498  x10:00040000 x12:00100000 x11=00140000  # add     a1, a0, a2
00000000 00000169 0005 800024cc  x11:00000005 x10:00000009 x10=00000005  # remu    a0, a1, a0
00000000 00000156 0003 80002498  x10:00040000 x12:00100000 x11=00140000  # add     a1, a0, a2
00000000 00000147 0004 80002474  x15:0011ff70 x11:00120190 WA:0011ffe0   # sw      a1, 112(a5)
00000000 00000113 0007 80002718  x1:80002714 x1=8000271c                 # jalr    ra, ra, -804
00000000 00000170 0008 800024d0  x11=00000000                            # lui     a1, 0x0
00000000 00000163 0006 800024b4  x10:00000000 x4:0011e730 x10=0011e730   # add     a0, a0, tp
00000000 00000160 0002 800024a8  x15:0011ff70 WA:0011ffd8                # sw      zero, 104(a5)
00000000 00000168 0000 800024a8  x15:0011ff70 WA:0011ffd8                # sw      zero, 104(a5)
00000000 00000157 0001 8000249c  x11:00140000 x10:00040000 x10=00000000  # sltu    a0, a1, a0
00000000 00000170 0005 800024d0  x11=00000000                            # lui     a1, 0x0
00000000 00000157 0003 8000249c  x11:00140000 x10:00040000 x10=00000000  # sltu    a0, a1, a0
00000000 00000148 0004 80002478  x16:00120000 x10:00020000 x5=00000000   # sltu    t0, a6, a0
00000000 00000114 0007 800023f0  x15:0011ff70 x15:0011ff70 WA:0011ff70   # sw      a5, 0(a5)
00000000 00000171 0008 800024d4  x11:00000000 x4:0011df20 x11=0011df20   # add     a1, a1, tp
00000000 00000164 0006 800024b8  x10:0011e730 x15:0011ff70 WA:0011e730   # sw      a5, 0(a0)
00000000 00000161 0002 800024ac  x15:0011ff70 WA:0011ffdc                # sw      zero, 108(a5)
00000000 00000169 0000 800024ac  x15:0011ff70 WA:0011ffdc                # sw      zero, 108(a5)
00000000 00000158 0001 800024a0  x15:0011ff70 x11:00140000 WA:0011ffb8   # sw      a1, 72(a5)
00000000 00000171 0005 800024d4  x11:00000000 x4:0011eb38 x11=0011eb38   # add     a1, a1, tp
00000000 00000158 0003 800024a0  x15:0011ff70 x11:00140000 WA:0011ffb8   # sw      a1, 72(a5)
00000000 00000149 0004 8000247c  x10:00020000 x11=00010000               # srli    a1, a0, 1
00000000 00000115 0007 800023f4  x15:0011ff70 x14:01000000 WA:0011ff74   # sw      a4, 4(a5)
00000000 00000172 0008 800024d8  x11:0011df20 x10:00000008 WA:0011df24   # sw      a0, 4(a1)
00000000 00000165 0006 800024bc  x15:0011ff70 RA:0011ff70 x10=0011ff70   # lw      a0, 0(a5)
00000000 00000162 0002 800024b0  x10=00000000                            # lui     a0, 0x0
00000000 00000166 0006 800024c0  x10:0011ff70 RA:0011ff88 x11=00000000   # lw      a1, 24(a0)
00000000 00000167 0006 800024c4  x10:0011ff70 RA:0011ff8c x10=00000009   # lw      a0, 28(a0)
00000000 00000168 0006 800024c8  x17:00000006 x11:00000000 x11=00000006  # sub     a1, a7, a1
00000000 00000169 0006 800024cc  x11:00000006 x10:00000009 x10=00000006  # remu    a0, a1, a0
00000000 00000150 0004 80002480  x16:00120000 x11:00010000 x6=00130000   # add     t1, a6, a1
00000000 00000116 0007 800023f8  x14:01000000 RA:01000008 x6=00000000    # lw      t1, 8(a4)
00000000 00000173 0008 800024dc  x10=00000448                            # li      a0, 1096
00000000 00000170 0000 800024b0  x10=00000000                            # lui     a0, 0x0
00000000 00000159 0001 800024a4  x15:0011ff70 x10:00000000 WA:0011ffbc   # sw      a0, 76(a5)
00000000 00000163 0002 800024b4  x10:00000000 x4:0011f750 x10=0011f750   # add     a0, a0, tp
00000000 00000172 0005 800024d8  x11:0011eb38 x10:00000005 WA:0011eb3c   # sw      a0, 4(a1)
00000000 00000159 0003 800024a4  x15:0011ff70 x10:00000000 WA:0011ffbc   # sw      a0, 76(a5)
00000000 00000170 0006 800024d0  x11=00000000                            # lui     a1, 0x0
00000000 00000151 0004 80002484  x6:00130000 x16:00120000 x11=00000000   # sltu    a1, t1, a6
00000000 00000117 0007 800023fc  x15:0011ff70 x6:00000000 WA:0011ff78    # sw      t1, 8(a5)
00000000 00000174 0008 800024e0  x17:00000008 x10:00000448 x10=00002240  # mul     a0, a7, a0
00000000 00000171 0000 800024b4  x10:00000000 x4:0011ff60 x10=0011ff60   # add     a0, a0, tp
00000000 00000160 0001 800024a8  x15:0011ff70 WA:0011ffd8                # sw      zero, 104(a5)
00000000 00000164 0002 800024b8  x10:0011f750 x15:0011ff70 WA:0011f750   # sw      a5, 0(a0)
00000000 00000173 0005 800024dc  x10=00000448                            # li      a0, 1096
00000000 00000160 0003 800024a8  x15:0011ff70 WA:0011ffd8                # sw      zero, 104(a5)
00000000 00000161 0003 800024ac  x15:0011ff70 WA:0011ffdc                # sw      zero, 108(a5)
00000000 00000152 0004 80002488  x5:00000000 x11:00000000 x11=00000000   # add     a1, t0, a1
00000000 00000118 0007 80002400  x14:01000000 RA:01000028 x16=00000001   # lw      a6, 40(a4)
00000000 00000175 0008 800024e4  x11=800034e4                            # auipc   a1, 0x1
00000000 00000172 0000 800024b8  x10:0011ff60 x15:0011ff70 WA:0011ff60   # sw      a5, 0(a0)
00000000 00000161 0001 800024ac  x15:0011ff70 WA:0011ffdc                # sw      zero, 108(a5)
00000000 00000165 0002 800024bc  x15:0011ff70 RA:0011ff70 x10=0011ff70   # lw      a0, 0(a5)
00000000 00000174 0005 800024e0  x17:00000005 x10:00000448 x10=00001568  # mul     a0, a7, a0
00000000 00000175 0005 800024e4  x11=800034e4                            # auipc   a1, 0x1
00000000 00000162 0003 800024b0  x10=00000000                            # lui     a0, 0x0
00000000 00000153 0004 8000248c  x15:0011ff70 x6:00130000 WA:0011ffb0    # sw      t1, 64(a5)
00000000 00000163 0003 800024b4  x10:00000000 x4:0011f348 x10=0011f348   # add     a0, a0, tp
00000000 00000154 0004 80002490  x15:0011ff70 x11:00000000 WA:0011ffb4   # sw      a1, 68(a5)
00000000 00000164 0003 800024b8  x10:0011f348 x15:0011ff70 WA:0011f348   # sw      a5, 0(a0)
00000000 00000173 0000 800024bc  x15:0011ff70 RA:0011ff70 x10=0011ff70   # lw      a0, 0(a5)
00000000 00000162 0001 800024b0  x10=00000000                            # lui     a0, 0x0
00000000 00000166 0002 800024c0  x10:0011ff70 RA:0011ff88 x11=00000000   # lw      a1, 24(a0)
00000000 00000176 0005 800024e8  x11:800034e4 x11=80002ce4               # addi    a1, a1, -2048
00000000 00000119 0007 80002404  x14:01000000 RA:0100002c x17=00000001   # lw      a7, 44(a4)
00000000 00000120 0007 80002408  x14:01000000 RA:01000004 x5=00000009    # lw      t0, 4(a4)
00000000 00000121 0007 8000240c  x17:00000001 x16:00000001 x16=00000001  # mul     a6, a7, a6
00000000 00000122 0007 80002410  x16:00000001 x5:00000009 x10=00000009   # mul     a0, a6, t0
00000000 00000165 0003 800024bc  x15:0011ff70 RA:0011ff70 x10=0011ff70   # lw      a0, 0(a5)
00000000 00000174 0000 800024c0  x10:0011ff70 RA:0011ff88 x11=00000000   # lw      a1, 24(a0)
00000000 00000171 0006 800024d4  x11:00000000 x4:0011e730 x11=0011e730   # add     a1, a1, tp
00000000 00000163 0001 800024b4  x10:00000000 x4:0011fb58 x10=0011fb58   # add     a0, a0, tp
00000000 00000167 0002 800024c4  x10:0011ff70 RA:0011ff8c x10=00000009   # lw      a0, 28(a0)
00000000 00000177 0005 800024ec  x10:00001568 x11:80002ce4 x10=8000424c  # add     a0, a0, a1
00000000 00000176 0008 800024e8  x11:800034e4 x11=80002ce4               # addi    a1, a1, -2048
00000000 00000155 0004 80002494  x10:00020000 x10=00040000               # slli    a0, a0, 1
00000000 00000123 0007 80002414  x15:0011ff70 x10:00000009 WA:0011ff7c   # sw      a0, 12(a5)
00000000 00000166 0003 800024c0  x10:0011ff70 RA:0011ff88 x11=00000000   # lw      a1, 24(a0)
00000000 00000175 0000 800024c4  x10:0011ff70 RA:0011ff8c x10=00000009   # lw      a0, 28(a0)
00000000 00000172 0006 800024d8  x11:0011e730 x10:00000006 WA:0011e734   # sw      a0, 4(a1)
00000000 00000164 0001 800024b8  x10:0011fb58 x15:0011ff70 WA:0011fb58   # sw      a5, 0(a0)
00000000 00000168 0002 800024c8  x17:00000002 x11:00000000 x11=00000002  # sub     a1, a7, a1
00000000 00000178 0005 800024f0  x10:8000424c WA:8000424c                # sw      zero, 0(a0)
00000000 00000177 0008 800024ec  x10:00002240 x11:80002ce4 x10=80004f24  # add     a0, a0, a1
00000000 00000156 0004 80002498  x10:00040000 x12:00100000 x11=00140000  # add     a1, a0, a2
00000000 00000124 0007 80002418  x17=00000007                            # csrr    a7, mhartid
00000000 00000157 0004 8000249c  x11:00140000 x10:00040000 x10=00000000  # sltu    a0, a1, a0
00000000 00000125 0007 8000241c  x17:00000007 x6:00000000 x10=00000007   # sub     a0, a7, t1
00000000 00000176 0000 800024c8  x17:00000000 x11:00000000 x11=00000000  # sub     a1, a7, a1
00000000 00000126 0007 80002420  x10:00000007 x5:00000009 x10=00000000   # divu    a0, a0, t0
00000000 00000177 0000 800024cc  x11:00000000 x10:00000009 x10=00000000  # remu    a0, a1, a0
00000000 00000127 0007 80002424  x15:0011ff70 x10:00000000 WA:0011ff80   # sw      a0, 16(a5)
00000000 00000178 0008 800024f0  x10:80004f24 WA:80004f24                # sw      zero, 0(a0)
00000000 00000167 0003 800024c4  x10:0011ff70 RA:0011ff8c x10=00000009   # lw      a0, 28(a0)
00000000 00000158 0004 800024a0  x15:0011ff70 x11:00140000 WA:0011ffb8   # sw      a1, 72(a5)
00000000 00000173 0006 800024dc  x10=00000448                            # li      a0, 1096
00000000 00000165 0001 800024bc  x15:0011ff70 RA:0011ff70 x10=0011ff70   # lw      a0, 0(a5)
00000000 00000169 0002 800024cc  x11:00000002 x10:00000009 x10=00000002  # remu    a0, a1, a0
00000000 00000170 0002 800024d0  x11=00000000                            # lui     a1, 0x0
00000000 00000171 0002 800024d4  x11:00000000 x4:0011f750 x11=0011f750   # add     a1, a1, tp
00000000 00000172 0002 800024d8  x11:0011f750 x10:00000002 WA:0011f754   # sw      a0, 4(a1)
00000000 00000173 0002 800024dc  x10=00000448                            # li      a0, 1096
00000000 00000174 0002 800024e0  x17:00000002 x10:00000448 x10=00000890  # mul     a0, a7, a0
00000000 00000175 0002 800024e4  x11=800034e4                            # auipc   a1, 0x1
00000000 00000176 0002 800024e8  x11:800034e4 x11=80002ce4               # addi    a1, a1, -2048
00000000 00000166 0001 800024c0  x10:0011ff70 RA:0011ff88 x11=00000000   # lw      a1, 24(a0)
00000000 00000179 0005 800024f4  x14:01000000 RA:01000030 x17=ffff0000   # lw      a7, 48(a4)
00000000 00000178 0000 800024d0  x11=00000000                            # lui     a1, 0x0
00000000 00000128 0007 80002428  x15:0011ff70 x16:00000001 WA:0011ff84   # sw      a6, 20(a5)
00000000 00000179 0008 800024f4  x14:01000000 RA:01000030 x17=ffff0000   # lw      a7, 48(a4)
00000000 00000168 0003 800024c8  x17:00000003 x11:00000000 x11=00000003  # sub     a1, a7, a1
00000000 00000159 0004 800024a4  x15:0011ff70 x10:00000000 WA:0011ffbc   # sw      a0, 76(a5)
00000000 00000174 0006 800024e0  x17:00000006 x10:00000448 x10=000019b0  # mul     a0, a7, a0
00000000 00000177 0002 800024ec  x10:00000890 x11:80002ce4 x10=80003574  # add     a0, a0, a1
00000000 00000167 0001 800024c4  x10:0011ff70 RA:0011ff8c x10=00000009   # lw      a0, 28(a0)
00000000 00000180 0005 800024f8  x15:0011ff70 x17:ffff0000 WA:0011ffe4   # sw      a7, 116(a5)
00000000 00000179 0000 800024d4  x11:00000000 x4:0011ff60 x11=0011ff60   # add     a1, a1, tp
00000000 00000129 0007 8000242c  x15:0011ff70 x6:00000000 WA:0011ff88    # sw      t1, 24(a5)
00000000 00000130 0007 80002430  x15:0011ff70 x11:00000009 WA:0011ff8c   # sw      a1, 28(a5)
00000000 00000169 0003 800024cc  x11:00000003 x10:00000009 x10=00000003  # remu    a0, a1, a0
00000000 00000170 0003 800024d0  x11=00000000                            # lui     a1, 0x0
00000000 00000171 0003 800024d4  x11:00000000 x4:0011f348 x11=0011f348   # add     a1, a1, tp
00000000 00000172 0003 800024d8  x11:0011f348 x10:00000003 WA:0011f34c   # sw      a0, 4(a1)
00000000 00000173 0003 800024dc  x10=00000448                            # li      a0, 1096
00000000 00000174 0003 800024e0  x17:00000003 x10:00000448 x10=00000cd8  # mul     a0, a7, a0
00000000 00000175 0003 800024e4  x11=800034e4                            # auipc   a1, 0x1
00000000 00000176 0003 800024e8  x11:800034e4 x11=80002ce4               # addi    a1, a1, -2048
00000000 00000131 0007 80002434  x14:01000000 RA:01000018 x10=80000000   # lw      a0, 24(a4)
00000000 00000132 0007 80002438  x11=10000000                            # lui     a1, 0x10000
00000000 00000175 0006 800024e4  x11=800034e4                            # auipc   a1, 0x1
00000000 00000178 0002 800024f0  x10:80003574 WA:80003574                # sw      zero, 0(a0)
00000000 00000168 0001 800024c8  x17:00000001 x11:00000000 x11=00000001  # sub     a1, a7, a1
00000000 00000181 0005 800024fc  x15:0011ff70 x16:00120000 WA:0011ffec   # sw      a6, 124(a5)
00000000 00000180 0000 800024d8  x11:0011ff60 x10:00000000 WA:0011ff64   # sw      a0, 4(a1)
00000000 00000180 0008 800024f8  x15:0011ff70 x17:ffff0000 WA:0011ffe4   # sw      a7, 116(a5)
00000000 00000177 0003 800024ec  x10:00000cd8 x11:80002ce4 x10=800039bc  # add     a0, a0, a1
00000000 00000160 0004 800024a8  x15:0011ff70 WA:0011ffd8                # sw      zero, 104(a5)
00000000 00000133 0007 8000243c  x10:80000000 x11:10000000 x10=90000000  # add     a0, a0, a1
00000000 00000176 0006 800024e8  x11:800034e4 x11=80002ce4               # addi    a1, a1, -2048
00000000 00000179 0002 800024f4  x14:01000000 RA:01000030 x17=ffff0000   # lw      a7, 48(a4)
00000000 00000169 0001 800024cc  x11:00000001 x10:00000009 x10=00000001  # remu    a0, a1, a0
00000000 00000182 0005 80002500  x15:0011ff70 WA:0011ffe8                # sw      zero, 120(a5)
00000000 00000181 0000 800024dc  x10=00000448                            # li      a0, 1096
00000000 00000181 0008 800024fc  x15:0011ff70 x16:00120000 WA:0011ffec   # sw      a6, 124(a5)
00000000 00000178 0003 800024f0  x10:800039bc WA:800039bc                # sw      zero, 0(a0)
00000000 00000161 0004 800024ac  x15:0011ff70 WA:0011ffdc                # sw      zero, 108(a5)
00000000 00000162 0004 800024b0  x10=00000000                            # lui     a0, 0x0
00000000 00000177 0006 800024ec  x10:000019b0 x11:80002ce4 x10=80004694  # add     a0, a0, a1
00000000 00000163 0004 800024b4  x10:00000000 x4:0011ef40 x10=0011ef40   # add     a0, a0, tp
00000000 00000180 0002 800024f8  x15:0011ff70 x17:ffff0000 WA:0011ffe4   # sw      a7, 116(a5)
00000000 00000170 0001 800024d0  x11=00000000                            # lui     a1, 0x0
00000000 00000183 0005 80002504  x16:00120000 x14=00120180               # addi    a4, a6, 384
00000000 00000182 0000 800024e0  x17:00000000 x10:00000448 x10=00000000  # mul     a0, a7, a0
00000000 00000183 0000 800024e4  x11=800034e4                            # auipc   a1, 0x1
00000000 00000184 0000 800024e8  x11:800034e4 x11=80002ce4               # addi    a1, a1, -2048
00000000 00000185 0000 800024ec  x10:00000000 x11:80002ce4 x10=80002ce4  # add     a0, a0, a1
00000000 00000164 0004 800024b8  x10:0011ef40 x15:0011ff70 WA:0011ef40   # sw      a5, 0(a0)
00000000 00000178 0006 800024f0  x10:80004694 WA:80004694                # sw      zero, 0(a0)
00000000 00000181 0002 800024fc  x15:0011ff70 x16:00120000 WA:0011ffec   # sw      a6, 124(a5)
00000000 00000171 0001 800024d4  x11:00000000 x4:0011fb58 x11=0011fb58   # add     a1, a1, tp
00000000 00000184 0005 80002508  x15:0011ff70 x14:00120180 WA:0011fff0   # sw      a4, 128(a5)
00000000 00000182 0008 80002500  x15:0011ff70 WA:0011ffe8                # sw      zero, 120(a5)
00000000 00000179 0003 800024f4  x14:01000000 RA:01000030 x17=ffff0000   # lw      a7, 48(a4)
00000000 00000134 0007 80002440  x15:0011ff70 WA:0011ff94                # sw      zero, 36(a5)
00000000 00000186 0000 800024f0  x10:80002ce4 WA:80002ce4                # sw      zero, 0(a0)
00000000 00000165 0004 800024bc  x15:0011ff70 RA:0011ff70 x10=0011ff70   # lw      a0, 0(a5)
00000000 00000179 0006 800024f4  x14:01000000 RA:01000030 x17=ffff0000   # lw      a7, 48(a4)
00000000 00000182 0002 80002500  x15:0011ff70 WA:0011ffe8                # sw      zero, 120(a5)
00000000 00000172 0001 800024d8  x11:0011fb58 x10:00000001 WA:0011fb5c   # sw      a0, 4(a1)
00000000 00000185 0005 8000250c  x12:00100000 x10=00100007               # addi    a0, a2, 7
00000000 00000183 0008 80002504  x16:00120000 x14=00120180               # addi    a4, a6, 384
00000000 00000180 0003 800024f8  x15:0011ff70 x17:ffff0000 WA:0011ffe4   # sw      a7, 116(a5)
00000000 00000135 0007 80002444  x15:0011ff70 x10:90000000 WA:0011ff90   # sw      a0, 32(a5)
00000000 00000187 0000 800024f4  x14:01000000 RA:01000030 x17=ffff0000   # lw      a7, 48(a4)
00000000 00000188 0000 800024f8  x15:0011ff70 x17:ffff0000 WA:0011ffe4   # sw      a7, 116(a5)
00000000 00000180 0006 800024f8  x15:0011ff70 x17:ffff0000 WA:0011ffe4   # sw      a7, 116(a5)
00000000 00000183 0002 80002504  x16:00120000 x14=00120180               # addi    a4, a6, 384
00000000 00000173 0001 800024dc  x10=00000448                            # li      a0, 1096
00000000 00000186 0005 80002510  x10:00100007 x10=00100000               # andi    a0, a0, -8
00000000 00000184 0008 80002508  x15:0011ff70 x14:00120180 WA:0011fff0   # sw      a4, 128(a5)
00000000 00000181 0003 800024fc  x15:0011ff70 x16:00120000 WA:0011ffec   # sw      a6, 124(a5)
00000000 00000136 0007 80002448  x14:01000000 RA:01000020 x10=00000000   # lw      a0, 32(a4)
00000000 00000166 0004 800024c0  x10:0011ff70 RA:0011ff88 x11=00000000   # lw      a1, 24(a0)
00000000 00000189 0000 800024fc  x15:0011ff70 x16:00120000 WA:0011ffec   # sw      a6, 124(a5)
00000000 00000181 0006 800024fc  x15:0011ff70 x16:00120000 WA:0011ffec   # sw      a6, 124(a5)
00000000 00000184 0002 80002508  x15:0011ff70 x14:00120180 WA:0011fff0   # sw      a4, 128(a5)
00000000 00000174 0001 800024e0  x17:00000001 x10:00000448 x10=00000448  # mul     a0, a7, a0
00000000 00000175 0001 800024e4  x11=800034e4                            # auipc   a1, 0x1
00000000 00000176 0001 800024e8  x11:800034e4 x11=80002ce4               # addi    a1, a1, -2048
00000000 00000177 0001 800024ec  x10:00000448 x11:80002ce4 x10=8000312c  # add     a0, a0, a1
00000000 00000178 0001 800024f0  x10:8000312c WA:8000312c                # sw      zero, 0(a0)
00000000 00000179 0001 800024f4  x14:01000000 RA:01000030 x17=ffff0000   # lw      a7, 48(a4)
00000000 00000180 0001 800024f8  x15:0011ff70 x17:ffff0000 WA:0011ffe4   # sw      a7, 116(a5)
00000000 00000182 0006 80002500  x15:0011ff70 WA:0011ffe8                # sw      zero, 120(a5)
00000000 00000185 0002 8000250c  x12:00100000 x10=00100007               # addi    a0, a2, 7
00000000 00000187 0005 80002514  x15:0011ff70 x10:00100000 WA:0011ffc0   # sw      a0, 80(a5)
00000000 00000185 0008 8000250c  x12:00100000 x10=00100007               # addi    a0, a2, 7
00000000 00000182 0003 80002500  x15:0011ff70 WA:0011ffe8                # sw      zero, 120(a5)
00000000 00000137 0007 8000244c  x14:01000000 RA:01000024 x11=00000001   # lw      a1, 36(a4)
00000000 00000167 0004 800024c4  x10:0011ff70 RA:0011ff8c x10=00000009   # lw      a0, 28(a0)
00000000 00000190 0000 80002500  x15:0011ff70 WA:0011ffe8                # sw      zero, 120(a5)
00000000 00000181 0001 800024fc  x15:0011ff70 x16:00120000 WA:0011ffec   # sw      a6, 124(a5)
00000000 00000183 0006 80002504  x16:00120000 x14=00120180               # addi    a4, a6, 384
00000000 00000186 0002 80002510  x10:00100007 x10=00100000               # andi    a0, a0, -8
00000000 00000188 0005 80002518  x13:0011db28 x12:00100000 x12=0001db28  # sub     a2, a3, a2
00000000 00000189 0005 8000251c  x15:0011ff70 x12:0001db28 WA:0011ffc4   # sw      a2, 84(a5)
00000000 00000190 0005 80002520  x15:0011ff70 x10:00100000 WA:0011ffc8   # sw      a0, 88(a5)
00000000 00000138 0007 80002450  x15:0011ff70 x10:00000000 WA:0011ff98   # sw      a0, 40(a5)
00000000 00000168 0004 800024c8  x17:00000004 x11:00000000 x11=00000004  # sub     a1, a7, a1
00000000 00000191 0000 80002504  x16:00120000 x14=00120180               # addi    a4, a6, 384
00000000 00000182 0001 80002500  x15:0011ff70 WA:0011ffe8                # sw      zero, 120(a5)
00000000 00000184 0006 80002508  x15:0011ff70 x14:00120180 WA:0011fff0   # sw      a4, 128(a5)
00000000 00000187 0002 80002514  x15:0011ff70 x10:00100000 WA:0011ffc0   # sw      a0, 80(a5)
00000000 00000186 0008 80002510  x10:00100007 x10=00100000               # andi    a0, a0, -8
00000000 00000183 0003 80002504  x16:00120000 x14=00120180               # addi    a4, a6, 384
00000000 00000191 0005 80002524  x11:80002ce4 RA:80002ce4 x10=00000000   # lw      a0, 0(a1)
00000000 00000139 0007 80002454  x15:0011ff70 x11:00000001 WA:0011ff9c   # sw      a1, 44(a5)
00000000 00000169 0004 800024cc  x11:00000004 x10:00000009 x10=00000004  # remu    a0, a1, a0
00000000 00000192 0000 80002508  x15:0011ff70 x14:00120180 WA:0011fff0   # sw      a4, 128(a5)
00000000 00000183 0001 80002504  x16:00120000 x14=00120180               # addi    a4, a6, 384
00000000 00000185 0006 8000250c  x12:00100000 x10=00100007               # addi    a0, a2, 7
00000000 00000188 0002 80002518  x13:0011db28 x12:00100000 x12=0001db28  # sub     a2, a3, a2
00000000 00000187 0008 80002514  x15:0011ff70 x10:00100000 WA:0011ffc0   # sw      a0, 80(a5)
00000000 00000184 0003 80002508  x15:0011ff70 x14:00120180 WA:0011fff0   # sw      a4, 128(a5)
00000000 00000192 0005 80002528  x10:00000000 x10=0000044f               # addi    a0, a0, 1103
00000000 00000140 0007 80002458  x15:0011ff70 x12:00100000 WA:0011ffa0   # sw      a2, 48(a5)
00000000 00000170 0004 800024d0  x11=00000000                            # lui     a1, 0x0
00000000 00000193 0000 8000250c  x12:00100000 x10=00100007               # addi    a0, a2, 7
00000000 00000184 0001 80002508  x15:0011ff70 x14:00120180 WA:0011fff0   # sw      a4, 128(a5)
00000000 00000186 0006 80002510  x10:00100007 x10=00100000               # andi    a0, a0, -8
00000000 00000189 0002 8000251c  x15:0011ff70 x12:0001db28 WA:0011ffc4   # sw      a2, 84(a5)
00000000 00000188 0008 80002518  x13:0011db28 x12:00100000 x12=0001db28  # sub     a2, a3, a2
00000000 00000185 0003 8000250c  x12:00100000 x10=00100007               # addi    a0, a2, 7
00000000 00000193 0005 8000252c  x10:0000044f x10=00000448               # andi    a0, a0, -8
00000000 00000194 0005 80002530  x15:0011ff70 x10:00000448 WA:0011ffcc   # sw      a0, 92(a5)
00000000 00000195 0005 80002534  x15:0011ff70 WA:0011ffd0                # sw      zero, 96(a5)
00000000 00000194 0000 80002510  x10:00100007 x10=00100000               # andi    a0, a0, -8
00000000 00000185 0001 8000250c  x12:00100000 x10=00100007               # addi    a0, a2, 7
00000000 00000187 0006 80002514  x15:0011ff70 x10:00100000 WA:0011ffc0   # sw      a0, 80(a5)
00000000 00000190 0002 80002520  x15:0011ff70 x10:00100000 WA:0011ffc8   # sw      a0, 88(a5)
00000000 00000189 0008 8000251c  x15:0011ff70 x12:0001db28 WA:0011ffc4   # sw      a2, 84(a5)
00000000 00000186 0003 80002510  x10:00100007 x10=00100000               # andi    a0, a0, -8
00000000 00000187 0003 80002514  x15:0011ff70 x10:00100000 WA:0011ffc0   # sw      a0, 80(a5)
00000000 00000188 0003 80002518  x13:0011db28 x12:00100000 x12=0001db28  # sub     a2, a3, a2
00000000 00000196 0005 80002538  x15:0011ff70 x10:00000448 WA:0011ffd4   # sw      a0, 100(a5)
00000000 00000195 0000 80002514  x15:0011ff70 x10:00100000 WA:0011ffc0   # sw      a0, 80(a5)
00000000 00000186 0001 80002510  x10:00100007 x10=00100000               # andi    a0, a0, -8
00000000 00000188 0006 80002518  x13:0011db28 x12:00100000 x12=0001db28  # sub     a2, a3, a2
00000000 00000191 0002 80002524  x11:80002ce4 RA:80002ce4 x10=00000000   # lw      a0, 0(a1)
00000000 00000190 0008 80002520  x15:0011ff70 x10:00100000 WA:0011ffc8   # sw      a0, 88(a5)
00000000 00000141 0007 8000245c  x15:0011ff70 WA:0011ffa4                # sw      zero, 52(a5)
00000000 00000171 0004 800024d4  x11:00000000 x4:0011ef40 x11=0011ef40   # add     a1, a1, tp
00000000 00000189 0003 8000251c  x15:0011ff70 x12:0001db28 WA:0011ffc4   # sw      a2, 84(a5)
00000000 00000197 0005 8000253c  x10=00000000                            # lui     a0, 0x0
00000000 00000196 0000 80002518  x13:0011db28 x12:00100000 x12=0001db28  # sub     a2, a3, a2
00000000 00000187 0001 80002514  x15:0011ff70 x10:00100000 WA:0011ffc0   # sw      a0, 80(a5)
00000000 00000189 0006 8000251c  x15:0011ff70 x12:0001db28 WA:0011ffc4   # sw      a2, 84(a5)
00000000 00000192 0002 80002528  x10:00000000 x10=0000044f               # addi    a0, a0, 1103
00000000 00000191 0008 80002524  x11:80002ce4 RA:80002ce4 x10=00000000   # lw      a0, 0(a1)
00000000 00000192 0008 80002528  x10:00000000 x10=0000044f               # addi    a0, a0, 1103
00000000 00000193 0008 8000252c  x10:0000044f x10=00000448               # andi    a0, a0, -8
00000000 00000190 0003 80002520  x15:0011ff70 x10:00100000 WA:0011ffc8   # sw      a0, 88(a5)
00000000 00000198 0005 80002540  x10:00000000 x4:0011eb38 x10=0011eb38   # add     a0, a0, tp
00000000 00000197 0000 8000251c  x15:0011ff70 x12:0001db28 WA:0011ffc4   # sw      a2, 84(a5)
00000000 00000188 0001 80002518  x13:0011db28 x12:00100000 x12=0001db28  # sub     a2, a3, a2
00000000 00000190 0006 80002520  x15:0011ff70 x10:00100000 WA:0011ffc8   # sw      a0, 88(a5)
00000000 00000193 0002 8000252c  x10:0000044f x10=00000448               # andi    a0, a0, -8
00000000 00000194 0002 80002530  x15:0011ff70 x10:00000448 WA:0011ffcc   # sw      a0, 92(a5)
00000000 00000195 0002 80002534  x15:0011ff70 WA:0011ffd0                # sw      zero, 96(a5)
00000000 00000196 0002 80002538  x15:0011ff70 x10:00000448 WA:0011ffd4   # sw      a0, 100(a5)
00000000 00000197 0002 8000253c  x10=00000000                            # lui     a0, 0x0
00000000 00000199 0005 80002544  x10:0011eb38 x17:ffff0000 WA:0011eb40   # sw      a7, 8(a0)
00000000 00000198 0000 80002520  x15:0011ff70 x10:00100000 WA:0011ffc8   # sw      a0, 88(a5)
00000000 00000189 0001 8000251c  x15:0011ff70 x12:0001db28 WA:0011ffc4   # sw      a2, 84(a5)
00000000 00000191 0006 80002524  x11:80002ce4 RA:80002ce4 x10=00000000   # lw      a0, 0(a1)
00000000 00000142 0007 80002460  x15:0011ff70 x13:0011db28 WA:0011ffa8   # sw      a3, 56(a5)
00000000 00000172 0004 800024d8  x11:0011ef40 x10:00000004 WA:0011ef44   # sw      a0, 4(a1)
00000000 00000194 0008 80002530  x15:0011ff70 x10:00000448 WA:0011ffcc   # sw      a0, 92(a5)
00000000 00000195 0008 80002534  x15:0011ff70 WA:0011ffd0                # sw      zero, 96(a5)
00000000 00000196 0008 80002538  x15:0011ff70 x10:00000448 WA:0011ffd4   # sw      a0, 100(a5)
00000000 00000197 0008 8000253c  x10=00000000                            # lui     a0, 0x0
00000000 00000198 0008 80002540  x10:00000000 x4:0011df20 x10=0011df20   # add     a0, a0, tp
00000000 00000199 0008 80002544  x10:0011df20 x17:ffff0000 WA:0011df28   # sw      a7, 8(a0)
00000000 00000200 0008 80002548  x10=00000000                            # lui     a0, 0x0
00000000 00000201 0008 8000254c  x10:00000000 x4:0011df20 x10=0011df20   # add     a0, a0, tp
00000000 00000202 0008 80002550  x10:0011df20 x14:00120180 WA:0011df2c   # sw      a4, 12(a0)
00000000 00000203 0008 80002554  x1:8000271c                             # ret
00000000 00000198 0002 80002540  x10:00000000 x4:0011f750 x10=0011f750   # add     a0, a0, tp
00000000 00000200 0005 80002548  x10=00000000                            # lui     a0, 0x0
00000000 00000199 0000 80002524  x11:80002ce4 RA:80002ce4 x10=00000000   # lw      a0, 0(a1)
00000000 00000190 0001 80002520  x15:0011ff70 x10:00100000 WA:0011ffc8   # sw      a0, 88(a5)
00000000 00000192 0006 80002528  x10:00000000 x10=0000044f               # addi    a0, a0, 1103
00000000 00000193 0006 8000252c  x10:0000044f x10=00000448               # andi    a0, a0, -8
00000000 00000173 0004 800024dc  x10=00000448                            # li      a0, 1096
00000000 00000191 0003 80002524  x11:80002ce4 RA:80002ce4 x10=00000000   # lw      a0, 0(a1)
00000000 00000204 0008 8000271c  x2:0011df0c RA:0011df0c x10=00000008    # lw      a0, 0(sp)
00000000 00000199 0002 80002544  x10:0011f750 x17:ffff0000 WA:0011f758   # sw      a7, 8(a0)
00000000 00000201 0005 8000254c  x10:00000000 x4:0011eb38 x10=0011eb38   # add     a0, a0, tp
00000000 00000200 0000 80002528  x10:00000000 x10=0000044f               # addi    a0, a0, 1103
00000000 00000191 0001 80002524  x11:80002ce4 RA:80002ce4 x10=00000000   # lw      a0, 0(a1)
00000000 00000192 0001 80002528  x10:00000000 x10=0000044f               # addi    a0, a0, 1103
00000000 00000194 0006 80002530  x15:0011ff70 x10:00000448 WA:0011ffcc   # sw      a0, 92(a5)
00000000 00000174 0004 800024e0  x17:00000004 x10:00000448 x10=00001120  # mul     a0, a7, a0
00000000 00000175 0004 800024e4  x11=800034e4                            # auipc   a1, 0x1
00000000 00000176 0004 800024e8  x11:800034e4 x11=80002ce4               # addi    a1, a1, -2048
00000000 00000177 0004 800024ec  x10:00001120 x11:80002ce4 x10=80003e04  # add     a0, a0, a1
00000000 00000178 0004 800024f0  x10:80003e04 WA:80003e04                # sw      zero, 0(a0)
00000000 00000201 0000 8000252c  x10:0000044f x10=00000448               # andi    a0, a0, -8
00000000 00000143 0007 80002464  x15:0011ff70 WA:0011ffac                # sw      zero, 60(a5)
00000000 00000193 0001 8000252c  x10:0000044f x10=00000448               # andi    a0, a0, -8
00000000 00000195 0006 80002534  x15:0011ff70 WA:0011ffd0                # sw      zero, 96(a5)
00000000 00000192 0003 80002528  x10:00000000 x10=0000044f               # addi    a0, a0, 1103
00000000 00000205 0008 80002720  x2:0011df0c RA:0011df10 x11=00000009    # lw      a1, 4(sp)
00000000 00000200 0002 80002548  x10=00000000                            # lui     a0, 0x0
00000000 00000202 0005 80002550  x10:0011eb38 x14:00120180 WA:0011eb44   # sw      a4, 12(a0)
00000000 00000179 0004 800024f4  x14:01000000 RA:01000030 x17=ffff0000   # lw      a7, 48(a4)
00000000 00000180 0004 800024f8  x15:0011ff70 x17:ffff0000 WA:0011ffe4   # sw      a7, 116(a5)
00000000 00000144 0007 80002468  x14:01000000 RA:01000010 x10=00020000   # lw      a0, 16(a4)
00000000 00000194 0001 80002530  x15:0011ff70 x10:00000448 WA:0011ffcc   # sw      a0, 92(a5)
00000000 00000196 0006 80002538  x15:0011ff70 x10:00000448 WA:0011ffd4   # sw      a0, 100(a5)
00000000 00000197 0006 8000253c  x10=00000000                            # lui     a0, 0x0
00000000 00000198 0006 80002540  x10:00000000 x4:0011e730 x10=0011e730   # add     a0, a0, tp
00000000 00000199 0006 80002544  x10:0011e730 x17:ffff0000 WA:0011e738   # sw      a7, 8(a0)
00000000 00000200 0006 80002548  x10=00000000                            # lui     a0, 0x0
00000000 00000201 0006 8000254c  x10:00000000 x4:0011e730 x10=0011e730   # add     a0, a0, tp
00000000 00000181 0004 800024fc  x15:0011ff70 x16:00120000 WA:0011ffec   # sw      a6, 124(a5)
00000000 00000145 0007 8000246c  x12:00100000 x10:00020000 x16=00120000  # add     a6, a2, a0
00000000 00000195 0001 80002534  x15:0011ff70 WA:0011ffd0                # sw      zero, 96(a5)
00000000 00000193 0003 8000252c  x10:0000044f x10=00000448               # andi    a0, a0, -8
00000000 00000206 0008 80002724  x2:0011df0c RA:0011df14 x12=00100000    # lw      a2, 8(sp)
00000000 00000201 0002 8000254c  x10:00000000 x4:0011f750 x10=0011f750   # add     a0, a0, tp
00000000 00000203 0005 80002554  x1:8000271c                             # ret
00000000 00000202 0000 80002530  x15:0011ff70 x10:00000448 WA:0011ffcc   # sw      a0, 92(a5)
00000000 00000202 0006 80002550  x10:0011e730 x14:00120180 WA:0011e73c   # sw      a4, 12(a0)
00000000 00000203 0006 80002554  x1:8000271c                             # ret
00000000 00000146 0007 80002470  x16:00120000 x11=00120190               # addi    a1, a6, 400
00000000 00000196 0001 80002538  x15:0011ff70 x10:00000448 WA:0011ffd4   # sw      a0, 100(a5)
00000000 00000194 0003 80002530  x15:0011ff70 x10:00000448 WA:0011ffcc   # sw      a0, 92(a5)
00000000 00000207 0008 80002728  x2:0011df0c RA:0011df18 x13=0011db28    # lw      a3, 12(sp)
00000000 00000202 0002 80002550  x10:0011f750 x14:00120180 WA:0011f75c   # sw      a4, 12(a0)
00000000 00000204 0005 8000271c  x2:0011eb24 RA:0011eb24 x10=00000005    # lw      a0, 0(sp)
00000000 00000203 0000 80002534  x15:0011ff70 WA:0011ffd0                # sw      zero, 96(a5)
00000000 00000182 0004 80002500  x15:0011ff70 WA:0011ffe8                # sw      zero, 120(a5)
00000000 00000204 0006 8000271c  x2:0011e71c RA:0011e71c x10=00000006    # lw      a0, 0(sp)
00000000 00000147 0007 80002474  x15:0011ff70 x11:00120190 WA:0011ffe0   # sw      a1, 112(a5)
00000000 00000197 0001 8000253c  x10=00000000                            # lui     a0, 0x0
00000000 00000195 0003 80002534  x15:0011ff70 WA:0011ffd0                # sw      zero, 96(a5)
00000000 00000208 0008 8000272c  x2:0011df0c RA:0011df1c x14=01000000    # lw      a4, 16(sp)
00000000 00000203 0002 80002554  x1:8000271c                             # ret
00000000 00000205 0005 80002720  x2:0011eb24 RA:0011eb28 x11=00000009    # lw      a1, 4(sp)
00000000 00000204 0000 80002538  x15:0011ff70 x10:00000448 WA:0011ffd4   # sw      a0, 100(a5)
00000000 00000183 0004 80002504  x16:00120000 x14=00120180               # addi    a4, a6, 384
00000000 00000205 0006 80002720  x2:0011e71c RA:0011e720 x11=00000009    # lw      a1, 4(sp)
00000000 00000148 0007 80002478  x16:00120000 x10:00020000 x5=00000000   # sltu    t0, a6, a0
00000000 00000198 0001 80002540  x10:00000000 x4:0011fb58 x10=0011fb58   # add     a0, a0, tp
00000000 00000196 0003 80002538  x15:0011ff70 x10:00000448 WA:0011ffd4   # sw      a0, 100(a5)
00000000 00000209 0008 80002730  x2:0011df0c x2=0011df20                 # addi    sp, sp, 20
00000000 00000204 0002 8000271c  x2:0011f73c RA:0011f73c x10=00000002    # lw      a0, 0(sp)
00000000 00000210 0008 80002734  x5=80002734                             # auipc   t0, 0x0
00000000 00000205 0002 80002720  x2:0011f73c RA:0011f740 x11=00000009    # lw      a1, 4(sp)
00000000 00000211 0008 80002738  x5:80002734 x5=80002770                 # addi    t0, t0, 60
00000000 00000184 0004 80002508  x15:0011ff70 x14:00120180 WA:0011fff0   # sw      a4, 128(a5)
00000000 00000149 0007 8000247c  x10:00020000 x11=00010000               # srli    a1, a0, 1
00000000 00000199 0001 80002544  x10:0011fb58 x17:ffff0000 WA:0011fb60   # sw      a7, 8(a0)
00000000 00000197 0003 8000253c  x10=00000000                            # lui     a0, 0x0
00000000 00000206 0005 80002724  x2:0011eb24 RA:0011eb2c x12=00100000    # lw      a2, 8(sp)
00000000 00000205 0000 8000253c  x10=00000000                            # lui     a0, 0x0
00000000 00000206 0002 80002724  x2:0011f73c RA:0011f744 x12=00100000    # lw      a2, 8(sp)
00000000 00000212 0008 8000273c  x5:80002770                             # csrw    mtvec, t0
00000000 00000206 0006 80002724  x2:0011e71c RA:0011e724 x12=00100000    # lw      a2, 8(sp)
00000000 00000185 0004 8000250c  x12:00100000 x10=00100007               # addi    a0, a2, 7
00000000 00000150 0007 80002480  x16:00120000 x11:00010000 x6=00130000   # add     t1, a6, a1
00000000 00000200 0001 80002548  x10=00000000                            # lui     a0, 0x0
00000000 00000198 0003 80002540  x10:00000000 x4:0011f348 x10=0011f348   # add     a0, a0, tp
00000000 00000207 0005 80002728  x2:0011eb24 RA:0011eb30 x13=0011db28    # lw      a3, 12(sp)
00000000 00000206 0000 80002540  x10:00000000 x4:0011ff60 x10=0011ff60   # add     a0, a0, tp
00000000 00000207 0002 80002728  x2:0011f73c RA:0011f748 x13=0011db28    # lw      a3, 12(sp)
00000000 00000213 0008 80002740  x1=80002740                             # auipc   ra, 0x0
00000000 00000207 0006 80002728  x2:0011e71c RA:0011e728 x13=0011db28    # lw      a3, 12(sp)
00000000 00000186 0004 80002510  x10:00100007 x10=00100000               # andi    a0, a0, -8
00000000 00000151 0007 80002484  x6:00130000 x16:00120000 x11=00000000   # sltu    a1, t1, a6
00000000 00000201 0001 8000254c  x10:00000000 x4:0011fb58 x10=0011fb58   # add     a0, a0, tp
00000000 00000202 0001 80002550  x10:0011fb58 x14:00120180 WA:0011fb64   # sw      a4, 12(a0)
00000000 00000203 0001 80002554  x1:8000271c                             # ret
00000000 00000207 0000 80002544  x10:0011ff60 x17:ffff0000 WA:0011ff68   # sw      a7, 8(a0)
00000000 00000208 0000 80002548  x10=00000000                            # lui     a0, 0x0
00000000 00000209 0000 8000254c  x10:00000000 x4:0011ff60 x10=0011ff60   # add     a0, a0, tp
00000000 00000210 0000 80002550  x10:0011ff60 x14:00120180 WA:0011ff6c   # sw      a4, 12(a0)
00000000 00000211 0000 80002554  x1:8000271c                             # ret
00000000 00000152 0007 80002488  x5:00000000 x11:00000000 x11=00000000   # add     a1, t0, a1
00000000 00000199 0003 80002544  x10:0011f348 x17:ffff0000 WA:0011f350   # sw      a7, 8(a0)
00000000 00000200 0003 80002548  x10=00000000                            # lui     a0, 0x0
00000000 00000204 0001 8000271c  x2:0011fb44 RA:0011fb44 x10=00000001    # lw      a0, 0(sp)
00000000 00000208 0002 8000272c  x2:0011f73c RA:0011f74c x14=01000000    # lw      a4, 16(sp)
00000000 00000214 0008 80002744  x1:80002740 x1=80002748                 # jalr    ra, ra, 544
00000000 00000208 0006 8000272c  x2:0011e71c RA:0011e72c x14=01000000    # lw      a4, 16(sp)
00000000 00000187 0004 80002514  x15:0011ff70 x10:00100000 WA:0011ffc0   # sw      a0, 80(a5)
00000000 00000212 0000 8000271c  x2:0011ff4c RA:0011ff4c x10=00000000    # lw      a0, 0(sp)
00000000 00000153 0007 8000248c  x15:0011ff70 x6:00130000 WA:0011ffb0    # sw      t1, 64(a5)
00000000 00000208 0005 8000272c  x2:0011eb24 RA:0011eb34 x14=01000000    # lw      a4, 16(sp)
00000000 00000201 0003 8000254c  x10:00000000 x4:0011f348 x10=0011f348   # add     a0, a0, tp
00000000 00000205 0001 80002720  x2:0011fb44 RA:0011fb48 x11=00000009    # lw      a1, 4(sp)
00000000 00000209 0002 80002730  x2:0011f73c x2=0011f750                 # addi    sp, sp, 20
00000000 00000215 0008 80002960  x2:0011df20 x2=0011df1c                 # addi    sp, sp, -4
00000000 00000210 0002 80002734  x5=80002734                             # auipc   t0, 0x0
00000000 00000216 0008 80002964  x2:0011df1c x1:80002748 WA:0011df1c     # sw      ra, 0(sp)
00000000 00000188 0004 80002518  x13:0011db28 x12:00100000 x12=0001db28  # sub     a2, a3, a2
00000000 00000154 0007 80002490  x15:0011ff70 x11:00000000 WA:0011ffb4   # sw      a1, 68(a5)
00000000 00000209 0005 80002730  x2:0011eb24 x2=0011eb38                 # addi    sp, sp, 20
00000000 00000202 0003 80002550  x10:0011f348 x14:00120180 WA:0011f354   # sw      a4, 12(a0)
00000000 00000210 0005 80002734  x5=80002734                             # auipc   t0, 0x0
00000000 00000206 0001 80002724  x2:0011fb44 RA:0011fb4c x12=00100000    # lw      a2, 8(sp)
00000000 00000211 0002 80002738  x5:80002734 x5=80002770                 # addi    t0, t0, 60
00000000 00000217 0008 80002968  x1=80002968                             # auipc   ra, 0x0
00000000 00000213 0000 80002720  x2:0011ff4c RA:0011ff50 x11=00000009    # lw      a1, 4(sp)
00000000 00000189 0004 8000251c  x15:0011ff70 x12:0001db28 WA:0011ffc4   # sw      a2, 84(a5)
00000000 00000155 0007 80002494  x10:00020000 x10=00040000               # slli    a0, a0, 1
00000000 00000203 0003 80002554  x1:8000271c                             # ret
00000000 00000211 0005 80002738  x5:80002734 x5=80002770                 # addi    t0, t0, 60
00000000 00000209 0006 80002730  x2:0011e71c x2=0011e730                 # addi    sp, sp, 20
00000000 00000207 0001 80002728  x2:0011fb44 RA:0011fb50 x13=0011db28    # lw      a3, 12(sp)
00000000 00000210 0006 80002734  x5=80002734                             # auipc   t0, 0x0
00000000 00000212 0002 8000273c  x5:80002770                             # csrw    mtvec, t0
00000000 00000218 0008 8000296c  x1:80002968 x1=80002970                 # jalr    ra, ra, -1624
00000000 00000190 0004 80002520  x15:0011ff70 x10:00100000 WA:0011ffc8   # sw      a0, 88(a5)
00000000 00000156 0007 80002498  x10:00040000 x12:00100000 x11=00140000  # add     a1, a0, a2
00000000 00000204 0003 8000271c  x2:0011f334 RA:0011f334 x10=00000003    # lw      a0, 0(sp)
00000000 00000212 0005 8000273c  x5:80002770                             # csrw    mtvec, t0
00000000 00000208 0001 8000272c  x2:0011fb44 RA:0011fb54 x14=01000000    # lw      a4, 16(sp)
00000000 00000211 0006 80002738  x5:80002734 x5=80002770                 # addi    t0, t0, 60
00000000 00000212 0006 8000273c  x5:80002770                             # csrw    mtvec, t0
00000000 00000213 0006 80002740  x1=80002740                             # auipc   ra, 0x0
00000000 00000214 0006 80002744  x1:80002740 x1=80002748                 # jalr    ra, ra, 544
00000000 00000191 0004 80002524  x11:80002ce4 RA:80002ce4 x10=00000000   # lw      a0, 0(a1)
00000000 00000157 0007 8000249c  x11:00140000 x10:00040000 x10=00000000  # sltu    a0, a1, a0
00000000 00000205 0003 80002720  x2:0011f334 RA:0011f338 x11=00000009    # lw      a1, 4(sp)
00000000 00000213 0005 80002740  x1=80002740                             # auipc   ra, 0x0
00000000 00000209 0001 80002730  x2:0011fb44 x2=0011fb58                 # addi    sp, sp, 20
00000000 00000214 0000 80002724  x2:0011ff4c RA:0011ff54 x12=00100000    # lw      a2, 8(sp)
00000000 00000213 0002 80002740  x1=80002740                             # auipc   ra, 0x0
00000000 00000214 0002 80002744  x1:80002740 x1=80002748                 # jalr    ra, ra, 544
00000000 00000219 0008 80002310  x10=00000000                            # lui     a0, 0x0
00000000 00000192 0004 80002528  x10:00000000 x10=0000044f               # addi    a0, a0, 1103
00000000 00000158 0007 800024a0  x15:0011ff70 x11:00140000 WA:0011ffb8   # sw      a1, 72(a5)
00000000 00000206 0003 80002724  x2:0011f334 RA:0011f33c x12=00100000    # lw      a2, 8(sp)
00000000 00000214 0005 80002744  x1:80002740 x1=80002748                 # jalr    ra, ra, 544
00000000 00000210 0001 80002734  x5=80002734                             # auipc   t0, 0x0
00000000 00000215 0000 80002728  x2:0011ff4c RA:0011ff58 x13=0011db28    # lw      a3, 12(sp)
00000000 00000215 0002 80002960  x2:0011f750 x2=0011f74c                 # addi    sp, sp, -4
00000000 00000215 0006 80002960  x2:0011e730 x2=0011e72c                 # addi    sp, sp, -4
00000000 00000220 0008 80002314  x10:00000000 x4:0011df20 x10=0011df20   # add     a0, a0, tp
00000000 00000193 0004 8000252c  x10:0000044f x10=00000448               # andi    a0, a0, -8
00000000 00000159 0007 800024a4  x15:0011ff70 x10:00000000 WA:0011ffbc   # sw      a0, 76(a5)
00000000 00000207 0003 80002728  x2:0011f334 RA:0011f340 x13=0011db28    # lw      a3, 12(sp)
00000000 00000215 0005 80002960  x2:0011eb38 x2=0011eb34                 # addi    sp, sp, -4
00000000 00000211 0001 80002738  x5:80002734 x5=80002770                 # addi    t0, t0, 60
00000000 00000216 0000 8000272c  x2:0011ff4c RA:0011ff5c x14=01000000    # lw      a4, 16(sp)
00000000 00000217 0000 80002730  x2:0011ff4c x2=0011ff60                 # addi    sp, sp, 20
00000000 00000216 0006 80002964  x2:0011e72c x1:80002748 WA:0011e72c     # sw      ra, 0(sp)
00000000 00000221 0008 80002318  x10:0011df20 RA:0011df20 x10=0011ff70   # lw      a0, 0(a0)
00000000 00000194 0004 80002530  x15:0011ff70 x10:00000448 WA:0011ffcc   # sw      a0, 92(a5)
00000000 00000160 0007 800024a8  x15:0011ff70 WA:0011ffd8                # sw      zero, 104(a5)
00000000 00000161 0007 800024ac  x15:0011ff70 WA:0011ffdc                # sw      zero, 108(a5)
00000000 00000162 0007 800024b0  x10=00000000                            # lui     a0, 0x0
00000000 00000212 0001 8000273c  x5:80002770                             # csrw    mtvec, t0
00000000 00000163 0007 800024b4  x10:00000000 x4:0011e328 x10=0011e328   # add     a0, a0, tp
00000000 00000216 0002 80002964  x2:0011f74c x1:80002748 WA:0011f74c     # sw      ra, 0(sp)
00000000 00000218 0000 80002734  x5=80002734                             # auipc   t0, 0x0
00000000 00000217 0002 80002968  x1=80002968                             # auipc   ra, 0x0
00000000 00000222 0008 8000231c  x10:0011ff70 RA:0011ff70 x10=0011ff70   # lw      a0, 0(a0)
00000000 00000208 0003 8000272c  x2:0011f334 RA:0011f344 x14=01000000    # lw      a4, 16(sp)
00000000 00000216 0005 80002964  x2:0011eb34 x1:80002748 WA:0011eb34     # sw      ra, 0(sp)
00000000 00000213 0001 80002740  x1=80002740                             # auipc   ra, 0x0
00000000 00000164 0007 800024b8  x10:0011e328 x15:0011ff70 WA:0011e328   # sw      a5, 0(a0)
00000000 00000217 0006 80002968  x1=80002968                             # auipc   ra, 0x0
00000000 00000219 0000 80002738  x5:80002734 x5=80002770                 # addi    t0, t0, 60
00000000 00000218 0002 8000296c  x1:80002968 x1=80002970                 # jalr    ra, ra, -1624
00000000 00000195 0004 80002534  x15:0011ff70 WA:0011ffd0                # sw      zero, 96(a5)
00000000 00000219 0002 80002310  x10=00000000                            # lui     a0, 0x0
00000000 00000209 0003 80002730  x2:0011f334 x2=0011f348                 # addi    sp, sp, 20
00000000 00000217 0005 80002968  x1=80002968                             # auipc   ra, 0x0
00000000 00000210 0003 80002734  x5=80002734                             # auipc   t0, 0x0
00000000 00000214 0001 80002744  x1:80002740 x1=80002748                 # jalr    ra, ra, 544
00000000 00000165 0007 800024bc  x15:0011ff70 RA:0011ff70 x10=0011ff70   # lw      a0, 0(a5)
00000000 00000218 0006 8000296c  x1:80002968 x1=80002970                 # jalr    ra, ra, -1624
00000000 00000220 0000 8000273c  x5:80002770                             # csrw    mtvec, t0
00000000 00000223 0008 80002320  x10:0011ff70 RA:0011ffe0 x10=00120190   # lw      a0, 112(a0)
00000000 00000196 0004 80002538  x15:0011ff70 x10:00000448 WA:0011ffd4   # sw      a0, 100(a5)
00000000 00000197 0004 8000253c  x10=00000000                            # lui     a0, 0x0
00000000 00000218 0005 8000296c  x1:80002968 x1=80002970                 # jalr    ra, ra, -1624
00000000 00000211 0003 80002738  x5:80002734 x5=80002770                 # addi    t0, t0, 60
00000000 00000215 0001 80002960  x2:0011fb58 x2=0011fb54                 # addi    sp, sp, -4
00000000 00000166 0007 800024c0  x10:0011ff70 RA:0011ff88 x11=00000000   # lw      a1, 24(a0)
00000000 00000219 0006 80002310  x10=00000000                            # lui     a0, 0x0
00000000 00000221 0000 80002740  x1=80002740                             # auipc   ra, 0x0
00000000 00000224 0008 80002324  x1:80002970                             # ret
00000000 00000220 0002 80002314  x10:00000000 x4:0011f750 x10=0011f750   # add     a0, a0, tp
00000000 00000198 0004 80002540  x10:00000000 x4:0011ef40 x10=0011ef40   # add     a0, a0, tp
00000000 00000199 0004 80002544  x10:0011ef40 x17:ffff0000 WA:0011ef48   # sw      a7, 8(a0)
00000000 00000200 0004 80002548  x10=00000000                            # lui     a0, 0x0
00000000 00000201 0004 8000254c  x10:00000000 x4:0011ef40 x10=0011ef40   # add     a0, a0, tp
00000000 00000167 0007 800024c4  x10:0011ff70 RA:0011ff8c x10=00000009   # lw      a0, 28(a0)
00000000 00000220 0006 80002314  x10:00000000 x4:0011e730 x10=0011e730   # add     a0, a0, tp
00000000 00000221 0006 80002318  x10:0011e730 RA:0011e730 x10=0011ff70   # lw      a0, 0(a0)
00000000 00000222 0006 8000231c  x10:0011ff70 RA:0011ff70 x10=0011ff70   # lw      a0, 0(a0)
00000000 00000223 0006 80002320  x10:0011ff70 RA:0011ffe0 x10=00120190   # lw      a0, 112(a0)
00000000 00000224 0006 80002324  x1:80002970                             # ret
00000000 00000216 0001 80002964  x2:0011fb54 x1:80002748 WA:0011fb54     # sw      ra, 0(sp)
00000000 00000217 0001 80002968  x1=80002968                             # auipc   ra, 0x0
00000000 00000168 0007 800024c8  x17:00000007 x11:00000000 x11=00000007  # sub     a1, a7, a1
00000000 00000222 0000 80002744  x1:80002740 x1=80002748                 # jalr    ra, ra, 544
00000000 00000221 0002 80002318  x10:0011f750 RA:0011f750 x10=0011ff70   # lw      a0, 0(a0)
00000000 00000223 0000 80002960  x2:0011ff60 x2=0011ff5c                 # addi    sp, sp, -4
00000000 00000222 0002 8000231c  x10:0011ff70 RA:0011ff70 x10=0011ff70   # lw      a0, 0(a0)
00000000 00000212 0003 8000273c  x5:80002770                             # csrw    mtvec, t0
00000000 00000202 0004 80002550  x10:0011ef40 x14:00120180 WA:0011ef4c   # sw      a4, 12(a0)
00000000 00000203 0004 80002554  x1:8000271c                             # ret
00000000 00000204 0004 8000271c  x2:0011ef2c RA:0011ef2c x10=00000004    # lw      a0, 0(sp)
00000000 00000205 0004 80002720  x2:0011ef2c RA:0011ef30 x11=00000009    # lw      a1, 4(sp)
00000000 00000206 0004 80002724  x2:0011ef2c RA:0011ef34 x12=00100000    # lw      a2, 8(sp)
00000000 00000207 0004 80002728  x2:0011ef2c RA:0011ef38 x13=0011db28    # lw      a3, 12(sp)
00000000 00000208 0004 8000272c  x2:0011ef2c RA:0011ef3c x14=01000000    # lw      a4, 16(sp)
00000000 00000209 0004 80002730  x2:0011ef2c x2=0011ef40                 # addi    sp, sp, 20
00000000 00000210 0004 80002734  x5=80002734                             # auipc   t0, 0x0
00000000 00000211 0004 80002738  x5:80002734 x5=80002770                 # addi    t0, t0, 60
00000000 00000212 0004 8000273c  x5:80002770                             # csrw    mtvec, t0
00000000 00000213 0004 80002740  x1=80002740                             # auipc   ra, 0x0
00000000 00000214 0004 80002744  x1:80002740 x1=80002748                 # jalr    ra, ra, 544
00000000 00000215 0004 80002960  x2:0011ef40 x2=0011ef3c                 # addi    sp, sp, -4
00000000 00000216 0004 80002964  x2:0011ef3c x1:80002748 WA:0011ef3c     # sw      ra, 0(sp)
00000000 00000217 0004 80002968  x1=80002968                             # auipc   ra, 0x0
00000000 00000218 0004 8000296c  x1:80002968 x1=80002970                 # jalr    ra, ra, -1624
00000000 00000219 0004 80002310  x10=00000000                            # lui     a0, 0x0
00000000 00000220 0004 80002314  x10:00000000 x4:0011ef40 x10=0011ef40   # add     a0, a0, tp
00000000 00000221 0004 80002318  x10:0011ef40 RA:0011ef40 x10=0011ff70   # lw      a0, 0(a0)
00000000 00000222 0004 8000231c  x10:0011ff70 RA:0011ff70 x10=0011ff70   # lw      a0, 0(a0)
00000000 00000223 0004 80002320  x10:0011ff70 RA:0011ffe0 x10=00120190   # lw      a0, 112(a0)
00000000 00000224 0004 80002324  x1:80002970                             # ret
00000000 00000219 0005 80002310  x10=00000000                            # lui     a0, 0x0
00000000 00000224 0000 80002964  x2:0011ff5c x1:80002748 WA:0011ff5c     # sw      ra, 0(sp)
00000000 00000223 0002 80002320  x10:0011ff70 RA:0011ffe0 x10=00120190   # lw      a0, 112(a0)
00000000 00000213 0003 80002740  x1=80002740                             # auipc   ra, 0x0
00000000 00000218 0001 8000296c  x1:80002968 x1=80002970                 # jalr    ra, ra, -1624
00000000 00000169 0007 800024cc  x11:00000007 x10:00000009 x10=00000007  # remu    a0, a1, a0
00000000 00000219 0001 80002310  x10=00000000                            # lui     a0, 0x0
00000000 00000220 0005 80002314  x10:00000000 x4:0011eb38 x10=0011eb38   # add     a0, a0, tp
00000000 00000225 0000 80002968  x1=80002968                             # auipc   ra, 0x0
00000000 00000224 0002 80002324  x1:80002970                             # ret
00000000 00000214 0003 80002744  x1:80002740 x1=80002748                 # jalr    ra, ra, 544
00000000 00000170 0007 800024d0  x11=00000000                            # lui     a1, 0x0
00000000 00000220 0001 80002314  x10:00000000 x4:0011fb58 x10=0011fb58   # add     a0, a0, tp
00000000 00000221 0005 80002318  x10:0011eb38 RA:0011eb38 x10=0011ff70   # lw      a0, 0(a0)
00000000 00000226 0000 8000296c  x1:80002968 x1=80002970                 # jalr    ra, ra, -1624
00000000 00000215 0003 80002960  x2:0011f348 x2=0011f344                 # addi    sp, sp, -4
00000000 00000227 0000 80002310  x10=00000000                            # lui     a0, 0x0
00000000 00000216 0003 80002964  x2:0011f344 x1:80002748 WA:0011f344     # sw      ra, 0(sp)
00000000 00000217 0003 80002968  x1=80002968                             # auipc   ra, 0x0
00000000 00000218 0003 8000296c  x1:80002968 x1=80002970                 # jalr    ra, ra, -1624
00000000 00000228 0000 80002314  x10:00000000 x4:0011ff60 x10=0011ff60   # add     a0, a0, tp
00000000 00000171 0007 800024d4  x11:00000000 x4:0011e328 x11=0011e328   # add     a1, a1, tp
00000000 00000221 0001 80002318  x10:0011fb58 RA:0011fb58 x10=0011ff70   # lw      a0, 0(a0)
00000000 00000172 0007 800024d8  x11:0011e328 x10:00000007 WA:0011e32c   # sw      a0, 4(a1)
00000000 00000222 0001 8000231c  x10:0011ff70 RA:0011ff70 x10=0011ff70   # lw      a0, 0(a0)
00000000 00000223 0001 80002320  x10:0011ff70 RA:0011ffe0 x10=00120190   # lw      a0, 112(a0)
00000000 00000224 0001 80002324  x1:80002970                             # ret
00000000 00000222 0005 8000231c  x10:0011ff70 RA:0011ff70 x10=0011ff70   # lw      a0, 0(a0)
00000000 00000173 0007 800024dc  x10=00000448                            # li      a0, 1096
00000000 00000174 0007 800024e0  x17:00000007 x10:00000448 x10=00001df8  # mul     a0, a7, a0
00000000 00000175 0007 800024e4  x11=800034e4                            # auipc   a1, 0x1
00000000 00000176 0007 800024e8  x11:800034e4 x11=80002ce4               # addi    a1, a1, -2048
00000000 00000177 0007 800024ec  x10:00001df8 x11:80002ce4 x10=80004adc  # add     a0, a0, a1
00000000 00000178 0007 800024f0  x10:80004adc WA:80004adc                # sw      zero, 0(a0)
00000000 00000179 0007 800024f4  x14:01000000 RA:01000030 x17=ffff0000   # lw      a7, 48(a4)
00000000 00000180 0007 800024f8  x15:0011ff70 x17:ffff0000 WA:0011ffe4   # sw      a7, 116(a5)
00000000 00000181 0007 800024fc  x15:0011ff70 x16:00120000 WA:0011ffec   # sw      a6, 124(a5)
00000000 00000182 0007 80002500  x15:0011ff70 WA:0011ffe8                # sw      zero, 120(a5)
00000000 00000183 0007 80002504  x16:00120000 x14=00120180               # addi    a4, a6, 384
00000000 00000184 0007 80002508  x15:0011ff70 x14:00120180 WA:0011fff0   # sw      a4, 128(a5)
00000000 00000185 0007 8000250c  x12:00100000 x10=00100007               # addi    a0, a2, 7
00000000 00000186 0007 80002510  x10:00100007 x10=00100000               # andi    a0, a0, -8
00000000 00000187 0007 80002514  x15:0011ff70 x10:00100000 WA:0011ffc0   # sw      a0, 80(a5)
00000000 00000188 0007 80002518  x13:0011db28 x12:00100000 x12=0001db28  # sub     a2, a3, a2
00000000 00000189 0007 8000251c  x15:0011ff70 x12:0001db28 WA:0011ffc4   # sw      a2, 84(a5)
00000000 00000190 0007 80002520  x15:0011ff70 x10:00100000 WA:0011ffc8   # sw      a0, 88(a5)
00000000 00000191 0007 80002524  x11:80002ce4 RA:80002ce4 x10=00000000   # lw      a0, 0(a1)
00000000 00000192 0007 80002528  x10:00000000 x10=0000044f               # addi    a0, a0, 1103
00000000 00000193 0007 8000252c  x10:0000044f x10=00000448               # andi    a0, a0, -8
00000000 00000194 0007 80002530  x15:0011ff70 x10:00000448 WA:0011ffcc   # sw      a0, 92(a5)
00000000 00000195 0007 80002534  x15:0011ff70 WA:0011ffd0                # sw      zero, 96(a5)
00000000 00000196 0007 80002538  x15:0011ff70 x10:00000448 WA:0011ffd4   # sw      a0, 100(a5)
00000000 00000197 0007 8000253c  x10=00000000                            # lui     a0, 0x0
00000000 00000198 0007 80002540  x10:00000000 x4:0011e328 x10=0011e328   # add     a0, a0, tp
00000000 00000199 0007 80002544  x10:0011e328 x17:ffff0000 WA:0011e330   # sw      a7, 8(a0)
00000000 00000200 0007 80002548  x10=00000000                            # lui     a0, 0x0
00000000 00000201 0007 8000254c  x10:00000000 x4:0011e328 x10=0011e328   # add     a0, a0, tp
00000000 00000202 0007 80002550  x10:0011e328 x14:00120180 WA:0011e334   # sw      a4, 12(a0)
00000000 00000203 0007 80002554  x1:8000271c                             # ret
00000000 00000204 0007 8000271c  x2:0011e314 RA:0011e314 x10=00000007    # lw      a0, 0(sp)
00000000 00000205 0007 80002720  x2:0011e314 RA:0011e318 x11=00000009    # lw      a1, 4(sp)
00000000 00000206 0007 80002724  x2:0011e314 RA:0011e31c x12=00100000    # lw      a2, 8(sp)
00000000 00000207 0007 80002728  x2:0011e314 RA:0011e320 x13=0011db28    # lw      a3, 12(sp)
00000000 00000208 0007 8000272c  x2:0011e314 RA:0011e324 x14=01000000    # lw      a4, 16(sp)
00000000 00000209 0007 80002730  x2:0011e314 x2=0011e328                 # addi    sp, sp, 20
00000000 00000210 0007 80002734  x5=80002734                             # auipc   t0, 0x0
00000000 00000211 0007 80002738  x5:80002734 x5=80002770                 # addi    t0, t0, 60
00000000 00000212 0007 8000273c  x5:80002770                             # csrw    mtvec, t0
00000000 00000213 0007 80002740  x1=80002740                             # auipc   ra, 0x0
00000000 00000214 0007 80002744  x1:80002740 x1=80002748                 # jalr    ra, ra, 544
00000000 00000215 0007 80002960  x2:0011e328 x2=0011e324                 # addi    sp, sp, -4
00000000 00000216 0007 80002964  x2:0011e324 x1:80002748 WA:0011e324     # sw      ra, 0(sp)
00000000 00000217 0007 80002968  x1=80002968                             # auipc   ra, 0x0
00000000 00000218 0007 8000296c  x1:80002968 x1=80002970                 # jalr    ra, ra, -1624
00000000 00000219 0007 80002310  x10=00000000                            # lui     a0, 0x0
00000000 00000220 0007 80002314  x10:00000000 x4:0011e328 x10=0011e328   # add     a0, a0, tp
00000000 00000221 0007 80002318  x10:0011e328 RA:0011e328 x10=0011ff70   # lw      a0, 0(a0)
00000000 00000222 0007 8000231c  x10:0011ff70 RA:0011ff70 x10=0011ff70   # lw      a0, 0(a0)
00000000 00000223 0007 80002320  x10:0011ff70 RA:0011ffe0 x10=00120190   # lw      a0, 112(a0)
00000000 00000224 0007 80002324  x1:80002970                             # ret
00000000 00000219 0003 80002310  x10=00000000                            # lui     a0, 0x0
00000000 00000223 0005 80002320  x10:0011ff70 RA:0011ffe0 x10=00120190   # lw      a0, 112(a0)
00000000 00000224 0005 80002324  x1:80002970                             # ret
00000000 00000229 0000 80002318  x10:0011ff60 RA:0011ff60 x10=0011ff70   # lw      a0, 0(a0)
00000000 00000220 0003 80002314  x10:00000000 x4:0011f348 x10=0011f348   # add     a0, a0, tp
00000000 00000230 0000 8000231c  x10:0011ff70 RA:0011ff70 x10=0011ff70   # lw      a0, 0(a0)
00000000 00000221 0003 80002318  x10:0011f348 RA:0011f348 x10=0011ff70   # lw      a0, 0(a0)
00000000 00000231 0000 80002320  x10:0011ff70 RA:0011ffe0 x10=00120190   # lw      a0, 112(a0)
00000000 00000222 0003 8000231c  x10:0011ff70 RA:0011ff70 x10=0011ff70   # lw      a0, 0(a0)
00000000 00000232 0000 80002324  x1:80002970                             # ret
00000000 00000223 0003 80002320  x10:0011ff70 RA:0011ffe0 x10=00120190   # lw      a0, 112(a0)
00000000 00000224 0003 80002324  x1:80002970                             # ret
00000000 00000225 0002 80002970  x10:00120190 RA:00120190 x10=00000000   # lw      a0, 0(a0)
00000000 00000225 0007 80002970  x10:00120190 RA:00120190 x10=00000000   # lw      a0, 0(a0)
00000000 00000233 0000 80002970  x10:00120190 RA:00120190 x10=00000000   # lw      a0, 0(a0)
00000000 00000234 0000 80002974  x10:00000000                            # mv      zero, a0
00000000 00000235 0000 80002978  x2:0011ff5c RA:0011ff5c x1=80002748     # lw      ra, 0(sp)
00000000 00000236 0000 8000297c  x2:0011ff5c x2=0011ff60                 # addi    sp, sp, 4
00000000 00000237 0000 80002980  x1:80002748                             # ret
00000000 00000238 0000 80002748  x1=80000748                             # auipc   ra, 0xffffe
00000000 00000239 0000 8000274c  x1:80000748 x1=80002750                 # jalr    ra, ra, 4
00000000 00000226 0002 80002974  x10:00000000                            # mv      zero, a0
00000000 00000225 0003 80002970  x10:00120190 RA:00120190 x10=00000000   # lw      a0, 0(a0)
00000000 00000226 0003 80002974  x10:00000000                            # mv      zero, a0
00000000 00000227 0003 80002978  x2:0011f344 RA:0011f344 x1=80002748     # lw      ra, 0(sp)
00000000 00000228 0003 8000297c  x2:0011f344 x2=0011f348                 # addi    sp, sp, 4
00000000 00000229 0003 80002980  x1:80002748                             # ret
00000000 00000230 0003 80002748  x1=80000748                             # auipc   ra, 0xffffe
00000000 00000225 0004 80002970  x10:00120190 RA:00120190 x10=00000000   # lw      a0, 0(a0)
00000000 00000240 0000 8000074c  x2:0011ff60 x2=0011ff50                 # addi    sp, sp, -16
00000000 00000227 0002 80002978  x2:0011f74c RA:0011f74c x1=80002748     # lw      ra, 0(sp)
00000000 00000228 0002 8000297c  x2:0011f74c x2=0011f750                 # addi    sp, sp, 4
00000000 00000229 0002 80002980  x1:80002748                             # ret
00000000 00000230 0002 80002748  x1=80000748                             # auipc   ra, 0xffffe
00000000 00000231 0002 8000274c  x1:80000748 x1=80002750                 # jalr    ra, ra, 4
00000000 00000225 0001 80002970  x10:00120190 RA:00120190 x10=00000000   # lw      a0, 0(a0)
00000000 00000226 0001 80002974  x10:00000000                            # mv      zero, a0
00000000 00000227 0001 80002978  x2:0011fb54 RA:0011fb54 x1=80002748     # lw      ra, 0(sp)
00000000 00000228 0001 8000297c  x2:0011fb54 x2=0011fb58                 # addi    sp, sp, 4
00000000 00000229 0001 80002980  x1:80002748                             # ret
00000000 00000230 0001 80002748  x1=80000748                             # auipc   ra, 0xffffe
00000000 00000231 0001 8000274c  x1:80000748 x1=80002750                 # jalr    ra, ra, 4
00000000 00000225 0006 80002970  x10:00120190 RA:00120190 x10=00000000   # lw      a0, 0(a0)
00000000 00000232 0002 8000074c  x2:0011f750 x2=0011f740                 # addi    sp, sp, -16
00000000 00000231 0003 8000274c  x1:80000748 x1=80002750                 # jalr    ra, ra, 4
00000000 00000226 0004 80002974  x10:00000000                            # mv      zero, a0
00000000 00000232 0003 8000074c  x2:0011f348 x2=0011f338                 # addi    sp, sp, -16
00000000 00000241 0000 80000750  x2:0011ff50 x1:80002750 WA:0011ff5c     # sw      ra, 12(sp)
00000000 00000226 0007 80002974  x10:00000000                            # mv      zero, a0
00000000 00000225 0008 80002970  x10:00120190 RA:00120190 x10=00000000   # lw      a0, 0(a0)
00000000 00000225 0005 80002970  x10:00120190 RA:00120190 x10=00000000   # lw      a0, 0(a0)
00000000 00000232 0001 8000074c  x2:0011fb58 x2=0011fb48                 # addi    sp, sp, -16
00000000 00000226 0006 80002974  x10:00000000                            # mv      zero, a0
00000000 00000233 0002 80000750  x2:0011f740 x1:80002750 WA:0011f74c     # sw      ra, 12(sp)
00000000 00000227 0004 80002978  x2:0011ef3c RA:0011ef3c x1=80002748     # lw      ra, 0(sp)
00000000 00000233 0003 80000750  x2:0011f338 x1:80002750 WA:0011f344     # sw      ra, 12(sp)
00000000 00000242 0000 80000754  x2:0011ff50 x8:00000000 WA:0011ff58     # sw      s0, 8(sp)
00000000 00000227 0007 80002978  x2:0011e324 RA:0011e324 x1=80002748     # lw      ra, 0(sp)
00000000 00000228 0007 8000297c  x2:0011e324 x2=0011e328                 # addi    sp, sp, 4
00000000 00000226 0005 80002974  x10:00000000                            # mv      zero, a0
00000000 00000233 0001 80000750  x2:0011fb48 x1:80002750 WA:0011fb54     # sw      ra, 12(sp)
00000000 00000227 0006 80002978  x2:0011e72c RA:0011e72c x1=80002748     # lw      ra, 0(sp)
00000000 00000234 0002 80000754  x2:0011f740 x8:00000002 WA:0011f748     # sw      s0, 8(sp)
00000000 00000228 0004 8000297c  x2:0011ef3c x2=0011ef40                 # addi    sp, sp, 4
00000000 00000234 0003 80000754  x2:0011f338 x8:00000003 WA:0011f340     # sw      s0, 8(sp)
00000000 00000243 0000 80000758  x10=00000000                            # lui     a0, 0x0
00000000 00000226 0008 80002974  x10:00000000                            # mv      zero, a0
00000000 00000229 0007 80002980  x1:80002748                             # ret
00000000 00000227 0005 80002978  x2:0011eb34 RA:0011eb34 x1=80002748     # lw      ra, 0(sp)
00000000 00000234 0001 80000754  x2:0011fb48 x8:00000001 WA:0011fb50     # sw      s0, 8(sp)
00000000 00000228 0006 8000297c  x2:0011e72c x2=0011e730                 # addi    sp, sp, 4
00000000 00000235 0001 80000758  x10=00000000                            # lui     a0, 0x0
00000000 00000235 0002 80000758  x10=00000000                            # lui     a0, 0x0
00000000 00000229 0004 80002980  x1:80002748                             # ret
00000000 00000230 0004 80002748  x1=80000748                             # auipc   ra, 0xffffe
00000000 00000231 0004 8000274c  x1:80000748 x1=80002750                 # jalr    ra, ra, 4
00000000 00000227 0008 80002978  x2:0011df1c RA:0011df1c x1=80002748     # lw      ra, 0(sp)
00000000 00000232 0004 8000074c  x2:0011ef40 x2=0011ef30                 # addi    sp, sp, -16
00000000 00000230 0007 80002748  x1=80000748                             # auipc   ra, 0xffffe
00000000 00000228 0005 8000297c  x2:0011eb34 x2=0011eb38                 # addi    sp, sp, 4
00000000 00000231 0007 8000274c  x1:80000748 x1=80002750                 # jalr    ra, ra, 4
00000000 00000236 0002 8000075c  x10:00000000 x4:0011f750 x10=0011f750   # add     a0, a0, tp
00000000 00000235 0003 80000758  x10=00000000                            # lui     a0, 0x0
00000000 00000244 0000 8000075c  x10:00000000 x4:0011ff60 x10=0011ff60   # add     a0, a0, tp
00000000 00000228 0008 8000297c  x2:0011df1c x2=0011df20                 # addi    sp, sp, 4
00000000 00000233 0004 80000750  x2:0011ef30 x1:80002750 WA:0011ef3c     # sw      ra, 12(sp)
00000000 00000229 0006 80002980  x1:80002748                             # ret
00000000 00000236 0001 8000075c  x10:00000000 x4:0011fb58 x10=0011fb58   # add     a0, a0, tp
00000000 00000229 0005 80002980  x1:80002748                             # ret
00000000 00000232 0007 8000074c  x2:0011e328 x2=0011e318                 # addi    sp, sp, -16
00000000 00000233 0007 80000750  x2:0011e318 x1:80002750 WA:0011e324     # sw      ra, 12(sp)
00000000 00000234 0007 80000754  x2:0011e318 x8:00000007 WA:0011e320     # sw      s0, 8(sp)
00000000 00000245 0000 80000760  x10:0011ff60 RA:0011ff64 x11=00000000   # lw      a1, 4(a0)
00000000 00000229 0008 80002980  x1:80002748                             # ret
00000000 00000230 0008 80002748  x1=80000748                             # auipc   ra, 0xffffe
00000000 00000231 0008 8000274c  x1:80000748 x1=80002750                 # jalr    ra, ra, 4
00000000 00000237 0001 80000760  x10:0011fb58 RA:0011fb5c x11=00000001   # lw      a1, 4(a0)
00000000 00000232 0008 8000074c  x2:0011df20 x2=0011df10                 # addi    sp, sp, -16
00000000 00000230 0005 80002748  x1=80000748                             # auipc   ra, 0xffffe
00000000 00000233 0008 80000750  x2:0011df10 x1:80002750 WA:0011df1c     # sw      ra, 12(sp)
00000000 00000236 0003 8000075c  x10:00000000 x4:0011f348 x10=0011f348   # add     a0, a0, tp
00000000 00000235 0007 80000758  x10=00000000                            # lui     a0, 0x0
00000000 00000246 0000 80000764  x10=00000000                            # li      a0, 0
00000000 00000247 0000 80000768  x11:00000000                            # bnez    a1, pc + 108
00000000 00000248 0000 8000076c  x10=00000000                            # lui     a0, 0x0
00000000 00000249 0000 80000770  x10:00000000 x4:0011ff60 x10=0011ff60   # add     a0, a0, tp
00000000 00000250 0000 80000774  x10:0011ff60 RA:0011ff60 x10=0011ff70   # lw      a0, 0(a0)
00000000 00000251 0000 80000778  x10:0011ff70 RA:0011ff70 x10=0011ff70   # lw      a0, 0(a0)
00000000 00000234 0008 80000754  x2:0011df10 x8:00000008 WA:0011df18     # sw      s0, 8(sp)
00000000 00000237 0003 80000760  x10:0011f348 RA:0011f34c x11=00000003   # lw      a1, 4(a0)
00000000 00000236 0007 8000075c  x10:00000000 x4:0011e328 x10=0011e328   # add     a0, a0, tp
00000000 00000234 0004 80000754  x2:0011ef30 x8:00000004 WA:0011ef38     # sw      s0, 8(sp)
00000000 00000230 0006 80002748  x1=80000748                             # auipc   ra, 0xffffe
00000000 00000235 0004 80000758  x10=00000000                            # lui     a0, 0x0
00000000 00000231 0006 8000274c  x1:80000748 x1=80002750                 # jalr    ra, ra, 4
00000000 00000237 0002 80000760  x10:0011f750 RA:0011f754 x11=00000002   # lw      a1, 4(a0)
00000000 00000231 0005 8000274c  x1:80000748 x1=80002750                 # jalr    ra, ra, 4
00000000 00000252 0000 8000077c  x10:0011ff70 RA:0011ffc8 x8=00100000    # lw      s0, 88(a0)
00000000 00000235 0008 80000758  x10=00000000                            # lui     a0, 0x0
00000000 00000238 0003 80000764  x10=00000000                            # li      a0, 0
00000000 00000237 0007 80000760  x10:0011e328 RA:0011e32c x11=00000007   # lw      a1, 4(a0)
00000000 00000238 0007 80000764  x10=00000000                            # li      a0, 0
00000000 00000239 0007 80000768  x11:00000007                            # bnez    a1, pc + 108
00000000 00000232 0006 8000074c  x2:0011e730 x2=0011e720                 # addi    sp, sp, -16
00000000 00000238 0002 80000764  x10=00000000                            # li      a0, 0
00000000 00000232 0005 8000074c  x2:0011eb38 x2=0011eb28                 # addi    sp, sp, -16
00000000 00000253 0000 80000780  x10:0011ff70 RA:0011ffc0 x12=00100000   # lw      a2, 80(a0)
00000000 00000236 0008 8000075c  x10:00000000 x4:0011df20 x10=0011df20   # add     a0, a0, tp
00000000 00000239 0003 80000768  x11:00000003                            # bnez    a1, pc + 108
00000000 00000238 0001 80000764  x10=00000000                            # li      a0, 0
00000000 00000236 0004 8000075c  x10:00000000 x4:0011ef40 x10=0011ef40   # add     a0, a0, tp
00000000 00000240 0007 800007d4  x2:0011e318 RA:0011e320 x8=00000007     # lw      s0, 8(sp)
00000000 00000233 0006 80000750  x2:0011e720 x1:80002750 WA:0011e72c     # sw      ra, 12(sp)
00000000 00000239 0002 80000768  x11:00000002                            # bnez    a1, pc + 108
00000000 00000233 0005 80000750  x2:0011eb28 x1:80002750 WA:0011eb34     # sw      ra, 12(sp)
00000000 00000254 0000 80000784  x10:0011ff70 RA:0011ffc4 x13=0001db28   # lw      a3, 84(a0)
00000000 00000237 0008 80000760  x10:0011df20 RA:0011df24 x11=00000008   # lw      a1, 4(a0)
00000000 00000240 0003 800007d4  x2:0011f338 RA:0011f340 x8=00000003     # lw      s0, 8(sp)
00000000 00000239 0001 80000768  x11:00000001                            # bnez    a1, pc + 108
00000000 00000237 0004 80000760  x10:0011ef40 RA:0011ef44 x11=00000004   # lw      a1, 4(a0)
00000000 00000241 0007 800007d8  x2:0011e318 RA:0011e324 x1=80002750     # lw      ra, 12(sp)
00000000 00000234 0006 80000754  x2:0011e720 x8:00000006 WA:0011e728     # sw      s0, 8(sp)
00000000 00000242 0007 800007dc  x2:0011e318 x2=0011e328                 # addi    sp, sp, 16
00000000 00000235 0006 80000758  x10=00000000                            # lui     a0, 0x0
00000000 00000255 0000 80000788  x8:00100000 x11=00100030                # addi    a1, s0, 48
00000000 00000238 0008 80000764  x10=00000000                            # li      a0, 0
00000000 00000239 0008 80000768  x11:00000008                            # bnez    a1, pc + 108
00000000 00000240 0001 800007d4  x2:0011fb48 RA:0011fb50 x8=00000001     # lw      s0, 8(sp)
00000000 00000238 0004 80000764  x10=00000000                            # li      a0, 0
00000000 00000240 0002 800007d4  x2:0011f740 RA:0011f748 x8=00000002     # lw      s0, 8(sp)
00000000 00000234 0005 80000754  x2:0011eb28 x8:00000005 WA:0011eb30     # sw      s0, 8(sp)
00000000 00000243 0007 800007e0  x1:80002750                             # ret
00000000 00000236 0006 8000075c  x10:00000000 x4:0011e730 x10=0011e730   # add     a0, a0, tp
00000000 00000256 0000 8000078c  x13:0001db28 x12:00100000 x12=0011db28  # add     a2, a3, a2
00000000 00000241 0003 800007d8  x2:0011f338 RA:0011f344 x1=80002750     # lw      ra, 12(sp)
00000000 00000240 0008 800007d4  x2:0011df10 RA:0011df18 x8=00000008     # lw      s0, 8(sp)
00000000 00000242 0003 800007dc  x2:0011f338 x2=0011f348                 # addi    sp, sp, 16
00000000 00000241 0001 800007d8  x2:0011fb48 RA:0011fb54 x1=80002750     # lw      ra, 12(sp)
00000000 00000239 0004 80000768  x11:00000004                            # bnez    a1, pc + 108
00000000 00000241 0002 800007d8  x2:0011f740 RA:0011f74c x1=80002750     # lw      ra, 12(sp)
00000000 00000235 0005 80000758  x10=00000000                            # lui     a0, 0x0
00000000 00000244 0007 80002750  x10:00000000 x8=00000000                # mv      s0, a0
00000000 00000245 0007 80002754  x1=80002754                             # auipc   ra, 0x0
00000000 00000257 0000 80000790  x12:0011db28 x11:00100030               # bgeu    a2, a1, pc + 12
00000000 00000243 0003 800007e0  x1:80002750                             # ret
00000000 00000241 0008 800007d8  x2:0011df10 RA:0011df1c x1=80002750     # lw      ra, 12(sp)
00000000 00000242 0001 800007dc  x2:0011fb48 x2=0011fb58                 # addi    sp, sp, 16
00000000 00000242 0008 800007dc  x2:0011df10 x2=0011df20                 # addi    sp, sp, 16
00000000 00000240 0004 800007d4  x2:0011ef30 RA:0011ef38 x8=00000004     # lw      s0, 8(sp)
00000000 00000242 0002 800007dc  x2:0011f740 x2=0011f750                 # addi    sp, sp, 16
00000000 00000241 0004 800007d8  x2:0011ef30 RA:0011ef3c x1=80002750     # lw      ra, 12(sp)
00000000 00000243 0002 800007e0  x1:80002750                             # ret
00000000 00000246 0007 80002758  x1:80002754 x1=8000275c                 # jalr    ra, ra, 524
00000000 00000244 0003 80002750  x10:00000000 x8=00000000                # mv      s0, a0
00000000 00000243 0001 800007e0  x1:80002750                             # ret
00000000 00000243 0008 800007e0  x1:80002750                             # ret
00000000 00000236 0005 8000075c  x10:00000000 x4:0011eb38 x10=0011eb38   # add     a0, a0, tp
00000000 00000237 0006 80000760  x10:0011e730 RA:0011e734 x11=00000006   # lw      a1, 4(a0)
00000000 00000242 0004 800007dc  x2:0011ef30 x2=0011ef40                 # addi    sp, sp, 16
00000000 00000244 0002 80002750  x10:00000000 x8=00000000                # mv      s0, a0
00000000 00000245 0002 80002754  x1=80002754                             # auipc   ra, 0x0
00000000 00000247 0007 80002960  x2:0011e328 x2=0011e324                 # addi    sp, sp, -4
00000000 00000245 0003 80002754  x1=80002754                             # auipc   ra, 0x0
00000000 00000244 0001 80002750  x10:00000000 x8=00000000                # mv      s0, a0
00000000 00000244 0008 80002750  x10:00000000 x8=00000000                # mv      s0, a0
00000000 00000245 0008 80002754  x1=80002754                             # auipc   ra, 0x0
00000000 00000238 0006 80000764  x10=00000000                            # li      a0, 0
00000000 00000243 0004 800007e0  x1:80002750                             # ret
00000000 00000258 0000 8000079c  x10:0011ff70 x11:00100030 WA:0011ffc8   # sw      a1, 88(a0)
00000000 00000246 0002 80002758  x1:80002754 x1=8000275c                 # jalr    ra, ra, 524
00000000 00000248 0007 80002964  x2:0011e324 x1:8000275c WA:0011e324     # sw      ra, 0(sp)
00000000 00000246 0003 80002758  x1:80002754 x1=8000275c                 # jalr    ra, ra, 524
00000000 00000245 0001 80002754  x1=80002754                             # auipc   ra, 0x0
00000000 00000237 0005 80000760  x10:0011eb38 RA:0011eb3c x11=00000005   # lw      a1, 4(a0)
00000000 00000246 0008 80002758  x1:80002754 x1=8000275c                 # jalr    ra, ra, 524
00000000 00000239 0006 80000768  x11:00000006                            # bnez    a1, pc + 108
00000000 00000244 0004 80002750  x10:00000000 x8=00000000                # mv      s0, a0
00000000 00000259 0000 800007a0  x8:00100000 x10=00100000                # mv      a0, s0
00000000 00000260 0000 800007a4  x1=800007a4                             # auipc   ra, 0x0
00000000 00000249 0007 80002968  x1=80002968                             # auipc   ra, 0x0
00000000 00000250 0007 8000296c  x1:80002968 x1=80002970                 # jalr    ra, ra, -1624
00000000 00000251 0007 80002310  x10=00000000                            # lui     a0, 0x0
00000000 00000238 0005 80000764  x10=00000000                            # li      a0, 0
00000000 00000247 0008 80002960  x2:0011df20 x2=0011df1c                 # addi    sp, sp, -4
00000000 00000240 0006 800007d4  x2:0011e720 RA:0011e728 x8=00000006     # lw      s0, 8(sp)
00000000 00000245 0004 80002754  x1=80002754                             # auipc   ra, 0x0
00000000 00000247 0002 80002960  x2:0011f750 x2=0011f74c                 # addi    sp, sp, -4
00000000 00000261 0000 800007a8  x1:800007a4 x1=800007ac                 # jalr    ra, ra, -368
00000000 00000247 0003 80002960  x2:0011f348 x2=0011f344                 # addi    sp, sp, -4
00000000 00000246 0001 80002758  x1:80002754 x1=8000275c                 # jalr    ra, ra, 524
00000000 00000252 0007 80002314  x10:00000000 x4:0011e328 x10=0011e328   # add     a0, a0, tp
00000000 00000239 0005 80000768  x11:00000005                            # bnez    a1, pc + 108
00000000 00000248 0008 80002964  x2:0011df1c x1:8000275c WA:0011df1c     # sw      ra, 0(sp)
00000000 00000241 0006 800007d8  x2:0011e720 RA:0011e72c x1=80002750     # lw      ra, 12(sp)
00000000 00000246 0004 80002758  x1:80002754 x1=8000275c                 # jalr    ra, ra, 524
00000000 00000242 0006 800007dc  x2:0011e720 x2=0011e730                 # addi    sp, sp, 16
00000000 00000248 0002 80002964  x2:0011f74c x1:8000275c WA:0011f74c     # sw      ra, 0(sp)
00000000 00000262 0000 80000634  x10:00100000 x11=00000001               # srli    a1, a0, 20
00000000 00000248 0003 80002964  x2:0011f344 x1:8000275c WA:0011f344     # sw      ra, 0(sp)
00000000 00000247 0001 80002960  x2:0011fb58 x2=0011fb54                 # addi    sp, sp, -4
00000000 00000253 0007 80002318  x10:0011e328 RA:0011e328 x10=0011ff70   # lw      a0, 0(a0)
00000000 00000240 0005 800007d4  x2:0011eb28 RA:0011eb30 x8=00000005     # lw      s0, 8(sp)
00000000 00000249 0008 80002968  x1=80002968                             # auipc   ra, 0x0
00000000 00000247 0004 80002960  x2:0011ef40 x2=0011ef3c                 # addi    sp, sp, -4
00000000 00000243 0006 800007e0  x1:80002750                             # ret
00000000 00000249 0002 80002968  x1=80002968                             # auipc   ra, 0x0
00000000 00000263 0000 80000638  x11:00000001 x11=00000001               # snez    a1, a1
00000000 00000249 0003 80002968  x1=80002968                             # auipc   ra, 0x0
00000000 00000248 0001 80002964  x2:0011fb54 x1:8000275c WA:0011fb54     # sw      ra, 0(sp)
00000000 00000254 0007 8000231c  x10:0011ff70 RA:0011ff70 x10=0011ff70   # lw      a0, 0(a0)
00000000 00000241 0005 800007d8  x2:0011eb28 RA:0011eb34 x1=80002750     # lw      ra, 12(sp)
00000000 00000250 0008 8000296c  x1:80002968 x1=80002970                 # jalr    ra, ra, -1624
00000000 00000242 0005 800007dc  x2:0011eb28 x2=0011eb38                 # addi    sp, sp, 16
00000000 00000251 0008 80002310  x10=00000000                            # lui     a0, 0x0
00000000 00000244 0006 80002750  x10:00000000 x8=00000000                # mv      s0, a0
00000000 00000245 0006 80002754  x1=80002754                             # auipc   ra, 0x0
00000000 00000246 0006 80002758  x1:80002754 x1=8000275c                 # jalr    ra, ra, 524
00000000 00000264 0000 8000063c  x12=00120000                            # lui     a2, 0x120
00000000 00000250 0003 8000296c  x1:80002968 x1=80002970                 # jalr    ra, ra, -1624
00000000 00000249 0001 80002968  x1=80002968                             # auipc   ra, 0x0
00000000 00000255 0007 80002320  x10:0011ff70 RA:0011ffe0 x10=00120190   # lw      a0, 112(a0)
00000000 00000256 0007 80002324  x1:80002970                             # ret
00000000 00000243 0005 800007e0  x1:80002750                             # ret
00000000 00000244 0005 80002750  x10:00000000 x8=00000000                # mv      s0, a0
00000000 00000245 0005 80002754  x1=80002754                             # auipc   ra, 0x0
00000000 00000246 0005 80002758  x1:80002754 x1=8000275c                 # jalr    ra, ra, 524
00000000 00000247 0006 80002960  x2:0011e730 x2=0011e72c                 # addi    sp, sp, -4
00000000 00000265 0000 80000640  x12:00120000 x12=0011ffd9               # addi    a2, a2, -39
00000000 00000251 0003 80002310  x10=00000000                            # lui     a0, 0x0
00000000 00000250 0001 8000296c  x1:80002968 x1=80002970                 # jalr    ra, ra, -1624
00000000 00000248 0004 80002964  x2:0011ef3c x1:8000275c WA:0011ef3c     # sw      ra, 0(sp)
00000000 00000251 0001 80002310  x10=00000000                            # lui     a0, 0x0
00000000 00000250 0002 8000296c  x1:80002968 x1=80002970                 # jalr    ra, ra, -1624
00000000 00000252 0001 80002314  x10:00000000 x4:0011fb58 x10=0011fb58   # add     a0, a0, tp
00000000 00000248 0006 80002964  x2:0011e72c x1:8000275c WA:0011e72c     # sw      ra, 0(sp)
00000000 00000249 0006 80002968  x1=80002968                             # auipc   ra, 0x0
00000000 00000250 0006 8000296c  x1:80002968 x1=80002970                 # jalr    ra, ra, -1624
00000000 00000251 0006 80002310  x10=00000000                            # lui     a0, 0x0
00000000 00000252 0006 80002314  x10:00000000 x4:0011e730 x10=0011e730   # add     a0, a0, tp
00000000 00000251 0002 80002310  x10=00000000                            # lui     a0, 0x0
00000000 00000252 0003 80002314  x10:00000000 x4:0011f348 x10=0011f348   # add     a0, a0, tp
00000000 00000253 0001 80002318  x10:0011fb58 RA:0011fb58 x10=0011ff70   # lw      a0, 0(a0)
00000000 00000266 0000 80000644  x10:00100000 x12:0011ffd9 x12=00000001  # sltu    a2, a0, a2
00000000 00000267 0000 80000648  x11:00000001 x12:00000001 x11=00000001  # and     a1, a1, a2
00000000 00000268 0000 8000064c  x11:00000001                            # beqz    a1, pc + 140
00000000 00000269 0000 80000650  x11=00000008                            # li      a1, 8
00000000 00000247 0005 80002960  x2:0011eb38 x2=0011eb34                 # addi    sp, sp, -4
00000000 00000252 0002 80002314  x10:00000000 x4:0011f750 x10=0011f750   # add     a0, a0, tp
00000000 00000253 0003 80002318  x10:0011f348 RA:0011f348 x10=0011ff70   # lw      a0, 0(a0)
00000000 00000254 0001 8000231c  x10:0011ff70 RA:0011ff70 x10=0011ff70   # lw      a0, 0(a0)
00000000 00000255 0001 80002320  x10:0011ff70 RA:0011ffe0 x10=00120190   # lw      a0, 112(a0)
00000000 00000256 0001 80002324  x1:80002970                             # ret
00000000 00000270 0000 80000654  x12=00000005                            # li      a2, 5
00000000 00000253 0006 80002318  x10:0011e730 RA:0011e730 x10=0011ff70   # lw      a0, 0(a0)
00000000 00000254 0006 8000231c  x10:0011ff70 RA:0011ff70 x10=0011ff70   # lw      a0, 0(a0)
00000000 00000255 0006 80002320  x10:0011ff70 RA:0011ffe0 x10=00120190   # lw      a0, 112(a0)
00000000 00000256 0006 80002324  x1:80002970                             # ret
00000000 00000254 0003 8000231c  x10:0011ff70 RA:0011ff70 x10=0011ff70   # lw      a0, 0(a0)
00000000 00000249 0004 80002968  x1=80002968                             # auipc   ra, 0x0
00000000 00000250 0004 8000296c  x1:80002968 x1=80002970                 # jalr    ra, ra, -1624
00000000 00000271 0000 80000658  x13=00000040                            # li      a3, 64
00000000 00000255 0003 80002320  x10:0011ff70 RA:0011ffe0 x10=00120190   # lw      a0, 112(a0)
00000000 00000272 0000 8000065c  x14=000000c0                            # li      a4, 192
00000000 00000256 0003 80002324  x1:80002970                             # ret
00000000 00000253 0002 80002318  x10:0011f750 RA:0011f750 x10=0011ff70   # lw      a0, 0(a0)
00000000 00000251 0004 80002310  x10=00000000                            # lui     a0, 0x0
00000000 00000248 0005 80002964  x2:0011eb34 x1:8000275c WA:0011eb34     # sw      ra, 0(sp)
00000000 00000273 0000 80000660  x12:00000005 x13:00000040 WA:00204810   # scfgw   a2, a3
00000000 00000252 0008 80002314  x10:00000000 x4:0011df20 x10=0011df20   # add     a0, a0, tp
00000000 00000254 0002 8000231c  x10:0011ff70 RA:0011ff70 x10=0011ff70   # lw      a0, 0(a0)
00000000 00000252 0004 80002314  x10:00000000 x4:0011ef40 x10=0011ef40   # add     a0, a0, tp
00000000 00000249 0005 80002968  x1=80002968                             # auipc   ra, 0x0
00000000 00000250 0005 8000296c  x1:80002968 x1=80002970                 # jalr    ra, ra, -1624
00000000 00000274 0000 80000664  x11:00000008 x14:000000c0 WA:00204830   # scfgw   a1, a4
00000000 00000253 0008 80002318  x10:0011df20 RA:0011df20 x10=0011ff70   # lw      a0, 0(a0)
00000000 00000254 0008 8000231c  x10:0011ff70 RA:0011ff70 x10=0011ff70   # lw      a0, 0(a0)
00000000 00000255 0002 80002320  x10:0011ff70 RA:0011ffe0 x10=00120190   # lw      a0, 112(a0)
00000000 00000253 0004 80002318  x10:0011ef40 RA:0011ef40 x10=0011ff70   # lw      a0, 0(a0)
00000000 00000251 0005 80002310  x10=00000000                            # lui     a0, 0x0
00000000 00000252 0005 80002314  x10:00000000 x4:0011eb38 x10=0011eb38   # add     a0, a0, tp
00000000 00000275 0000 80000668  x11=00000020                            # li      a1, 32
00000000 00000255 0008 80002320  x10:0011ff70 RA:0011ffe0 x10=00120190   # lw      a0, 112(a0)
00000000 00000256 0008 80002324  x1:80002970                             # ret
00000000 00000256 0002 80002324  x1:80002970                             # ret
00000000 00000254 0004 8000231c  x10:0011ff70 RA:0011ff70 x10=0011ff70   # lw      a0, 0(a0)
00000000 00000253 0005 80002318  x10:0011eb38 RA:0011eb38 x10=0011ff70   # lw      a0, 0(a0)
00000000 00000276 0000 8000066c  x11:00000020 WA:00204808                # scfgw   zero, a1
00000000 00000255 0004 80002320  x10:0011ff70 RA:0011ffe0 x10=00120190   # lw      a0, 112(a0)
00000000 00000254 0005 8000231c  x10:0011ff70 RA:0011ff70 x10=0011ff70   # lw      a0, 0(a0)
00000000 00000277 0000 80000670  x10:00100000 WA:002048e0                # scfgwi  a0, 896
00000000 00000256 0004 80002324  x1:80002970                             # ret
00000000 00000255 0005 80002320  x10:0011ff70 RA:0011ffe0 x10=00120190   # lw      a0, 112(a0)
00000000 00000278 0000 80000674  x10=00000000                            # csrrsi  a0, ssr, 1
00000000 00000256 0005 80002324  x1:80002970                             # ret
00000000 00000279 0000 80000678  f03=        0.000000                    # fcvt.d.w ft3, zero
00000000 00000280 0000 8000067c  x10=8000267c                            # auipc   a0, 0x2
00000000 00000281 0000 80000680  x10:8000267c x10=80002c00               # addi    a0, a0, 1412
00000000 00000282 0000 80000684  x10:80002c00 RA:80002c00 RA:80002c04 f04=        0.010000  # fld     ft4, 0(a0)
00000000 00000283 0000 80000688  f03:        0.000000 f03:        0.000000 f00=        0.000000  # fsgnj.d ft0, ft3, ft3
00000000 00000284 0000 8000068c  f04:        0.010000 f04:        0.010000 f00=        0.010000  # fsgnj.d ft0, ft4, ft4
00000000 00000285 0000 80000690  x10=80002690                            # auipc   a0, 0x2
00000000 00000286 0000 80000694  x10:80002690 x10=80002c08               # addi    a0, a0, 1400
00000000 00000287 0000 80000698  x10:80002c08 RA:80002c08 RA:80002c0c f03=        0.020000  # fld     ft3, 0(a0)
00000000 00000288 0000 8000069c  x10=8000269c                            # auipc   a0, 0x2
00000000 00000289 0000 800006a0  x10:8000269c x10=80002c10               # addi    a0, a0, 1396
00000000 00000290 0000 800006a4  x10:80002c10 RA:80002c10 RA:80002c14 f04=        0.030000  # fld     ft4, 0(a0)
00000000 00000291 0000 800006a8  f03:        0.020000 f03:        0.020000 f00=        0.020000  # fsgnj.d ft0, ft3, ft3
00000000 00000292 0000 800006ac  f04:        0.030000 f04:        0.030000 f00=        0.030000  # fsgnj.d ft0, ft4, ft4
00000000 00000293 0000 800006b0  x10=800026b0                            # auipc   a0, 0x2
00000000 00000294 0000 800006b4  x10:800026b0 x10=80002c18               # addi    a0, a0, 1384
00000000 00000295 0000 800006b8  x10:80002c18 RA:80002c18 RA:80002c1c f03=        0.040000  # fld     ft3, 0(a0)
00000000 00000296 0000 800006bc  x10=800026bc                            # auipc   a0, 0x2
00000000 00000297 0000 800006c0  x10:800026bc x10=80002c20               # addi    a0, a0, 1380
00000000 00000298 0000 800006c4  x10:80002c20 RA:80002c20 RA:80002c24 f04=        0.050000  # fld     ft4, 0(a0)
00000000 00000299 0000 800006c8  f03:        0.040000 f03:        0.040000 f00=        0.040000  # fsgnj.d ft0, ft3, ft3
00000000 00000300 0000 800006cc  f04:        0.050000 f04:        0.050000 f00=        0.050000  # fsgnj.d ft0, ft4, ft4
00000000 00000301 0000 800006d0  x10=00000001                            # csrrci  a0, ssr, 1
00000000 00000302 0000 800006d4  x1:800007ac                             # ret
00000000 00000303 0000 800007ac  x8:00100000 x10=00100000                # mv      a0, s0
00000000 00000304 0000 800007b0  x1=800007b0                             # auipc   ra, 0x0
00000000 00000305 0000 800007b4  x1:800007b0 x1=800007b8                 # jalr    ra, ra, 52
00000000 00000306 0000 800007e4  x12=00000000                            # li      a2, 0
00000000 00000307 0000 800007e8  x10:00100000 x11=00000001               # srli    a1, a0, 20
00000000 00000308 0000 800007ec  x11:00000001 x13=00000001               # snez    a3, a1
00000000 00000309 0000 800007f0  x11=00120000                            # lui     a1, 0x120
00000000 00000310 0000 800007f4  x11:00120000 x28=0011fff1               # addi    t3, a1, -15
00000000 00000311 0000 800007f8  x10:00100000 x28:0011fff1 x14=00000001  # sltu    a4, a0, t3
00000000 00000312 0000 800007fc  x13:00000001 x14:00000001 x7=00000001   # and     t2, a3, a4
00000000 00000313 0000 80000800  x29=00000001                            # li      t4, 1
00000000 00000314 0000 80000804  x5=00000008                             # li      t0, 8
00000000 00000315 0000 80000808  x6=00000002                             # li      t1, 2
00000000 00000316 0000 8000080c  x14=8000280c                            # auipc   a4, 0x2
00000000 00000317 0000 80000810  x14:8000280c x14=80002c28               # addi    a4, a4, 1052
00000000 00000318 0000 80000814  x14:80002c28 RA:80002c28 RA:80002c2c f03=        0.000100  # fld     ft3, 0(a4)
00000000 00000319 0000 80000818  x14=80002818                            # auipc   a4, 0x2
00000000 00000320 0000 8000081c  x14:80002818 x14=80002c30               # addi    a4, a4, 1048
00000000 00000321 0000 80000820  x14:80002c30 RA:80002c30 RA:80002c34 f04=        0.000500  # fld     ft4, 0(a4)
00000000 00000322 0000 80000824  x16=fffffff0                            # li      a6, -16
00000000 00000323 0000 80000828  x17=00000004                            # li      a7, 4
00000000 00000324 0000 8000082c  x14=00000001                            # li      a4, 1
00000000 00000325 0000 80000830                                          # j       pc + 0xec
00000000 00000326 0000 8000091c  x12:00000000 x12=00000000               # slli    a2, a2, 3
00000000 00000327 0000 80000920  x10:00100000 x12:00000000 x15=00100000  # add     a5, a0, a2
00000000 00000328 0000 80000924  x15:00100000 x11=00000001               # srli    a1, a5, 20
00000000 00000329 0000 80000928  x11:00000001 x11=00000001               # snez    a1, a1
00000000 00000330 0000 8000092c  x15:00100000 x28:0011fff1 x13=00000001  # sltu    a3, a5, t3
00000000 00000331 0000 80000930  x11:00000001 x13:00000001 x11=00000001  # and     a1, a1, a3
00000000 00000332 0000 80000934  x11:00000001                            # beqz    a1, pc + 100
00000000 00000333 0000 80000938  x11=00000040                            # li      a1, 64
00000000 00000334 0000 8000093c  x13=000000c0                            # li      a3, 192
00000000 00000335 0000 80000940  x6:00000002 x11:00000040 WA:00204810    # scfgw   t1, a1
00000000 00000336 0000 80000944  x5:00000008 x13:000000c0 WA:00204830    # scfgw   t0, a3
00000000 00000337 0000 80000948  x11=00000020                            # li      a1, 32
00000000 00000338 0000 8000094c  x11:00000020 WA:00204808                # scfgw   zero, a1
00000000 00000339 0000 80000950  x15:00100000 WA:002048c0                # scfgwi  a5, 768
00000000 00000340 0000 80000954  x29:00000001 x11=00000041               # addi    a1, t4, 64
00000000 00000341 0000 80000958  x29:00000001 x13=000000c1               # addi    a3, t4, 192
00000000 00000342 0000 8000095c  x6:00000002 x11:00000041 WA:00204910    # scfgw   t1, a1
00000000 00000343 0000 80000960  x5:00000008 x13:000000c1 WA:00204930    # scfgw   t0, a3
00000000 00000344 0000 80000964  x29:00000001 x11=00000021               # addi    a1, t4, 32
00000000 00000345 0000 80000968  x11:00000021 WA:00204908                # scfgw   zero, a1
00000000 00000346 0000 8000096c  x15:00100000 WA:002049e0                # scfgwi  a5, 897
00000000 00000347 0000 80000970  x11=00000000                            # csrrsi  a1, ssr, 1
00000000 00000348 0000 80000974  f00:        0.000000 f03:        0.000100 f05=        0.000100  # fadd.d  ft5, ft0, ft3
00000000 00000349 0000 80000978  f05:        0.000100 f05:        0.000100 f01=        0.000100  # fsgnj.d ft1, ft5, ft5
00000000 00000350 0000 8000097c  f00:        0.010000 f03:        0.000100 f05=        0.010100  # fadd.d  ft5, ft0, ft3
00000000 00000351 0000 80000980  f05:        0.010100 f05:        0.010100 f01=        0.010100  # fsgnj.d ft1, ft5, ft5
00000000 00000352 0000 80000984  f00:        0.020000 f03:        0.000100 f05=        0.020100  # fadd.d  ft5, ft0, ft3
00000000 00000353 0000 80000988  f05:        0.020100 f05:        0.020100 f01=        0.020100  # fsgnj.d ft1, ft5, ft5
00000000 00000354 0000 8000098c  x11=00000001                            # csrrci  a1, ssr, 1
00000000 00000355 0000 80000990  x7:00000001                             # bnez    t2, pc - 348
00000000 00000356 0000 80000834  x11=00000040                            # li      a1, 64
00000000 00000357 0000 80000838  x12=000000c0                            # li      a2, 192
00000000 00000358 0000 8000083c  x6:00000002 x11:00000040 WA:00204810    # scfgw   t1, a1
00000000 00000359 0000 80000840  x5:00000008 x12:000000c0 WA:00204830    # scfgw   t0, a2
00000000 00000360 0000 80000844  x11=00000060                            # li      a1, 96
00000000 00000361 0000 80000848  x12=000000e0                            # li      a2, 224
00000000 00000362 0000 8000084c  x17:00000004 x11:00000060 WA:00204818   # scfgw   a7, a1
00000000 00000363 0000 80000850  x16:fffffff0 x12:000000e0 WA:00204838   # scfgw   a6, a2
00000000 00000364 0000 80000854  x11=00000020                            # li      a1, 32
00000000 00000365 0000 80000858  x11:00000020 WA:00204808                # scfgw   zero, a1
00000000 00000366 0000 8000085c  x10:00100000 WA:002048c8                # scfgwi  a0, 800
00000000 00000367 0000 80000860  x29:00000001 x11=00000041               # addi    a1, t4, 64
00000000 00000368 0000 80000864  x29:00000001 x12=000000c1               # addi    a2, t4, 192
00000000 00000369 0000 80000868  x6:00000002 x11:00000041 WA:00204910    # scfgw   t1, a1
00000000 00000370 0000 8000086c  x5:00000008 x12:000000c1 WA:00204930    # scfgw   t0, a2
00000000 00000371 0000 80000870  x29:00000001 x11=00000061               # addi    a1, t4, 96
00000000 00000372 0000 80000874  x29:00000001 x12=000000e1               # addi    a2, t4, 224
00000000 00000373 0000 80000878  x17:00000004 x11:00000061 WA:00204918   # scfgw   a7, a1
00000000 00000374 0000 8000087c  x16:fffffff0 x12:000000e1 WA:00204938   # scfgw   a6, a2
00000000 00000375 0000 80000880  x29:00000001 x11=00000021               # addi    a1, t4, 32
00000000 00000376 0000 80000884  x11:00000021 WA:00204908                # scfgw   zero, a1
00000000 00000377 0000 80000888  x10:00100000 WA:002049e8                # scfgwi  a0, 929
00000000 00000378 0000 8000088c  x11=00000000                            # csrrsi  a1, ssr, 1
00000000 00000379 0000 80000890  f00:        0.000100 f03:        0.000100 f05=        0.000200  # fadd.d  ft5, ft0, ft3
00000000 00000380 0000 80000894  f05:        0.000200 f05:        0.000200 f01=        0.000200  # fsgnj.d ft1, ft5, ft5
00000000 00000381 0000 80000898  f00:        0.010100 f03:        0.000100 f05=        0.010200  # fadd.d  ft5, ft0, ft3
00000000 00000382 0000 8000089c  f05:        0.010200 f05:        0.010200 f01=        0.010200  # fsgnj.d ft1, ft5, ft5
00000000 00000383 0000 800008a0  f00:        0.020100 f03:        0.000100 f05=        0.020200  # fadd.d  ft5, ft0, ft3
00000000 00000384 0000 800008a4  f05:        0.020200 f05:        0.020200 f01=        0.020200  # fsgnj.d ft1, ft5, ft5
00000000 00000385 0000 800008a8  f00:        0.000200 f03:        0.000100 f05=        0.000300  # fadd.d  ft5, ft0, ft3
00000000 00000386 0000 800008ac  f05:        0.000300 f05:        0.000300 f01=        0.000300  # fsgnj.d ft1, ft5, ft5
00000000 00000387 0000 800008b0  f00:        0.010200 f03:        0.000100 f05=        0.010300  # fadd.d  ft5, ft0, ft3
00000000 00000388 0000 800008b4  f05:        0.010300 f05:        0.010300 f01=        0.010300  # fsgnj.d ft1, ft5, ft5
00000000 00000389 0000 800008b8  f00:        0.020200 f03:        0.000100 f05=        0.020300  # fadd.d  ft5, ft0, ft3
00000000 00000390 0000 800008bc  f05:        0.020300 f05:        0.020300 f01=        0.020300  # fsgnj.d ft1, ft5, ft5
00000000 00000391 0000 800008c0  f00:        0.000300 f03:        0.000100 f05=        0.000400  # fadd.d  ft5, ft0, ft3
00000000 00000392 0000 800008c4  f05:        0.000400 f05:        0.000400 f01=        0.000400  # fsgnj.d ft1, ft5, ft5
00000000 00000393 0000 800008c8  f00:        0.010300 f03:        0.000100 f05=        0.010400  # fadd.d  ft5, ft0, ft3
00000000 00000394 0000 800008cc  f05:        0.010400 f05:        0.010400 f01=        0.010400  # fsgnj.d ft1, ft5, ft5
00000000 00000395 0000 800008d0  f00:        0.020300 f03:        0.000100 f05=        0.020400  # fadd.d  ft5, ft0, ft3
00000000 00000396 0000 800008d4  f05:        0.020400 f05:        0.020400 f01=        0.020400  # fsgnj.d ft1, ft5, ft5
00000000 00000397 0000 800008d8  f00:        0.000400 f03:        0.000100 f05=        0.000500  # fadd.d  ft5, ft0, ft3
00000000 00000398 0000 800008dc  f05:        0.000500 f05:        0.000500 f01=        0.000500  # fsgnj.d ft1, ft5, ft5
00000000 00000399 0000 800008e0  f00:        0.010400 f03:        0.000100 f05=        0.010500  # fadd.d  ft5, ft0, ft3
00000000 00000400 0000 800008e4  f05:        0.010500 f05:        0.010500 f01=        0.010500  # fsgnj.d ft1, ft5, ft5
00000000 00000401 0000 800008e8  f00:        0.020400 f03:        0.000100 f05=        0.020500  # fadd.d  ft5, ft0, ft3
00000000 00000402 0000 800008ec  f05:        0.020500 f05:        0.020500 f01=        0.020500  # fsgnj.d ft1, ft5, ft5
00000000 00000403 0000 800008f0  f00:        0.000500 f03:        0.000100 f05=        0.000600  # fadd.d  ft5, ft0, ft3
00000000 00000404 0000 800008f4  f05:        0.000600 f05:        0.000600 f01=        0.000600  # fsgnj.d ft1, ft5, ft5
00000000 00000405 0000 800008f8  f00:        0.010500 f03:        0.000100 f05=        0.010600  # fadd.d  ft5, ft0, ft3
00000000 00000406 0000 800008fc  f05:        0.010600 f05:        0.010600 f01=        0.010600  # fsgnj.d ft1, ft5, ft5
00000000 00000407 0000 80000900  f00:        0.020500 f03:        0.000100 f05=        0.020600  # fadd.d  ft5, ft0, ft3
00000000 00000408 0000 80000904  f05:        0.020600 f05:        0.020600 f01=        0.020600  # fsgnj.d ft1, ft5, ft5
00000000 00000409 0000 80000908  x11=00000001                            # csrrci  a1, ssr, 1
00000000 00000410 0000 8000090c  x14:00000001 x11=00000001               # andi    a1, a4, 1
00000000 00000411 0000 80000910  x12=00000003                            # li      a2, 3
00000000 00000412 0000 80000914  x14=00000000                            # li      a4, 0
00000000 00000413 0000 80000918  x11:00000001                            # beqz    a1, pc + 216
00000000 00000414 0000 8000091c  x12:00000003 x12=00000018               # slli    a2, a2, 3
00000000 00000415 0000 80000920  x10:00100000 x12:00000018 x15=00100018  # add     a5, a0, a2
00000000 00000416 0000 80000924  x15:00100018 x11=00000001               # srli    a1, a5, 20
00000000 00000417 0000 80000928  x11:00000001 x11=00000001               # snez    a1, a1
00000000 00000418 0000 8000092c  x15:00100018 x28:0011fff1 x13=00000001  # sltu    a3, a5, t3
00000000 00000419 0000 80000930  x11:00000001 x13:00000001 x11=00000001  # and     a1, a1, a3
00000000 00000420 0000 80000934  x11:00000001                            # beqz    a1, pc + 100
00000000 00000421 0000 80000938  x11=00000040                            # li      a1, 64
00000000 00000422 0000 8000093c  x13=000000c0                            # li      a3, 192
00000000 00000423 0000 80000940  x6:00000002 x11:00000040 WA:00204810    # scfgw   t1, a1
00000000 00000424 0000 80000944  x5:00000008 x13:000000c0 WA:00204830    # scfgw   t0, a3
00000000 00000425 0000 80000948  x11=00000020                            # li      a1, 32
00000000 00000426 0000 8000094c  x11:00000020 WA:00204808                # scfgw   zero, a1
00000000 00000427 0000 80000950  x15:00100018 WA:002048c0                # scfgwi  a5, 768
00000000 00000428 0000 80000954  x29:00000001 x11=00000041               # addi    a1, t4, 64
00000000 00000429 0000 80000958  x29:00000001 x13=000000c1               # addi    a3, t4, 192
00000000 00000430 0000 8000095c  x6:00000002 x11:00000041 WA:00204910    # scfgw   t1, a1
00000000 00000431 0000 80000960  x5:00000008 x13:000000c1 WA:00204930    # scfgw   t0, a3
00000000 00000432 0000 80000964  x29:00000001 x11=00000021               # addi    a1, t4, 32
00000000 00000433 0000 80000968  x11:00000021 WA:00204908                # scfgw   zero, a1
00000000 00000434 0000 8000096c  x15:00100018 WA:002049e0                # scfgwi  a5, 897
00000000 00000435 0000 80000970  x11=00000000                            # csrrsi  a1, ssr, 1
00000000 00000436 0000 80000974  f00:        0.030000 f03:        0.000100 f05=        0.030100  # fadd.d  ft5, ft0, ft3
00000000 00000437 0000 80000978  f05:        0.030100 f05:        0.030100 f01=        0.030100  # fsgnj.d ft1, ft5, ft5
00000000 00000438 0000 8000097c  f00:        0.040000 f03:        0.000100 f05=        0.040100  # fadd.d  ft5, ft0, ft3
00000000 00000439 0000 80000980  f05:        0.040100 f05:        0.040100 f01=        0.040100  # fsgnj.d ft1, ft5, ft5
00000000 00000440 0000 80000984  f00:        0.050000 f03:        0.000100 f05=        0.050100  # fadd.d  ft5, ft0, ft3
00000000 00000441 0000 80000988  f05:        0.050100 f05:        0.050100 f01=        0.050100  # fsgnj.d ft1, ft5, ft5
00000000 00000442 0000 8000098c  x11=00000001                            # csrrci  a1, ssr, 1
00000000 00000443 0000 80000990  x7:00000001                             # bnez    t2, pc - 348
00000000 00000444 0000 80000834  x11=00000040                            # li      a1, 64
00000000 00000445 0000 80000838  x12=000000c0                            # li      a2, 192
00000000 00000446 0000 8000083c  x6:00000002 x11:00000040 WA:00204810    # scfgw   t1, a1
00000000 00000447 0000 80000840  x5:00000008 x12:000000c0 WA:00204830    # scfgw   t0, a2
00000000 00000448 0000 80000844  x11=00000060                            # li      a1, 96
00000000 00000449 0000 80000848  x12=000000e0                            # li      a2, 224
00000000 00000450 0000 8000084c  x17:00000004 x11:00000060 WA:00204818   # scfgw   a7, a1
00000000 00000451 0000 80000850  x16:fffffff0 x12:000000e0 WA:00204838   # scfgw   a6, a2
00000000 00000452 0000 80000854  x11=00000020                            # li      a1, 32
00000000 00000453 0000 80000858  x11:00000020 WA:00204808                # scfgw   zero, a1
00000000 00000454 0000 8000085c  x10:00100000 WA:002048c8                # scfgwi  a0, 800
00000000 00000455 0000 80000860  x29:00000001 x11=00000041               # addi    a1, t4, 64
00000000 00000456 0000 80000864  x29:00000001 x12=000000c1               # addi    a2, t4, 192
00000000 00000457 0000 80000868  x6:00000002 x11:00000041 WA:00204910    # scfgw   t1, a1
00000000 00000458 0000 8000086c  x5:00000008 x12:000000c1 WA:00204930    # scfgw   t0, a2
00000000 00000459 0000 80000870  x29:00000001 x11=00000061               # addi    a1, t4, 96
00000000 00000460 0000 80000874  x29:00000001 x12=000000e1               # addi    a2, t4, 224
00000000 00000461 0000 80000878  x17:00000004 x11:00000061 WA:00204918   # scfgw   a7, a1
00000000 00000462 0000 8000087c  x16:fffffff0 x12:000000e1 WA:00204938   # scfgw   a6, a2
00000000 00000463 0000 80000880  x29:00000001 x11=00000021               # addi    a1, t4, 32
00000000 00000464 0000 80000884  x11:00000021 WA:00204908                # scfgw   zero, a1
00000000 00000465 0000 80000888  x10:00100000 WA:002049e8                # scfgwi  a0, 929
00000000 00000466 0000 8000088c  x11=00000000                            # csrrsi  a1, ssr, 1
00000000 00000467 0000 80000890  f00:        0.000600 f03:        0.000100 f05=        0.000700  # fadd.d  ft5, ft0, ft3
00000000 00000468 0000 80000894  f05:        0.000700 f05:        0.000700 f01=        0.000700  # fsgnj.d ft1, ft5, ft5
00000000 00000469 0000 80000898  f00:        0.010600 f03:        0.000100 f05=        0.010700  # fadd.d  ft5, ft0, ft3
00000000 00000470 0000 8000089c  f05:        0.010700 f05:        0.010700 f01=        0.010700  # fsgnj.d ft1, ft5, ft5
00000000 00000471 0000 800008a0  f00:        0.020600 f03:        0.000100 f05=        0.020700  # fadd.d  ft5, ft0, ft3
00000000 00000472 0000 800008a4  f05:        0.020700 f05:        0.020700 f01=        0.020700  # fsgnj.d ft1, ft5, ft5
00000000 00000473 0000 800008a8  f00:        0.000700 f03:        0.000100 f05=        0.000800  # fadd.d  ft5, ft0, ft3
00000000 00000474 0000 800008ac  f05:        0.000800 f05:        0.000800 f01=        0.000800  # fsgnj.d ft1, ft5, ft5
00000000 00000475 0000 800008b0  f00:        0.010700 f03:        0.000100 f05=        0.010800  # fadd.d  ft5, ft0, ft3
00000000 00000476 0000 800008b4  f05:        0.010800 f05:        0.010800 f01=        0.010800  # fsgnj.d ft1, ft5, ft5
00000000 00000477 0000 800008b8  f00:        0.020700 f03:        0.000100 f05=        0.020800  # fadd.d  ft5, ft0, ft3
00000000 00000478 0000 800008bc  f05:        0.020800 f05:        0.020800 f01=        0.020800  # fsgnj.d ft1, ft5, ft5
00000000 00000479 0000 800008c0  f00:        0.000800 f03:        0.000100 f05=        0.000900  # fadd.d  ft5, ft0, ft3
00000000 00000480 0000 800008c4  f05:        0.000900 f05:        0.000900 f01=        0.000900  # fsgnj.d ft1, ft5, ft5
00000000 00000481 0000 800008c8  f00:        0.010800 f03:        0.000100 f05=        0.010900  # fadd.d  ft5, ft0, ft3
00000000 00000482 0000 800008cc  f05:        0.010900 f05:        0.010900 f01=        0.010900  # fsgnj.d ft1, ft5, ft5
00000000 00000483 0000 800008d0  f00:        0.020800 f03:        0.000100 f05=        0.020900  # fadd.d  ft5, ft0, ft3
00000000 00000484 0000 800008d4  f05:        0.020900 f05:        0.020900 f01=        0.020900  # fsgnj.d ft1, ft5, ft5
00000000 00000485 0000 800008d8  f00:        0.000900 f03:        0.000100 f05=        0.001000  # fadd.d  ft5, ft0, ft3
00000000 00000486 0000 800008dc  f05:        0.001000 f05:        0.001000 f01=        0.001000  # fsgnj.d ft1, ft5, ft5
00000000 00000487 0000 800008e0  f00:        0.010900 f03:        0.000100 f05=        0.011000  # fadd.d  ft5, ft0, ft3
00000000 00000488 0000 800008e4  f05:        0.011000 f05:        0.011000 f01=        0.011000  # fsgnj.d ft1, ft5, ft5
00000000 00000489 0000 800008e8  f00:        0.020900 f03:        0.000100 f05=        0.021000  # fadd.d  ft5, ft0, ft3
00000000 00000490 0000 800008ec  f05:        0.021000 f05:        0.021000 f01=        0.021000  # fsgnj.d ft1, ft5, ft5
00000000 00000491 0000 800008f0  f00:        0.001000 f03:        0.000100 f05=        0.001100  # fadd.d  ft5, ft0, ft3
00000000 00000492 0000 800008f4  f05:        0.001100 f05:        0.001100 f01=        0.001100  # fsgnj.d ft1, ft5, ft5
00000000 00000493 0000 800008f8  f00:        0.011000 f03:        0.000100 f05=        0.011100  # fadd.d  ft5, ft0, ft3
00000000 00000494 0000 800008fc  f05:        0.011100 f05:        0.011100 f01=        0.011100  # fsgnj.d ft1, ft5, ft5
00000000 00000495 0000 80000900  f00:        0.021000 f03:        0.000100 f05=        0.021100  # fadd.d  ft5, ft0, ft3
00000000 00000496 0000 80000904  f05:        0.021100 f05:        0.021100 f01=        0.021100  # fsgnj.d ft1, ft5, ft5
00000000 00000497 0000 80000908  x11=00000001                            # csrrci  a1, ssr, 1
00000000 00000498 0000 8000090c  x14:00000000 x11=00000000               # andi    a1, a4, 1
00000000 00000499 0000 80000910  x12=00000003                            # li      a2, 3
00000000 00000500 0000 80000914  x14=00000000                            # li      a4, 0
00000000 00000501 0000 80000918  x11:00000000                            # beqz    a1, pc + 216
00000000 00000502 0000 800009f0  x1:800007b8                             # ret
00000000 00000503 0000 800007b8  x10=800027b8                            # auipc   a0, 0x2
00000000 00000504 0000 800007bc  x10:800027b8 x10=800029d5               # addi    a0, a0, 541
00000000 00000505 0000 800007c0  x1=800007c0                             # auipc   ra, 0x0
00000000 00000506 0000 800007c4  x1:800007c0 x1=800007c8                 # jalr    ra, ra, 564
00000000 00000507 0000 800009f4  x2:0011ff50 x2=0011ff20                 # addi    sp, sp, -48
00000000 00000508 0000 800009f8  x2:0011ff20 x1:800007c8 WA:0011ff2c     # sw      ra, 12(sp)
00000000 00000509 0000 800009fc  x10:800029d5 x5=800029d5                # mv      t0, a0
00000000 00000510 0000 80000a00  x2:0011ff20 x17:00000004 WA:0011ff4c    # sw      a7, 44(sp)
00000000 00000511 0000 80000a04  x2:0011ff20 x16:fffffff0 WA:0011ff48    # sw      a6, 40(sp)
00000000 00000512 0000 80000a08  x2:0011ff20 x15:00100018 WA:0011ff44    # sw      a5, 36(sp)
00000000 00000513 0000 80000a0c  x2:0011ff20 x14:00000000 WA:0011ff40    # sw      a4, 32(sp)
00000000 00000514 0000 80000a10  x2:0011ff20 x13:000000c1 WA:0011ff3c    # sw      a3, 28(sp)
00000000 00000515 0000 80000a14  x2:0011ff20 x12:00000003 WA:0011ff38    # sw      a2, 24(sp)
00000000 00000516 0000 80000a18  x2:0011ff20 x11:00000000 WA:0011ff34    # sw      a1, 20(sp)
00000000 00000517 0000 80000a1c  x2:0011ff20 x10=0011ff34                # addi    a0, sp, 20
00000000 00000518 0000 80000a20  x2:0011ff20 x10:0011ff34 WA:0011ff28    # sw      a0, 8(sp)
00000000 00000519 0000 80000a24  x10=80001a24                            # auipc   a0, 0x1
00000000 00000520 0000 80000a28  x10:80001a24 x10=800012f8               # addi    a0, a0, -1836
00000000 00000521 0000 80000a2c  x2:0011ff20 x11=0011ff27                # addi    a1, sp, 7
00000000 00000522 0000 80000a30  x12=ffffffff                            # li      a2, -1
00000000 00000523 0000 80000a34  x2:0011ff20 x14=0011ff34                # addi    a4, sp, 20
00000000 00000524 0000 80000a38  x5:800029d5 x13=800029d5                # mv      a3, t0
00000000 00000525 0000 80000a3c  x1=80000a3c                             # auipc   ra, 0x0
00000000 00000526 0000 80000a40  x1:80000a3c x1=80000a44                 # jalr    ra, ra, 20
00000000 00000527 0000 80000a50  x2:0011ff20 x2=0011fed0                 # addi    sp, sp, -80
00000000 00000528 0000 80000a54  x2:0011fed0 x1:80000a44 WA:0011ff1c     # sw      ra, 76(sp)
00000000 00000529 0000 80000a58  x2:0011fed0 x8:00100000 WA:0011ff18     # sw      s0, 72(sp)
00000000 00000530 0000 80000a5c  x2:0011fed0 x9:00000000 WA:0011ff14     # sw      s1, 68(sp)
00000000 00000531 0000 80000a60  x2:0011fed0 x18:00000000 WA:0011ff10    # sw      s2, 64(sp)
00000000 00000532 0000 80000a64  x2:0011fed0 x19:00000000 WA:0011ff0c    # sw      s3, 60(sp)
00000000 00000533 0000 80000a68  x2:0011fed0 x20:00000000 WA:0011ff08    # sw      s4, 56(sp)
00000000 00000534 0000 80000a6c  x2:0011fed0 x21:00000000 WA:0011ff04    # sw      s5, 52(sp)
00000000 00000535 0000 80000a70  x2:0011fed0 x22:00000000 WA:0011ff00    # sw      s6, 48(sp)
00000000 00000536 0000 80000a74  x2:0011fed0 x23:00000000 WA:0011fefc    # sw      s7, 44(sp)
00000000 00000537 0000 80000a78  x2:0011fed0 x24:00000000 WA:0011fef8    # sw      s8, 40(sp)
00000000 00000538 0000 80000a7c  x2:0011fed0 x25:00000000 WA:0011fef4    # sw      s9, 36(sp)
00000000 00000539 0000 80000a80  x2:0011fed0 x26:00000000 WA:0011fef0    # sw      s10, 32(sp)
00000000 00000540 0000 80000a84  x2:0011fed0 x27:00000000 WA:0011feec    # sw      s11, 28(sp)
00000000 00000541 0000 80000a88  x2:0011fed0 x14:0011ff34 WA:0011fee4    # sw      a4, 20(sp)
00000000 00000542 0000 80000a8c  x12:ffffffff x22=ffffffff               # mv      s6, a2
00000000 00000543 0000 80000a90  x11:0011ff27 x20=0011ff27               # mv      s4, a1
00000000 00000544 0000 80000a94  x2:0011fed0 x13:800029d5 WA:0011fee8    # sw      a3, 24(sp)
00000000 00000545 0000 80000a98  x11:0011ff27                            # beqz    a1, pc + 12
00000000 00000546 0000 80000a9c  x10:800012f8 x18=800012f8               # mv      s2, a0
00000000 00000547 0000 80000aa0                                          # j       pc + 0xc
00000000 00000548 0000 80000aac  x9=00000000                             # li      s1, 0
00000000 00000549 0000 80000ab0  x26=00000025                            # li      s10, 37
00000000 00000550 0000 80000ab4  x27=00000010                            # li      s11, 16
00000000 00000551 0000 80000ab8  x24=00000009                            # li      s8, 9
00000000 00000552 0000 80000abc  x21=0000002e                            # li      s5, 46
00000000 00000553 0000 80000ac0  x19=0000002a                            # li      s3, 42
00000000 00000554 0000 80000ac4  x10=00001000                            # lui     a0, 0x1
00000000 00000555 0000 80000ac8  x10:00001000 x10=00000800               # addi    a0, a0, -2048
00000000 00000556 0000 80000acc  x2:0011fed0 x10:00000800 WA:0011fedc    # sw      a0, 12(sp)
00000000 00000557 0000 80000ad0  x10=00010000                            # lui     a0, 0x10
00000000 00000558 0000 80000ad4  x10:00010000 x10=0000ffff               # addi    a0, a0, -1
00000000 00000559 0000 80000ad8  x2:0011fed0 x10:0000ffff WA:0011fed8    # sw      a0, 8(sp)
00000000 00000560 0000 80000adc  x13:800029d5 x25=800029d6               # addi    s9, a3, 1
00000000 00000561 0000 80000ae0  x25:800029d6 RA:800029d5 x10=00000064   # lbu     a0, -1(s9)
00000000 00000562 0000 80000ae4  x10:00000064                            # beqz    a0, pc + 1976
00000000 00000563 0000 80000ae8  x10:00000064 x26:00000025               # beq     a0, s10, pc + 48
00000000 00000564 0000 80000aec  x9:00000000 x8=00000001                 # addi    s0, s1, 1
00000000 00000565 0000 80000af0  x20:0011ff27 x11=0011ff27               # mv      a1, s4
00000000 00000566 0000 80000af4  x9:00000000 x12=00000000                # mv      a2, s1
00000000 00000567 0000 80000af8  x22:ffffffff x13=ffffffff               # mv      a3, s6
00000000 00000568 0000 80000afc  x18:800012f8 x1=80000b00                # jalr    s2
00000000 00000569 0000 800012f8  x10:00000064                            # beqz    a0, pc + 12
00000000 00000570 0000 800012fc  x11=f00b8000                            # lui     a1, 0xf00b8
00000000 00000571 0000 80001300  x11:f00b8000 x10:00000064 WA:f00b8000   # sw      a0, 0(a1)
00000000 00000572 0000 80001304  x1:80000b00                             # ret
00000000 00000573 0000 80000b00  x2:0011fed0 x25:800029d6 WA:0011fee8    # sw      s9, 24(sp)
00000000 00000574 0000 80000b04  x25:800029d6 x25=800029d7               # addi    s9, s9, 1
00000000 00000575 0000 80000b08  x8:00000001 x9=00000001                 # mv      s1, s0
00000000 00000576 0000 80000b0c  x25:800029d7 RA:800029d6 x10=0000006f   # lbu     a0, -1(s9)
00000000 00000577 0000 80000b10  x10:0000006f                            # bnez    a0, pc - 40
00000000 00000578 0000 80000ae8  x10:0000006f x26:00000025               # beq     a0, s10, pc + 48
00000000 00000579 0000 80000aec  x9:00000001 x8=00000002                 # addi    s0, s1, 1
00000000 00000580 0000 80000af0  x20:0011ff27 x11=0011ff27               # mv      a1, s4
00000000 00000581 0000 80000af4  x9:00000001 x12=00000001                # mv      a2, s1
00000000 00000582 0000 80000af8  x22:ffffffff x13=ffffffff               # mv      a3, s6
00000000 00000583 0000 80000afc  x18:800012f8 x1=80000b00                # jalr    s2
00000000 00000584 0000 800012f8  x10:0000006f                            # beqz    a0, pc + 12
00000000 00000585 0000 800012fc  x11=f00b8000                            # lui     a1, 0xf00b8
00000000 00000586 0000 80001300  x11:f00b8000 x10:0000006f WA:f00b8000   # sw      a0, 0(a1)
00000000 00000587 0000 80001304  x1:80000b00                             # ret
00000000 00000588 0000 80000b00  x2:0011fed0 x25:800029d7 WA:0011fee8    # sw      s9, 24(sp)
00000000 00000589 0000 80000b04  x25:800029d7 x25=800029d8               # addi    s9, s9, 1
00000000 00000590 0000 80000b08  x8:00000002 x9=00000002                 # mv      s1, s0
00000000 00000591 0000 80000b0c  x25:800029d8 RA:800029d7 x10=0000006e   # lbu     a0, -1(s9)
00000000 00000592 0000 80000b10  x10:0000006e                            # bnez    a0, pc - 40
00000000 00000593 0000 80000ae8  x10:0000006e x26:00000025               # beq     a0, s10, pc + 48
00000000 00000594 0000 80000aec  x9:00000002 x8=00000003                 # addi    s0, s1, 1
00000000 00000595 0000 80000af0  x20:0011ff27 x11=0011ff27               # mv      a1, s4
00000000 00000596 0000 80000af4  x9:00000002 x12=00000002                # mv      a2, s1
00000000 00000597 0000 80000af8  x22:ffffffff x13=ffffffff               # mv      a3, s6
00000000 00000598 0000 80000afc  x18:800012f8 x1=80000b00                # jalr    s2
00000000 00000599 0000 800012f8  x10:0000006e                            # beqz    a0, pc + 12
00000000 00000600 0000 800012fc  x11=f00b8000                            # lui     a1, 0xf00b8
00000000 00000601 0000 80001300  x11:f00b8000 x10:0000006e WA:f00b8000   # sw      a0, 0(a1)
00000000 00000602 0000 80001304  x1:80000b00                             # ret
00000000 00000603 0000 80000b00  x2:0011fed0 x25:800029d8 WA:0011fee8    # sw      s9, 24(sp)
00000000 00000604 0000 80000b04  x25:800029d8 x25=800029d9               # addi    s9, s9, 1
00000000 00000605 0000 80000b08  x8:00000003 x9=00000003                 # mv      s1, s0
00000000 00000606 0000 80000b0c  x25:800029d9 RA:800029d8 x10=00000065   # lbu     a0, -1(s9)
00000000 00000607 0000 80000b10  x10:00000065                            # bnez    a0, pc - 40
00000000 00000608 0000 80000ae8  x10:00000065 x26:00000025               # beq     a0, s10, pc + 48
00000000 00000609 0000 80000aec  x9:00000003 x8=00000004                 # addi    s0, s1, 1
00000000 00000610 0000 80000af0  x20:0011ff27 x11=0011ff27               # mv      a1, s4
00000000 00000611 0000 80000af4  x9:00000003 x12=00000003                # mv      a2, s1
00000000 00000612 0000 80000af8  x22:ffffffff x13=ffffffff               # mv      a3, s6
00000000 00000613 0000 80000afc  x18:800012f8 x1=80000b00                # jalr    s2
00000000 00000614 0000 800012f8  x10:00000065                            # beqz    a0, pc + 12
00000000 00000615 0000 800012fc  x11=f00b8000                            # lui     a1, 0xf00b8
00000000 00000616 0000 80001300  x11:f00b8000 x10:00000065 WA:f00b8000   # sw      a0, 0(a1)
00000000 00000617 0000 80001304  x1:80000b00                             # ret
00000000 00000618 0000 80000b00  x2:0011fed0 x25:800029d9 WA:0011fee8    # sw      s9, 24(sp)
00000000 00000619 0000 80000b04  x25:800029d9 x25=800029da               # addi    s9, s9, 1
00000000 00000620 0000 80000b08  x8:00000004 x9=00000004                 # mv      s1, s0
00000000 00000621 0000 80000b0c  x25:800029da RA:800029d9 x10=0000000a   # lbu     a0, -1(s9)
00000000 00000622 0000 80000b10  x10:0000000a                            # bnez    a0, pc - 40
00000000 00000623 0000 80000ae8  x10:0000000a x26:00000025               # beq     a0, s10, pc + 48
00000000 00000624 0000 80000aec  x9:00000004 x8=00000005                 # addi    s0, s1, 1
00000000 00000625 0000 80000af0  x20:0011ff27 x11=0011ff27               # mv      a1, s4
00000000 00000626 0000 80000af4  x9:00000004 x12=00000004                # mv      a2, s1
00000000 00000627 0000 80000af8  x22:ffffffff x13=ffffffff               # mv      a3, s6
00000000 00000628 0000 80000afc  x18:800012f8 x1=80000b00                # jalr    s2
00000000 00000629 0000 800012f8  x10:0000000a                            # beqz    a0, pc + 12
00000000 00000630 0000 800012fc  x11=f00b8000                            # lui     a1, 0xf00b8
00000000 00000631 0000 80001300  x11:f00b8000 x10:0000000a WA:f00b8000   # sw      a0, 0(a1)
00000000 00000632 0000 80001304  x1:80000b00                             # ret
00000000 00000633 0000 80000b00  x2:0011fed0 x25:800029da WA:0011fee8    # sw      s9, 24(sp)
00000000 00000634 0000 80000b04  x25:800029da x25=800029db               # addi    s9, s9, 1
00000000 00000635 0000 80000b08  x8:00000005 x9=00000005                 # mv      s1, s0
00000000 00000636 0000 80000b0c  x25:800029db RA:800029da x10=00000000   # lbu     a0, -1(s9)
00000000 00000637 0000 80000b10  x10:00000000                            # bnez    a0, pc - 40
00000000 00000638 0000 80000b14                                          # j       pc + 0x788
00000000 00000639 0000 8000129c  x9:00000005 x12=00000005                # mv      a2, s1
00000000 00000640 0000 800012a0  x9:00000005 x22:ffffffff                # bltu    s1, s6, pc + 8
00000000 00000641 0000 800012a8  x10=00000000                            # li      a0, 0
00000000 00000642 0000 800012ac  x20:0011ff27 x11=0011ff27               # mv      a1, s4
00000000 00000643 0000 800012b0  x22:ffffffff x13=ffffffff               # mv      a3, s6
00000000 00000644 0000 800012b4  x18:800012f8 x1=800012b8                # jalr    s2
00000000 00000645 0000 800012f8  x10:00000000                            # beqz    a0, pc + 12
00000000 00000646 0000 80001304  x1:800012b8                             # ret
00000000 00000647 0000 800012b8  x9:00000005 x10=00000005                # mv      a0, s1
00000000 00000648 0000 800012bc  x2:0011fed0 RA:0011feec x27=00000000    # lw      s11, 28(sp)
00000000 00000649 0000 800012c0  x2:0011fed0 RA:0011fef0 x26=00000000    # lw      s10, 32(sp)
00000000 00000650 0000 800012c4  x2:0011fed0 RA:0011fef4 x25=00000000    # lw      s9, 36(sp)
00000000 00000651 0000 800012c8  x2:0011fed0 RA:0011fef8 x24=00000000    # lw      s8, 40(sp)
00000000 00000652 0000 800012cc  x2:0011fed0 RA:0011fefc x23=00000000    # lw      s7, 44(sp)
00000000 00000653 0000 800012d0  x2:0011fed0 RA:0011ff00 x22=00000000    # lw      s6, 48(sp)
00000000 00000654 0000 800012d4  x2:0011fed0 RA:0011ff04 x21=00000000    # lw      s5, 52(sp)
00000000 00000655 0000 800012d8  x2:0011fed0 RA:0011ff08 x20=00000000    # lw      s4, 56(sp)
00000000 00000656 0000 800012dc  x2:0011fed0 RA:0011ff0c x19=00000000    # lw      s3, 60(sp)
00000000 00000657 0000 800012e0  x2:0011fed0 RA:0011ff10 x18=00000000    # lw      s2, 64(sp)
00000000 00000658 0000 800012e4  x2:0011fed0 RA:0011ff14 x9=00000000     # lw      s1, 68(sp)
00000000 00000659 0000 800012e8  x2:0011fed0 RA:0011ff18 x8=00100000     # lw      s0, 72(sp)
00000000 00000660 0000 800012ec  x2:0011fed0 RA:0011ff1c x1=80000a44     # lw      ra, 76(sp)
00000000 00000661 0000 800012f0  x2:0011fed0 x2=0011ff20                 # addi    sp, sp, 80
00000000 00000662 0000 800012f4  x1:80000a44                             # ret
00000000 00000663 0000 80000a44  x2:0011ff20 RA:0011ff2c x1=800007c8     # lw      ra, 12(sp)
00000000 00000664 0000 80000a48  x2:0011ff20 x2=0011ff50                 # addi    sp, sp, 48
00000000 00000665 0000 80000a4c  x1:800007c8                             # ret
00000000 00000666 0000 800007c8  x8:00100000 RA:00100000 RA:00100004 f00=        0.001100  # fld     ft0, 0(s0)
00000000 00000667 0000 800007cc  f01=        0.000000                    # fcvt.d.w ft1, zero
00000000 00000668 0000 800007d0  f00:        0.001100 f01:        0.000000 x10=00000000  # feq.d   a0, ft0, ft1
00000000 00000669 0000 800007d4  x2:0011ff50 RA:0011ff58 x8=00000000     # lw      s0, 8(sp)
00000000 00000670 0000 800007d8  x2:0011ff50 RA:0011ff5c x1=80002750     # lw      ra, 12(sp)
00000000 00000671 0000 800007dc  x2:0011ff50 x2=0011ff60                 # addi    sp, sp, 16
00000000 00000672 0000 800007e0  x1:80002750                             # ret
00000000 00000673 0000 80002750  x10:00000000 x8=00000000                # mv      s0, a0
00000000 00000674 0000 80002754  x1=80002754                             # auipc   ra, 0x0
00000000 00000675 0000 80002758  x1:80002754 x1=8000275c                 # jalr    ra, ra, 524
00000000 00000676 0000 80002960  x2:0011ff60 x2=0011ff5c                 # addi    sp, sp, -4
00000000 00000677 0000 80002964  x2:0011ff5c x1:8000275c WA:0011ff5c     # sw      ra, 0(sp)
00000000 00000678 0000 80002968  x1=80002968                             # auipc   ra, 0x0
00000000 00000679 0000 8000296c  x1:80002968 x1=80002970                 # jalr    ra, ra, -1624
00000000 00000680 0000 80002310  x10=00000000                            # lui     a0, 0x0
00000000 00000681 0000 80002314  x10:00000000 x4:0011ff60 x10=0011ff60   # add     a0, a0, tp
00000000 00000682 0000 80002318  x10:0011ff60 RA:0011ff60 x10=0011ff70   # lw      a0, 0(a0)
00000000 00000683 0000 8000231c  x10:0011ff70 RA:0011ff70 x10=0011ff70   # lw      a0, 0(a0)
00000000 00000684 0000 80002320  x10:0011ff70 RA:0011ffe0 x10=00120190   # lw      a0, 112(a0)
00000000 00000685 0000 80002324  x1:80002970                             # ret
00000000 00000257 0006 80002970  x10:00120190 RA:00120190 x10=00000000   # lw      a0, 0(a0)
00000000 00000257 0005 80002970  x10:00120190 RA:00120190 x10=00000000   # lw      a0, 0(a0)
00000000 00000258 0006 80002974  x10:00000000                            # mv      zero, a0
00000000 00000257 0008 80002970  x10:00120190 RA:00120190 x10=00000000   # lw      a0, 0(a0)
00000000 00000257 0001 80002970  x10:00120190 RA:00120190 x10=00000000   # lw      a0, 0(a0)
00000000 00000257 0002 80002970  x10:00120190 RA:00120190 x10=00000000   # lw      a0, 0(a0)
00000000 00000258 0002 80002974  x10:00000000                            # mv      zero, a0
00000000 00000686 0000 80002970  x10:00120190 RA:00120190 x10=00000000   # lw      a0, 0(a0)
00000000 00000257 0004 80002970  x10:00120190 RA:00120190 x10=00000000   # lw      a0, 0(a0)
00000000 00000258 0005 80002974  x10:00000000                            # mv      zero, a0
00000000 00000259 0006 80002978  x2:0011e72c RA:0011e72c x1=8000275c     # lw      ra, 0(sp)
00000000 00000257 0007 80002970  x10:00120190 RA:00120190 x10=00000000   # lw      a0, 0(a0)
00000000 00000258 0007 80002974  x10:00000000                            # mv      zero, a0
00000000 00000259 0007 80002978  x2:0011e324 RA:0011e324 x1=8000275c     # lw      ra, 0(sp)
00000000 00000260 0007 8000297c  x2:0011e324 x2=0011e328                 # addi    sp, sp, 4
00000000 00000261 0007 80002980  x1:8000275c                             # ret
00000000 00000259 0002 80002978  x2:0011f74c RA:0011f74c x1=8000275c     # lw      ra, 0(sp)
00000000 00000260 0002 8000297c  x2:0011f74c x2=0011f750                 # addi    sp, sp, 4
00000000 00000687 0000 80002974  x10:00000000                            # mv      zero, a0
00000000 00000258 0004 80002974  x10:00000000                            # mv      zero, a0
00000000 00000259 0005 80002978  x2:0011eb34 RA:0011eb34 x1=8000275c     # lw      ra, 0(sp)
00000000 00000260 0005 8000297c  x2:0011eb34 x2=0011eb38                 # addi    sp, sp, 4
00000000 00000261 0005 80002980  x1:8000275c                             # ret
00000000 00000257 0003 80002970  x10:00120190 RA:00120190 x10=00000000   # lw      a0, 0(a0)
00000000 00000262 0007 8000275c  x8:00000000 x10=00000000                # mv      a0, s0
00000000 00000261 0002 80002980  x1:8000275c                             # ret
00000000 00000688 0000 80002978  x2:0011ff5c RA:0011ff5c x1=8000275c     # lw      ra, 0(sp)
00000000 00000260 0006 8000297c  x2:0011e72c x2=0011e730                 # addi    sp, sp, 4
00000000 00000259 0004 80002978  x2:0011ef3c RA:0011ef3c x1=8000275c     # lw      ra, 0(sp)
00000000 00000258 0008 80002974  x10:00000000                            # mv      zero, a0
00000000 00000258 0001 80002974  x10:00000000                            # mv      zero, a0
00000000 00000262 0005 8000275c  x8:00000000 x10=00000000                # mv      a0, s0
00000000 00000258 0003 80002974  x10:00000000                            # mv      zero, a0
00000000 00000263 0007 80002760  x1=80002760                             # auipc   ra, 0x0
00000000 00000262 0002 8000275c  x8:00000000 x10=00000000                # mv      a0, s0
00000000 00000689 0000 8000297c  x2:0011ff5c x2=0011ff60                 # addi    sp, sp, 4
00000000 00000690 0000 80002980  x1:8000275c                             # ret
00000000 00000260 0004 8000297c  x2:0011ef3c x2=0011ef40                 # addi    sp, sp, 4
00000000 00000259 0008 80002978  x2:0011df1c RA:0011df1c x1=8000275c     # lw      ra, 0(sp)
00000000 00000259 0001 80002978  x2:0011fb54 RA:0011fb54 x1=8000275c     # lw      ra, 0(sp)
00000000 00000263 0005 80002760  x1=80002760                             # auipc   ra, 0x0
00000000 00000259 0003 80002978  x2:0011f344 RA:0011f344 x1=8000275c     # lw      ra, 0(sp)
00000000 00000264 0007 80002764  x1:80002760 x1=80002768                 # jalr    ra, ra, 556
00000000 00000263 0002 80002760  x1=80002760                             # auipc   ra, 0x0
00000000 00000261 0006 80002980  x1:8000275c                             # ret
00000000 00000691 0000 8000275c  x8:00000000 x10=00000000                # mv      a0, s0
00000000 00000261 0004 80002980  x1:8000275c                             # ret
00000000 00000260 0008 8000297c  x2:0011df1c x2=0011df20                 # addi    sp, sp, 4
00000000 00000261 0008 80002980  x1:8000275c                             # ret
00000000 00000262 0008 8000275c  x8:00000000 x10=00000000                # mv      a0, s0
00000000 00000263 0008 80002760  x1=80002760                             # auipc   ra, 0x0
00000000 00000264 0008 80002764  x1:80002760 x1=80002768                 # jalr    ra, ra, 556
00000000 00000265 0008 8000298c  x2:0011df20 x2=0011df18                 # addi    sp, sp, -8
00000000 00000262 0006 8000275c  x8:00000000 x10=00000000                # mv      a0, s0
00000000 00000692 0000 80002760  x1=80002760                             # auipc   ra, 0x0
00000000 00000262 0004 8000275c  x8:00000000 x10=00000000                # mv      a0, s0
00000000 00000260 0001 8000297c  x2:0011fb54 x2=0011fb58                 # addi    sp, sp, 4
00000000 00000264 0005 80002764  x1:80002760 x1=80002768                 # jalr    ra, ra, 556
00000000 00000260 0003 8000297c  x2:0011f344 x2=0011f348                 # addi    sp, sp, 4
00000000 00000265 0007 8000298c  x2:0011e328 x2=0011e320                 # addi    sp, sp, -8
00000000 00000264 0002 80002764  x1:80002760 x1=80002768                 # jalr    ra, ra, 556
00000000 00000266 0008 80002990  x2:0011df18 x10:00000000 WA:0011df18    # sw      a0, 0(sp)
00000000 00000263 0006 80002760  x1=80002760                             # auipc   ra, 0x0
00000000 00000693 0000 80002764  x1:80002760 x1=80002768                 # jalr    ra, ra, 556
00000000 00000263 0004 80002760  x1=80002760                             # auipc   ra, 0x0
00000000 00000261 0001 80002980  x1:8000275c                             # ret
00000000 00000265 0005 8000298c  x2:0011eb38 x2=0011eb30                 # addi    sp, sp, -8
00000000 00000261 0003 80002980  x1:8000275c                             # ret
00000000 00000266 0007 80002990  x2:0011e320 x10:00000000 WA:0011e320    # sw      a0, 0(sp)
00000000 00000265 0002 8000298c  x2:0011f750 x2=0011f748                 # addi    sp, sp, -8
00000000 00000267 0008 80002994  x2:0011df18 x1:80002768 WA:0011df1c     # sw      ra, 4(sp)
00000000 00000264 0006 80002764  x1:80002760 x1=80002768                 # jalr    ra, ra, 556
00000000 00000694 0000 8000298c  x2:0011ff60 x2=0011ff58                 # addi    sp, sp, -8
00000000 00000264 0004 80002764  x1:80002760 x1=80002768                 # jalr    ra, ra, 556
00000000 00000262 0001 8000275c  x8:00000000 x10=00000000                # mv      a0, s0
00000000 00000266 0005 80002990  x2:0011eb30 x10:00000000 WA:0011eb30    # sw      a0, 0(sp)
00000000 00000267 0005 80002994  x2:0011eb30 x1:80002768 WA:0011eb34     # sw      ra, 4(sp)
00000000 00000267 0007 80002994  x2:0011e320 x1:80002768 WA:0011e324     # sw      ra, 4(sp)
00000000 00000266 0002 80002990  x2:0011f748 x10:00000000 WA:0011f748    # sw      a0, 0(sp)
00000000 00000268 0008 80002998  x1=80002998                             # auipc   ra, 0x0
00000000 00000265 0006 8000298c  x2:0011e730 x2=0011e728                 # addi    sp, sp, -8
00000000 00000695 0000 80002990  x2:0011ff58 x10:00000000 WA:0011ff58    # sw      a0, 0(sp)
00000000 00000265 0004 8000298c  x2:0011ef40 x2=0011ef38                 # addi    sp, sp, -8
00000000 00000263 0001 80002760  x1=80002760                             # auipc   ra, 0x0
00000000 00000264 0001 80002764  x1:80002760 x1=80002768                 # jalr    ra, ra, 556
00000000 00000268 0005 80002998  x1=80002998                             # auipc   ra, 0x0
00000000 00000268 0007 80002998  x1=80002998                             # auipc   ra, 0x0
00000000 00000267 0002 80002994  x2:0011f748 x1:80002768 WA:0011f74c     # sw      ra, 4(sp)
00000000 00000268 0002 80002998  x1=80002998                             # auipc   ra, 0x0
00000000 00000266 0006 80002990  x2:0011e728 x10:00000000 WA:0011e728    # sw      a0, 0(sp)
00000000 00000696 0000 80002994  x2:0011ff58 x1:80002768 WA:0011ff5c     # sw      ra, 4(sp)
00000000 00000266 0004 80002990  x2:0011ef38 x10:00000000 WA:0011ef38    # sw      a0, 0(sp)
00000000 00000267 0004 80002994  x2:0011ef38 x1:80002768 WA:0011ef3c     # sw      ra, 4(sp)
00000000 00000268 0004 80002998  x1=80002998                             # auipc   ra, 0x0
00000000 00000269 0004 8000299c  x1:80002998 x1=800029a0                 # jalr    ra, ra, -1704
00000000 00000270 0004 800022f0  x10=00000000                            # lui     a0, 0x0
00000000 00000269 0008 8000299c  x1:80002998 x1=800029a0                 # jalr    ra, ra, -1704
00000000 00000269 0002 8000299c  x1:80002998 x1=800029a0                 # jalr    ra, ra, -1704
00000000 00000267 0006 80002994  x2:0011e728 x1:80002768 WA:0011e72c     # sw      ra, 4(sp)
00000000 00000697 0000 80002998  x1=80002998                             # auipc   ra, 0x0
00000000 00000262 0003 8000275c  x8:00000000 x10=00000000                # mv      a0, s0
00000000 00000265 0001 8000298c  x2:0011fb58 x2=0011fb50                 # addi    sp, sp, -8
00000000 00000269 0005 8000299c  x1:80002998 x1=800029a0                 # jalr    ra, ra, -1704
00000000 00000269 0007 8000299c  x1:80002998 x1=800029a0                 # jalr    ra, ra, -1704
00000000 00000270 0007 800022f0  x10=00000000                            # lui     a0, 0x0
00000000 00000270 0008 800022f0  x10=00000000                            # lui     a0, 0x0
00000000 00000270 0002 800022f0  x10=00000000                            # lui     a0, 0x0
00000000 00000268 0006 80002998  x1=80002998                             # auipc   ra, 0x0
00000000 00000698 0000 8000299c  x1:80002998 x1=800029a0                 # jalr    ra, ra, -1704
00000000 00000263 0003 80002760  x1=80002760                             # auipc   ra, 0x0
00000000 00000266 0001 80002990  x2:0011fb50 x10:00000000 WA:0011fb50    # sw      a0, 0(sp)
00000000 00000270 0005 800022f0  x10=00000000                            # lui     a0, 0x0
00000000 00000271 0004 800022f4  x10:00000000 x4:0011ef40 x10=0011ef40   # add     a0, a0, tp
00000000 00000271 0007 800022f4  x10:00000000 x4:0011e328 x10=0011e328   # add     a0, a0, tp
00000000 00000271 0008 800022f4  x10:00000000 x4:0011df20 x10=0011df20   # add     a0, a0, tp
00000000 00000271 0002 800022f4  x10:00000000 x4:0011f750 x10=0011f750   # add     a0, a0, tp
00000000 00000269 0006 8000299c  x1:80002998 x1=800029a0                 # jalr    ra, ra, -1704
00000000 00000699 0000 800022f0  x10=00000000                            # lui     a0, 0x0
00000000 00000264 0003 80002764  x1:80002760 x1=80002768                 # jalr    ra, ra, 556
00000000 00000267 0001 80002994  x2:0011fb50 x1:80002768 WA:0011fb54     # sw      ra, 4(sp)
00000000 00000271 0005 800022f4  x10:00000000 x4:0011eb38 x10=0011eb38   # add     a0, a0, tp
00000000 00000272 0004 800022f8  x10:0011ef40 RA:0011ef40 x10=0011ff70   # lw      a0, 0(a0)
00000000 00000272 0007 800022f8  x10:0011e328 RA:0011e328 x10=0011ff70   # lw      a0, 0(a0)
00000000 00000272 0008 800022f8  x10:0011df20 RA:0011df20 x10=0011ff70   # lw      a0, 0(a0)
00000000 00000272 0002 800022f8  x10:0011f750 RA:0011f750 x10=0011ff70   # lw      a0, 0(a0)
00000000 00000270 0006 800022f0  x10=00000000                            # lui     a0, 0x0
00000000 00000700 0000 800022f4  x10:00000000 x4:0011ff60 x10=0011ff60   # add     a0, a0, tp
00000000 00000265 0003 8000298c  x2:0011f348 x2=0011f340                 # addi    sp, sp, -8
00000000 00000268 0001 80002998  x1=80002998                             # auipc   ra, 0x0
00000000 00000272 0005 800022f8  x10:0011eb38 RA:0011eb38 x10=0011ff70   # lw      a0, 0(a0)
00000000 00000273 0004 800022fc  x10:0011ff70 RA:0011ff70 x10=0011ff70   # lw      a0, 0(a0)
00000000 00000273 0007 800022fc  x10:0011ff70 RA:0011ff70 x10=0011ff70   # lw      a0, 0(a0)
00000000 00000273 0008 800022fc  x10:0011ff70 RA:0011ff70 x10=0011ff70   # lw      a0, 0(a0)
00000000 00000273 0002 800022fc  x10:0011ff70 RA:0011ff70 x10=0011ff70   # lw      a0, 0(a0)
00000000 00000271 0006 800022f4  x10:00000000 x4:0011e730 x10=0011e730   # add     a0, a0, tp
00000000 00000701 0000 800022f8  x10:0011ff60 RA:0011ff60 x10=0011ff70   # lw      a0, 0(a0)
00000000 00000702 0000 800022fc  x10:0011ff70 RA:0011ff70 x10=0011ff70   # lw      a0, 0(a0)
00000000 00000703 0000 80002300  x10:0011ff70 RA:0011ff78 x10=00000000   # lw      a0, 8(a0)
00000000 00000704 0000 80002304  x11=00000000                            # csrr    a1, mhartid
00000000 00000274 0004 80002300  x10:0011ff70 RA:0011ff78 x10=00000000   # lw      a0, 8(a0)
00000000 00000274 0007 80002300  x10:0011ff70 RA:0011ff78 x10=00000000   # lw      a0, 8(a0)
00000000 00000274 0008 80002300  x10:0011ff70 RA:0011ff78 x10=00000000   # lw      a0, 8(a0)
00000000 00000274 0002 80002300  x10:0011ff70 RA:0011ff78 x10=00000000   # lw      a0, 8(a0)
00000000 00000272 0006 800022f8  x10:0011e730 RA:0011e730 x10=0011ff70   # lw      a0, 0(a0)
00000000 00000266 0003 80002990  x2:0011f340 x10:00000000 WA:0011f340    # sw      a0, 0(sp)
00000000 00000269 0001 8000299c  x1:80002998 x1=800029a0                 # jalr    ra, ra, -1704
00000000 00000273 0005 800022fc  x10:0011ff70 RA:0011ff70 x10=0011ff70   # lw      a0, 0(a0)
00000000 00000705 0000 80002308  x11:00000000 x10:00000000 x10=00000000  # sub     a0, a1, a0
00000000 00000275 0004 80002304  x11=00000004                            # csrr    a1, mhartid
00000000 00000275 0007 80002304  x11=00000007                            # csrr    a1, mhartid
00000000 00000275 0008 80002304  x11=00000008                            # csrr    a1, mhartid
00000000 00000275 0002 80002304  x11=00000002                            # csrr    a1, mhartid
00000000 00000273 0006 800022fc  x10:0011ff70 RA:0011ff70 x10=0011ff70   # lw      a0, 0(a0)
00000000 00000267 0003 80002994  x2:0011f340 x1:80002768 WA:0011f344     # sw      ra, 4(sp)
00000000 00000270 0001 800022f0  x10=00000000                            # lui     a0, 0x0
00000000 00000274 0005 80002300  x10:0011ff70 RA:0011ff78 x10=00000000   # lw      a0, 8(a0)
00000000 00000706 0000 8000230c  x1:800029a0                             # ret
00000000 00000276 0004 80002308  x11:00000004 x10:00000000 x10=00000004  # sub     a0, a1, a0
00000000 00000276 0007 80002308  x11:00000007 x10:00000000 x10=00000007  # sub     a0, a1, a0
00000000 00000276 0008 80002308  x11:00000008 x10:00000000 x10=00000008  # sub     a0, a1, a0
00000000 00000276 0002 80002308  x11:00000002 x10:00000000 x10=00000002  # sub     a0, a1, a0
00000000 00000274 0006 80002300  x10:0011ff70 RA:0011ff78 x10=00000000   # lw      a0, 8(a0)
00000000 00000275 0006 80002304  x11=00000006                            # csrr    a1, mhartid
00000000 00000276 0006 80002308  x11:00000006 x10:00000000 x10=00000006  # sub     a0, a1, a0
00000000 00000277 0006 8000230c  x1:800029a0                             # ret
00000000 00000707 0000 800029a0  x2:0011ff58 RA:0011ff58 x5=00000000     # lw      t0, 0(sp)
00000000 00000277 0004 8000230c  x1:800029a0                             # ret
00000000 00000277 0007 8000230c  x1:800029a0                             # ret
00000000 00000277 0008 8000230c  x1:800029a0                             # ret
00000000 00000277 0002 8000230c  x1:800029a0                             # ret
00000000 00000268 0003 80002998  x1=80002998                             # auipc   ra, 0x0
00000000 00000271 0001 800022f4  x10:00000000 x4:0011fb58 x10=0011fb58   # add     a0, a0, tp
00000000 00000275 0005 80002304  x11=00000005                            # csrr    a1, mhartid
00000000 00000278 0006 800029a0  x2:0011e728 RA:0011e728 x5=00000000     # lw      t0, 0(sp)
00000000 00000708 0000 800029a4  x2:0011ff58 RA:0011ff5c x1=80002768     # lw      ra, 4(sp)
00000000 00000278 0004 800029a0  x2:0011ef38 RA:0011ef38 x5=00000000     # lw      t0, 0(sp)
00000000 00000278 0007 800029a0  x2:0011e320 RA:0011e320 x5=00000000     # lw      t0, 0(sp)
00000000 00000278 0008 800029a0  x2:0011df18 RA:0011df18 x5=00000000     # lw      t0, 0(sp)
00000000 00000278 0002 800029a0  x2:0011f748 RA:0011f748 x5=00000000     # lw      t0, 0(sp)
00000000 00000279 0002 800029a4  x2:0011f748 RA:0011f74c x1=80002768     # lw      ra, 4(sp)
00000000 00000280 0002 800029a8  x2:0011f748 x2=0011f750                 # addi    sp, sp, 8
00000000 00000281 0002 800029ac  x10:00000002                            # bnez    a0, pc + 24
00000000 00000279 0006 800029a4  x2:0011e728 RA:0011e72c x1=80002768     # lw      ra, 4(sp)
00000000 00000709 0000 800029a8  x2:0011ff58 x2=0011ff60                 # addi    sp, sp, 8
00000000 00000279 0004 800029a4  x2:0011ef38 RA:0011ef3c x1=80002768     # lw      ra, 4(sp)
00000000 00000279 0007 800029a4  x2:0011e320 RA:0011e324 x1=80002768     # lw      ra, 4(sp)
00000000 00000279 0008 800029a4  x2:0011df18 RA:0011df1c x1=80002768     # lw      ra, 4(sp)
00000000 00000269 0003 8000299c  x1:80002998 x1=800029a0                 # jalr    ra, ra, -1704
00000000 00000272 0001 800022f8  x10:0011fb58 RA:0011fb58 x10=0011ff70   # lw      a0, 0(a0)
00000000 00000276 0005 80002308  x11:00000005 x10:00000000 x10=00000005  # sub     a0, a1, a0
00000000 00000282 0002 800029c4  x1:80002768                             # ret
00000000 00000280 0006 800029a8  x2:0011e728 x2=0011e730                 # addi    sp, sp, 8
00000000 00000281 0006 800029ac  x10:00000006                            # bnez    a0, pc + 24
00000000 00000282 0006 800029c4  x1:80002768                             # ret
00000000 00000283 0006 80002768                                          # wfi
00000000 00000280 0008 800029a8  x2:0011df18 x2=0011df20                 # addi    sp, sp, 8
00000000 00000281 0008 800029ac  x10:00000008                            # bnez    a0, pc + 24
00000000 00000273 0001 800022fc  x10:0011ff70 RA:0011ff70 x10=0011ff70   # lw      a0, 0(a0)
00000000 00000277 0005 8000230c  x1:800029a0                             # ret
00000000 00000278 0005 800029a0  x2:0011eb30 RA:0011eb30 x5=00000000     # lw      t0, 0(sp)
00000000 00000710 0000 800029ac  x10:00000000                            # bnez    a0, pc + 24
00000000 00000280 0004 800029a8  x2:0011ef38 x2=0011ef40                 # addi    sp, sp, 8
00000000 00000280 0007 800029a8  x2:0011e320 x2=0011e328                 # addi    sp, sp, 8
00000000 00000270 0003 800022f0  x10=00000000                            # lui     a0, 0x0
00000000 00000282 0008 800029c4  x1:80002768                             # ret
00000000 00000274 0001 80002300  x10:0011ff70 RA:0011ff78 x10=00000000   # lw      a0, 8(a0)
00000000 00000283 0002 80002768                                          # wfi
00000000 00000279 0005 800029a4  x2:0011eb30 RA:0011eb34 x1=80002768     # lw      ra, 4(sp)
00000000 00000711 0000 800029b0  x5:00000000 x5=00000000                 # slli    t0, t0, 1
00000000 00000281 0004 800029ac  x10:00000004                            # bnez    a0, pc + 24
00000000 00000282 0004 800029c4  x1:80002768                             # ret
00000000 00000283 0004 80002768                                          # wfi
00000000 00000281 0007 800029ac  x10:00000007                            # bnez    a0, pc + 24
00000000 00000282 0007 800029c4  x1:80002768                             # ret
00000000 00000283 0007 80002768                                          # wfi
00000000 00000275 0001 80002304  x11=00000001                            # csrr    a1, mhartid
00000000 00000276 0001 80002308  x11:00000001 x10:00000000 x10=00000001  # sub     a0, a1, a0
00000000 00000277 0001 8000230c  x1:800029a0                             # ret
00000000 00000278 0001 800029a0  x2:0011fb50 RA:0011fb50 x5=00000000     # lw      t0, 0(sp)
00000000 00000279 0001 800029a4  x2:0011fb50 RA:0011fb54 x1=80002768     # lw      ra, 4(sp)
00000000 00000280 0001 800029a8  x2:0011fb50 x2=0011fb58                 # addi    sp, sp, 8
00000000 00000281 0001 800029ac  x10:00000001                            # bnez    a0, pc + 24
00000000 00000282 0001 800029c4  x1:80002768                             # ret
00000000 00000283 0001 80002768                                          # wfi
00000000 00000280 0005 800029a8  x2:0011eb30 x2=0011eb38                 # addi    sp, sp, 8
00000000 00000281 0005 800029ac  x10:00000005                            # bnez    a0, pc + 24
00000000 00000282 0005 800029c4  x1:80002768                             # ret
00000000 00000283 0005 80002768                                          # wfi
00000000 00000712 0000 800029b4  x5:00000000 x5=00000001                 # ori     t0, t0, 1
00000000 00000271 0003 800022f4  x10:00000000 x4:0011f348 x10=0011f348   # add     a0, a0, tp
00000000 00000272 0003 800022f8  x10:0011f348 RA:0011f348 x10=0011ff70   # lw      a0, 0(a0)
00000000 00000273 0003 800022fc  x10:0011ff70 RA:0011ff70 x10=0011ff70   # lw      a0, 0(a0)
00000000 00000274 0003 80002300  x10:0011ff70 RA:0011ff78 x10=00000000   # lw      a0, 8(a0)
00000000 00000275 0003 80002304  x11=00000003                            # csrr    a1, mhartid
00000000 00000276 0003 80002308  x11:00000003 x10:00000000 x10=00000003  # sub     a0, a1, a0
00000000 00000277 0003 8000230c  x1:800029a0                             # ret
00000000 00000278 0003 800029a0  x2:0011f340 RA:0011f340 x5=00000000     # lw      t0, 0(sp)
00000000 00000279 0003 800029a4  x2:0011f340 RA:0011f344 x1=80002768     # lw      ra, 4(sp)
00000000 00000280 0003 800029a8  x2:0011f340 x2=0011f348                 # addi    sp, sp, 8
00000000 00000281 0003 800029ac  x10:00000003                            # bnez    a0, pc + 24
00000000 00000282 0003 800029c4  x1:80002768                             # ret
00000000 00000283 0003 80002768                                          # wfi
00000000 00000283 0008 80002768                                          # wfi
00000000 00000713 0000 800029b8  x6=01fff9b8                             # auipc   t1, 0x81ffd
00000000 00000714 0000 800029bc  x6:01fff9b8 x6=02000014                 # addi    t1, t1, 1628
00000000 00000715 0000 800029c0  x6:02000014 x5:00000001 WA:02000014     # sw      t0, 0(t1)
00000000 00000716 0000 800029c4  x1:80002768                             # ret
00000000 00000717 0000 80002768                                          # wfi
